<?xml version="1.0" encoding="UTF-8"?>
<testsuite name="src.AnnouncerApiTests" tests="24" skipped="0" failures="8" errors="0" timestamp="2024-09-19T15:56:29" hostname="GFL-D9L1HG3" time="114.865">
  <properties/>
  <testcase name="test01_get_statisticsForAutoresponder()" classname="src.AnnouncerApiTests" time="2.998"/>
  <testcase name="test24_post_createNewList()" classname="src.AnnouncerApiTests" time="1.785"/>
  <testcase name="test02_get_savedAutoresponder()" classname="src.AnnouncerApiTests" time="2.025"/>
  <testcase name="test03_get_listIDsForAutoresponder()" classname="src.AnnouncerApiTests" time="1.791">
    <failure message="java.lang.AssertionError: 1 expectation failed.&#10;Expected status code &lt;200&gt; but was &lt;500&gt;.&#10;" type="java.lang.AssertionError">java.lang.AssertionError: 1 expectation failed.
Expected status code &lt;200&gt; but was &lt;500&gt;.

	at sun.reflect.NativeConstructorAccessorImpl.newInstance0(Native Method)
	at sun.reflect.NativeConstructorAccessorImpl.newInstance(NativeConstructorAccessorImpl.java:62)
	at sun.reflect.DelegatingConstructorAccessorImpl.newInstance(DelegatingConstructorAccessorImpl.java:45)
	at java.lang.reflect.Constructor.newInstance(Constructor.java:423)
	at org.codehaus.groovy.reflection.CachedConstructor.invoke(CachedConstructor.java:72)
	at org.codehaus.groovy.reflection.CachedConstructor.doConstructorInvoke(CachedConstructor.java:59)
	at org.codehaus.groovy.runtime.callsite.ConstructorSite$ConstructorSiteNoUnwrap.callConstructor(ConstructorSite.java:84)
	at org.codehaus.groovy.runtime.callsite.CallSiteArray.defaultCallConstructor(CallSiteArray.java:59)
	at org.codehaus.groovy.runtime.callsite.AbstractCallSite.callConstructor(AbstractCallSite.java:263)
	at org.codehaus.groovy.runtime.callsite.AbstractCallSite.callConstructor(AbstractCallSite.java:277)
	at io.restassured.internal.ResponseSpecificationImpl$HamcrestAssertionClosure.validate(ResponseSpecificationImpl.groovy:493)
	at io.restassured.internal.ResponseSpecificationImpl$HamcrestAssertionClosure$validate$1.call(Unknown Source)
	at io.restassured.internal.ResponseSpecificationImpl.validateResponseIfRequired(ResponseSpecificationImpl.groovy:674)
	at sun.reflect.NativeMethodAccessorImpl.invoke0(Native Method)
	at sun.reflect.NativeMethodAccessorImpl.invoke(NativeMethodAccessorImpl.java:62)
	at sun.reflect.DelegatingMethodAccessorImpl.invoke(DelegatingMethodAccessorImpl.java:43)
	at java.lang.reflect.Method.invoke(Method.java:498)
	at org.codehaus.groovy.runtime.callsite.PlainObjectMetaMethodSite.doInvoke(PlainObjectMetaMethodSite.java:43)
	at org.codehaus.groovy.runtime.callsite.PogoMetaMethodSite$PogoCachedMethodSiteNoUnwrapNoCoerce.invoke(PogoMetaMethodSite.java:193)
	at org.codehaus.groovy.runtime.callsite.PogoMetaMethodSite.callCurrent(PogoMetaMethodSite.java:61)
	at org.codehaus.groovy.runtime.callsite.AbstractCallSite.callCurrent(AbstractCallSite.java:185)
	at io.restassured.internal.ResponseSpecificationImpl.statusCode(ResponseSpecificationImpl.groovy:126)
	at io.restassured.specification.ResponseSpecification$statusCode$0.callCurrent(Unknown Source)
	at io.restassured.internal.ResponseSpecificationImpl.statusCode(ResponseSpecificationImpl.groovy:134)
	at io.restassured.internal.ValidatableResponseOptionsImpl.statusCode(ValidatableResponseOptionsImpl.java:89)
	at io.restassured.internal.ValidatableResponseImpl.super$2$statusCode(ValidatableResponseImpl.groovy)
	at sun.reflect.NativeMethodAccessorImpl.invoke0(Native Method)
	at sun.reflect.NativeMethodAccessorImpl.invoke(NativeMethodAccessorImpl.java:62)
	at sun.reflect.DelegatingMethodAccessorImpl.invoke(DelegatingMethodAccessorImpl.java:43)
	at java.lang.reflect.Method.invoke(Method.java:498)
	at org.codehaus.groovy.reflection.CachedMethod.invoke(CachedMethod.java:107)
	at groovy.lang.MetaMethod.doMethodInvoke(MetaMethod.java:323)
	at groovy.lang.MetaClassImpl.invokeMethod(MetaClassImpl.java:1268)
	at org.codehaus.groovy.runtime.ScriptBytecodeAdapter.invokeMethodOnSuperN(ScriptBytecodeAdapter.java:144)
	at io.restassured.internal.ValidatableResponseImpl.statusCode(ValidatableResponseImpl.groovy:142)
	at io.restassured.internal.ValidatableResponseImpl.statusCode(ValidatableResponseImpl.groovy)
	at src.AnnouncerApiTests.test03_get_listIDsForAutoresponder(AnnouncerApiTests.java:101)
	at sun.reflect.NativeMethodAccessorImpl.invoke0(Native Method)
	at sun.reflect.NativeMethodAccessorImpl.invoke(NativeMethodAccessorImpl.java:62)
	at sun.reflect.DelegatingMethodAccessorImpl.invoke(DelegatingMethodAccessorImpl.java:43)
	at java.lang.reflect.Method.invoke(Method.java:498)
	at org.junit.platform.commons.util.ReflectionUtils.invokeMethod(ReflectionUtils.java:688)
	at org.junit.jupiter.engine.execution.MethodInvocation.proceed(MethodInvocation.java:60)
	at org.junit.jupiter.engine.execution.InvocationInterceptorChain$ValidatingInvocation.proceed(InvocationInterceptorChain.java:131)
	at org.junit.jupiter.engine.extension.TimeoutExtension.intercept(TimeoutExtension.java:149)
	at org.junit.jupiter.engine.extension.TimeoutExtension.interceptTestableMethod(TimeoutExtension.java:140)
	at org.junit.jupiter.engine.extension.TimeoutExtension.interceptTestMethod(TimeoutExtension.java:84)
	at org.junit.jupiter.engine.execution.ExecutableInvoker$ReflectiveInterceptorCall.lambda$ofVoidMethod$0(ExecutableInvoker.java:115)
	at org.junit.jupiter.engine.execution.ExecutableInvoker.lambda$invoke$0(ExecutableInvoker.java:105)
	at org.junit.jupiter.engine.execution.InvocationInterceptorChain$InterceptedInvocation.proceed(InvocationInterceptorChain.java:106)
	at org.junit.jupiter.engine.execution.InvocationInterceptorChain.proceed(InvocationInterceptorChain.java:64)
	at org.junit.jupiter.engine.execution.InvocationInterceptorChain.chainAndInvoke(InvocationInterceptorChain.java:45)
	at org.junit.jupiter.engine.execution.InvocationInterceptorChain.invoke(InvocationInterceptorChain.java:37)
	at org.junit.jupiter.engine.execution.ExecutableInvoker.invoke(ExecutableInvoker.java:104)
	at org.junit.jupiter.engine.execution.ExecutableInvoker.invoke(ExecutableInvoker.java:98)
	at org.junit.jupiter.engine.descriptor.TestMethodTestDescriptor.lambda$invokeTestMethod$6(TestMethodTestDescriptor.java:210)
	at org.junit.platform.engine.support.hierarchical.ThrowableCollector.execute(ThrowableCollector.java:73)
	at org.junit.jupiter.engine.descriptor.TestMethodTestDescriptor.invokeTestMethod(TestMethodTestDescriptor.java:206)
	at org.junit.jupiter.engine.descriptor.TestMethodTestDescriptor.execute(TestMethodTestDescriptor.java:131)
	at org.junit.jupiter.engine.descriptor.TestMethodTestDescriptor.execute(TestMethodTestDescriptor.java:65)
	at org.junit.platform.engine.support.hierarchical.NodeTestTask.lambda$executeRecursively$5(NodeTestTask.java:139)
	at org.junit.platform.engine.support.hierarchical.ThrowableCollector.execute(ThrowableCollector.java:73)
	at org.junit.platform.engine.support.hierarchical.NodeTestTask.lambda$executeRecursively$7(NodeTestTask.java:129)
	at org.junit.platform.engine.support.hierarchical.Node.around(Node.java:137)
	at org.junit.platform.engine.support.hierarchical.NodeTestTask.lambda$executeRecursively$8(NodeTestTask.java:127)
	at org.junit.platform.engine.support.hierarchical.ThrowableCollector.execute(ThrowableCollector.java:73)
	at org.junit.platform.engine.support.hierarchical.NodeTestTask.executeRecursively(NodeTestTask.java:126)
	at org.junit.platform.engine.support.hierarchical.NodeTestTask.execute(NodeTestTask.java:84)
	at java.util.ArrayList.forEach(ArrayList.java:1259)
	at org.junit.platform.engine.support.hierarchical.SameThreadHierarchicalTestExecutorService.invokeAll(SameThreadHierarchicalTestExecutorService.java:38)
	at org.junit.platform.engine.support.hierarchical.NodeTestTask.lambda$executeRecursively$5(NodeTestTask.java:143)
	at org.junit.platform.engine.support.hierarchical.ThrowableCollector.execute(ThrowableCollector.java:73)
	at org.junit.platform.engine.support.hierarchical.NodeTestTask.lambda$executeRecursively$7(NodeTestTask.java:129)
	at org.junit.platform.engine.support.hierarchical.Node.around(Node.java:137)
	at org.junit.platform.engine.support.hierarchical.NodeTestTask.lambda$executeRecursively$8(NodeTestTask.java:127)
	at org.junit.platform.engine.support.hierarchical.ThrowableCollector.execute(ThrowableCollector.java:73)
	at org.junit.platform.engine.support.hierarchical.NodeTestTask.executeRecursively(NodeTestTask.java:126)
	at org.junit.platform.engine.support.hierarchical.NodeTestTask.execute(NodeTestTask.java:84)
	at java.util.ArrayList.forEach(ArrayList.java:1259)
	at org.junit.platform.engine.support.hierarchical.SameThreadHierarchicalTestExecutorService.invokeAll(SameThreadHierarchicalTestExecutorService.java:38)
	at org.junit.platform.engine.support.hierarchical.NodeTestTask.lambda$executeRecursively$5(NodeTestTask.java:143)
	at org.junit.platform.engine.support.hierarchical.ThrowableCollector.execute(ThrowableCollector.java:73)
	at org.junit.platform.engine.support.hierarchical.NodeTestTask.lambda$executeRecursively$7(NodeTestTask.java:129)
	at org.junit.platform.engine.support.hierarchical.Node.around(Node.java:137)
	at org.junit.platform.engine.support.hierarchical.NodeTestTask.lambda$executeRecursively$8(NodeTestTask.java:127)
	at org.junit.platform.engine.support.hierarchical.ThrowableCollector.execute(ThrowableCollector.java:73)
	at org.junit.platform.engine.support.hierarchical.NodeTestTask.executeRecursively(NodeTestTask.java:126)
	at org.junit.platform.engine.support.hierarchical.NodeTestTask.execute(NodeTestTask.java:84)
	at org.junit.platform.engine.support.hierarchical.SameThreadHierarchicalTestExecutorService.submit(SameThreadHierarchicalTestExecutorService.java:32)
	at org.junit.platform.engine.support.hierarchical.HierarchicalTestExecutor.execute(HierarchicalTestExecutor.java:57)
	at org.junit.platform.engine.support.hierarchical.HierarchicalTestEngine.execute(HierarchicalTestEngine.java:51)
	at org.junit.platform.launcher.core.EngineExecutionOrchestrator.execute(EngineExecutionOrchestrator.java:108)
	at org.junit.platform.launcher.core.EngineExecutionOrchestrator.execute(EngineExecutionOrchestrator.java:88)
	at org.junit.platform.launcher.core.EngineExecutionOrchestrator.lambda$execute$0(EngineExecutionOrchestrator.java:54)
	at org.junit.platform.launcher.core.EngineExecutionOrchestrator.withInterceptedStreams(EngineExecutionOrchestrator.java:67)
	at org.junit.platform.launcher.core.EngineExecutionOrchestrator.execute(EngineExecutionOrchestrator.java:52)
	at org.junit.platform.launcher.core.DefaultLauncher.execute(DefaultLauncher.java:96)
	at org.junit.platform.launcher.core.DefaultLauncher.execute(DefaultLauncher.java:75)
	at org.gradle.api.internal.tasks.testing.junitplatform.JUnitPlatformTestClassProcessor$CollectAllTestClassesExecutor.processAllTestClasses(JUnitPlatformTestClassProcessor.java:99)
	at org.gradle.api.internal.tasks.testing.junitplatform.JUnitPlatformTestClassProcessor$CollectAllTestClassesExecutor.access$000(JUnitPlatformTestClassProcessor.java:79)
	at org.gradle.api.internal.tasks.testing.junitplatform.JUnitPlatformTestClassProcessor.stop(JUnitPlatformTestClassProcessor.java:75)
	at org.gradle.api.internal.tasks.testing.SuiteTestClassProcessor.stop(SuiteTestClassProcessor.java:61)
	at sun.reflect.NativeMethodAccessorImpl.invoke0(Native Method)
	at sun.reflect.NativeMethodAccessorImpl.invoke(NativeMethodAccessorImpl.java:62)
	at sun.reflect.DelegatingMethodAccessorImpl.invoke(DelegatingMethodAccessorImpl.java:43)
	at java.lang.reflect.Method.invoke(Method.java:498)
	at org.gradle.internal.dispatch.ReflectionDispatch.dispatch(ReflectionDispatch.java:36)
	at org.gradle.internal.dispatch.ReflectionDispatch.dispatch(ReflectionDispatch.java:24)
	at org.gradle.internal.dispatch.ContextClassLoaderDispatch.dispatch(ContextClassLoaderDispatch.java:33)
	at org.gradle.internal.dispatch.ProxyDispatchAdapter$DispatchingInvocationHandler.invoke(ProxyDispatchAdapter.java:94)
	at com.sun.proxy.$Proxy2.stop(Unknown Source)
	at org.gradle.api.internal.tasks.testing.worker.TestWorker.stop(TestWorker.java:135)
	at sun.reflect.NativeMethodAccessorImpl.invoke0(Native Method)
	at sun.reflect.NativeMethodAccessorImpl.invoke(NativeMethodAccessorImpl.java:62)
	at sun.reflect.DelegatingMethodAccessorImpl.invoke(DelegatingMethodAccessorImpl.java:43)
	at java.lang.reflect.Method.invoke(Method.java:498)
	at org.gradle.internal.dispatch.ReflectionDispatch.dispatch(ReflectionDispatch.java:36)
	at org.gradle.internal.dispatch.ReflectionDispatch.dispatch(ReflectionDispatch.java:24)
	at org.gradle.internal.remote.internal.hub.MessageHubBackedObjectConnection$DispatchWrapper.dispatch(MessageHubBackedObjectConnection.java:182)
	at org.gradle.internal.remote.internal.hub.MessageHubBackedObjectConnection$DispatchWrapper.dispatch(MessageHubBackedObjectConnection.java:164)
	at org.gradle.internal.remote.internal.hub.MessageHub$Handler.run(MessageHub.java:414)
	at org.gradle.internal.concurrent.ExecutorPolicy$CatchAndRecordFailures.onExecute(ExecutorPolicy.java:64)
	at org.gradle.internal.concurrent.ManagedExecutorImpl$1.run(ManagedExecutorImpl.java:48)
	at java.util.concurrent.ThreadPoolExecutor.runWorker(ThreadPoolExecutor.java:1149)
	at java.util.concurrent.ThreadPoolExecutor$Worker.run(ThreadPoolExecutor.java:624)
	at org.gradle.internal.concurrent.ThreadFactoryImpl$ManagedThreadRunnable.run(ThreadFactoryImpl.java:56)
	at java.lang.Thread.run(Thread.java:748)
</failure>
  </testcase>
  <testcase name="test04_get_listOfSavedAutoresponders()" classname="src.AnnouncerApiTests" time="1.813"/>
  <testcase name="test05_get_listOfSavedAutoresponders()" classname="src.AnnouncerApiTests" time="1.777"/>
  <testcase name="test06_post_addContact()" classname="src.AnnouncerApiTests" time="2.276">
    <failure message="io.restassured.path.json.exception.JsonPathException: Failed to parse the JSON document" type="io.restassured.path.json.exception.JsonPathException">io.restassured.path.json.exception.JsonPathException: Failed to parse the JSON document
	at io.restassured.path.json.JsonPath$ExceptionCatcher.invoke(JsonPath.java:1002)
	at io.restassured.path.json.JsonPath$4.doParseWith(JsonPath.java:967)
	at io.restassured.path.json.JsonPath$JsonParser.parseWith(JsonPath.java:1047)
	at io.restassured.path.json.JsonPath.get(JsonPath.java:202)
	at io.restassured.path.json.JsonPath.getString(JsonPath.java:352)
	at src.AnnouncerApiTests.addContact(AnnouncerApiTests.java:189)
	at src.AnnouncerApiTests.test06_post_addContact(AnnouncerApiTests.java:205)
	at sun.reflect.NativeMethodAccessorImpl.invoke0(Native Method)
	at sun.reflect.NativeMethodAccessorImpl.invoke(NativeMethodAccessorImpl.java:62)
	at sun.reflect.DelegatingMethodAccessorImpl.invoke(DelegatingMethodAccessorImpl.java:43)
	at java.lang.reflect.Method.invoke(Method.java:498)
	at org.junit.platform.commons.util.ReflectionUtils.invokeMethod(ReflectionUtils.java:688)
	at org.junit.jupiter.engine.execution.MethodInvocation.proceed(MethodInvocation.java:60)
	at org.junit.jupiter.engine.execution.InvocationInterceptorChain$ValidatingInvocation.proceed(InvocationInterceptorChain.java:131)
	at org.junit.jupiter.engine.extension.TimeoutExtension.intercept(TimeoutExtension.java:149)
	at org.junit.jupiter.engine.extension.TimeoutExtension.interceptTestableMethod(TimeoutExtension.java:140)
	at org.junit.jupiter.engine.extension.TimeoutExtension.interceptTestMethod(TimeoutExtension.java:84)
	at org.junit.jupiter.engine.execution.ExecutableInvoker$ReflectiveInterceptorCall.lambda$ofVoidMethod$0(ExecutableInvoker.java:115)
	at org.junit.jupiter.engine.execution.ExecutableInvoker.lambda$invoke$0(ExecutableInvoker.java:105)
	at org.junit.jupiter.engine.execution.InvocationInterceptorChain$InterceptedInvocation.proceed(InvocationInterceptorChain.java:106)
	at org.junit.jupiter.engine.execution.InvocationInterceptorChain.proceed(InvocationInterceptorChain.java:64)
	at org.junit.jupiter.engine.execution.InvocationInterceptorChain.chainAndInvoke(InvocationInterceptorChain.java:45)
	at org.junit.jupiter.engine.execution.InvocationInterceptorChain.invoke(InvocationInterceptorChain.java:37)
	at org.junit.jupiter.engine.execution.ExecutableInvoker.invoke(ExecutableInvoker.java:104)
	at org.junit.jupiter.engine.execution.ExecutableInvoker.invoke(ExecutableInvoker.java:98)
	at org.junit.jupiter.engine.descriptor.TestMethodTestDescriptor.lambda$invokeTestMethod$6(TestMethodTestDescriptor.java:210)
	at org.junit.platform.engine.support.hierarchical.ThrowableCollector.execute(ThrowableCollector.java:73)
	at org.junit.jupiter.engine.descriptor.TestMethodTestDescriptor.invokeTestMethod(TestMethodTestDescriptor.java:206)
	at org.junit.jupiter.engine.descriptor.TestMethodTestDescriptor.execute(TestMethodTestDescriptor.java:131)
	at org.junit.jupiter.engine.descriptor.TestMethodTestDescriptor.execute(TestMethodTestDescriptor.java:65)
	at org.junit.platform.engine.support.hierarchical.NodeTestTask.lambda$executeRecursively$5(NodeTestTask.java:139)
	at org.junit.platform.engine.support.hierarchical.ThrowableCollector.execute(ThrowableCollector.java:73)
	at org.junit.platform.engine.support.hierarchical.NodeTestTask.lambda$executeRecursively$7(NodeTestTask.java:129)
	at org.junit.platform.engine.support.hierarchical.Node.around(Node.java:137)
	at org.junit.platform.engine.support.hierarchical.NodeTestTask.lambda$executeRecursively$8(NodeTestTask.java:127)
	at org.junit.platform.engine.support.hierarchical.ThrowableCollector.execute(ThrowableCollector.java:73)
	at org.junit.platform.engine.support.hierarchical.NodeTestTask.executeRecursively(NodeTestTask.java:126)
	at org.junit.platform.engine.support.hierarchical.NodeTestTask.execute(NodeTestTask.java:84)
	at java.util.ArrayList.forEach(ArrayList.java:1259)
	at org.junit.platform.engine.support.hierarchical.SameThreadHierarchicalTestExecutorService.invokeAll(SameThreadHierarchicalTestExecutorService.java:38)
	at org.junit.platform.engine.support.hierarchical.NodeTestTask.lambda$executeRecursively$5(NodeTestTask.java:143)
	at org.junit.platform.engine.support.hierarchical.ThrowableCollector.execute(ThrowableCollector.java:73)
	at org.junit.platform.engine.support.hierarchical.NodeTestTask.lambda$executeRecursively$7(NodeTestTask.java:129)
	at org.junit.platform.engine.support.hierarchical.Node.around(Node.java:137)
	at org.junit.platform.engine.support.hierarchical.NodeTestTask.lambda$executeRecursively$8(NodeTestTask.java:127)
	at org.junit.platform.engine.support.hierarchical.ThrowableCollector.execute(ThrowableCollector.java:73)
	at org.junit.platform.engine.support.hierarchical.NodeTestTask.executeRecursively(NodeTestTask.java:126)
	at org.junit.platform.engine.support.hierarchical.NodeTestTask.execute(NodeTestTask.java:84)
	at java.util.ArrayList.forEach(ArrayList.java:1259)
	at org.junit.platform.engine.support.hierarchical.SameThreadHierarchicalTestExecutorService.invokeAll(SameThreadHierarchicalTestExecutorService.java:38)
	at org.junit.platform.engine.support.hierarchical.NodeTestTask.lambda$executeRecursively$5(NodeTestTask.java:143)
	at org.junit.platform.engine.support.hierarchical.ThrowableCollector.execute(ThrowableCollector.java:73)
	at org.junit.platform.engine.support.hierarchical.NodeTestTask.lambda$executeRecursively$7(NodeTestTask.java:129)
	at org.junit.platform.engine.support.hierarchical.Node.around(Node.java:137)
	at org.junit.platform.engine.support.hierarchical.NodeTestTask.lambda$executeRecursively$8(NodeTestTask.java:127)
	at org.junit.platform.engine.support.hierarchical.ThrowableCollector.execute(ThrowableCollector.java:73)
	at org.junit.platform.engine.support.hierarchical.NodeTestTask.executeRecursively(NodeTestTask.java:126)
	at org.junit.platform.engine.support.hierarchical.NodeTestTask.execute(NodeTestTask.java:84)
	at org.junit.platform.engine.support.hierarchical.SameThreadHierarchicalTestExecutorService.submit(SameThreadHierarchicalTestExecutorService.java:32)
	at org.junit.platform.engine.support.hierarchical.HierarchicalTestExecutor.execute(HierarchicalTestExecutor.java:57)
	at org.junit.platform.engine.support.hierarchical.HierarchicalTestEngine.execute(HierarchicalTestEngine.java:51)
	at org.junit.platform.launcher.core.EngineExecutionOrchestrator.execute(EngineExecutionOrchestrator.java:108)
	at org.junit.platform.launcher.core.EngineExecutionOrchestrator.execute(EngineExecutionOrchestrator.java:88)
	at org.junit.platform.launcher.core.EngineExecutionOrchestrator.lambda$execute$0(EngineExecutionOrchestrator.java:54)
	at org.junit.platform.launcher.core.EngineExecutionOrchestrator.withInterceptedStreams(EngineExecutionOrchestrator.java:67)
	at org.junit.platform.launcher.core.EngineExecutionOrchestrator.execute(EngineExecutionOrchestrator.java:52)
	at org.junit.platform.launcher.core.DefaultLauncher.execute(DefaultLauncher.java:96)
	at org.junit.platform.launcher.core.DefaultLauncher.execute(DefaultLauncher.java:75)
	at org.gradle.api.internal.tasks.testing.junitplatform.JUnitPlatformTestClassProcessor$CollectAllTestClassesExecutor.processAllTestClasses(JUnitPlatformTestClassProcessor.java:99)
	at org.gradle.api.internal.tasks.testing.junitplatform.JUnitPlatformTestClassProcessor$CollectAllTestClassesExecutor.access$000(JUnitPlatformTestClassProcessor.java:79)
	at org.gradle.api.internal.tasks.testing.junitplatform.JUnitPlatformTestClassProcessor.stop(JUnitPlatformTestClassProcessor.java:75)
	at org.gradle.api.internal.tasks.testing.SuiteTestClassProcessor.stop(SuiteTestClassProcessor.java:61)
	at sun.reflect.NativeMethodAccessorImpl.invoke0(Native Method)
	at sun.reflect.NativeMethodAccessorImpl.invoke(NativeMethodAccessorImpl.java:62)
	at sun.reflect.DelegatingMethodAccessorImpl.invoke(DelegatingMethodAccessorImpl.java:43)
	at java.lang.reflect.Method.invoke(Method.java:498)
	at org.gradle.internal.dispatch.ReflectionDispatch.dispatch(ReflectionDispatch.java:36)
	at org.gradle.internal.dispatch.ReflectionDispatch.dispatch(ReflectionDispatch.java:24)
	at org.gradle.internal.dispatch.ContextClassLoaderDispatch.dispatch(ContextClassLoaderDispatch.java:33)
	at org.gradle.internal.dispatch.ProxyDispatchAdapter$DispatchingInvocationHandler.invoke(ProxyDispatchAdapter.java:94)
	at com.sun.proxy.$Proxy2.stop(Unknown Source)
	at org.gradle.api.internal.tasks.testing.worker.TestWorker.stop(TestWorker.java:135)
	at sun.reflect.NativeMethodAccessorImpl.invoke0(Native Method)
	at sun.reflect.NativeMethodAccessorImpl.invoke(NativeMethodAccessorImpl.java:62)
	at sun.reflect.DelegatingMethodAccessorImpl.invoke(DelegatingMethodAccessorImpl.java:43)
	at java.lang.reflect.Method.invoke(Method.java:498)
	at org.gradle.internal.dispatch.ReflectionDispatch.dispatch(ReflectionDispatch.java:36)
	at org.gradle.internal.dispatch.ReflectionDispatch.dispatch(ReflectionDispatch.java:24)
	at org.gradle.internal.remote.internal.hub.MessageHubBackedObjectConnection$DispatchWrapper.dispatch(MessageHubBackedObjectConnection.java:182)
	at org.gradle.internal.remote.internal.hub.MessageHubBackedObjectConnection$DispatchWrapper.dispatch(MessageHubBackedObjectConnection.java:164)
	at org.gradle.internal.remote.internal.hub.MessageHub$Handler.run(MessageHub.java:414)
	at org.gradle.internal.concurrent.ExecutorPolicy$CatchAndRecordFailures.onExecute(ExecutorPolicy.java:64)
	at org.gradle.internal.concurrent.ManagedExecutorImpl$1.run(ManagedExecutorImpl.java:48)
	at java.util.concurrent.ThreadPoolExecutor.runWorker(ThreadPoolExecutor.java:1149)
	at java.util.concurrent.ThreadPoolExecutor$Worker.run(ThreadPoolExecutor.java:624)
	at org.gradle.internal.concurrent.ThreadFactoryImpl$ManagedThreadRunnable.run(ThreadFactoryImpl.java:56)
	at java.lang.Thread.run(Thread.java:748)
Caused by: java.lang.IllegalArgumentException: The JSON input text should neither be null nor empty.
	at sun.reflect.NativeConstructorAccessorImpl.newInstance0(Native Method)
	at sun.reflect.NativeConstructorAccessorImpl.newInstance(NativeConstructorAccessorImpl.java:62)
	at sun.reflect.DelegatingConstructorAccessorImpl.newInstance(DelegatingConstructorAccessorImpl.java:45)
	at java.lang.reflect.Constructor.newInstance(Constructor.java:423)
	at org.codehaus.groovy.reflection.CachedConstructor.invoke(CachedConstructor.java:72)
	at org.codehaus.groovy.runtime.callsite.ConstructorSite$ConstructorSiteNoUnwrapNoCoerce.callConstructor(ConstructorSite.java:105)
	at org.codehaus.groovy.runtime.callsite.CallSiteArray.defaultCallConstructor(CallSiteArray.java:59)
	at org.codehaus.groovy.runtime.callsite.AbstractCallSite.callConstructor(AbstractCallSite.java:263)
	at org.codehaus.groovy.runtime.callsite.AbstractCallSite.callConstructor(AbstractCallSite.java:277)
	at io.restassured.internal.path.json.ConfigurableJsonSlurper.parseText(ConfigurableJsonSlurper.groovy:80)
	at io.restassured.path.json.JsonPath$4$1.method(JsonPath.java:965)
	at io.restassured.path.json.JsonPath$ExceptionCatcher.invoke(JsonPath.java:1000)
	... 96 more
</failure>
  </testcase>
  <testcase name="test07_get_contactInformation()" classname="src.AnnouncerApiTests" time="0.002">
    <failure message="org.opentest4j.AssertionFailedError: ContactId should not be null ==&gt; expected: not &lt;null&gt;" type="org.opentest4j.AssertionFailedError">org.opentest4j.AssertionFailedError: ContactId should not be null ==&gt; expected: not &lt;null&gt;
	at org.junit.jupiter.api.AssertionUtils.fail(AssertionUtils.java:39)
	at org.junit.jupiter.api.Assertions.fail(Assertions.java:117)
	at org.junit.jupiter.api.AssertNotNull.failNull(AssertNotNull.java:47)
	at org.junit.jupiter.api.AssertNotNull.assertNotNull(AssertNotNull.java:36)
	at org.junit.jupiter.api.Assertions.assertNotNull(Assertions.java:291)
	at src.AnnouncerApiTests.test07_get_contactInformation(AnnouncerApiTests.java:216)
	at sun.reflect.NativeMethodAccessorImpl.invoke0(Native Method)
	at sun.reflect.NativeMethodAccessorImpl.invoke(NativeMethodAccessorImpl.java:62)
	at sun.reflect.DelegatingMethodAccessorImpl.invoke(DelegatingMethodAccessorImpl.java:43)
	at java.lang.reflect.Method.invoke(Method.java:498)
	at org.junit.platform.commons.util.ReflectionUtils.invokeMethod(ReflectionUtils.java:688)
	at org.junit.jupiter.engine.execution.MethodInvocation.proceed(MethodInvocation.java:60)
	at org.junit.jupiter.engine.execution.InvocationInterceptorChain$ValidatingInvocation.proceed(InvocationInterceptorChain.java:131)
	at org.junit.jupiter.engine.extension.TimeoutExtension.intercept(TimeoutExtension.java:149)
	at org.junit.jupiter.engine.extension.TimeoutExtension.interceptTestableMethod(TimeoutExtension.java:140)
	at org.junit.jupiter.engine.extension.TimeoutExtension.interceptTestMethod(TimeoutExtension.java:84)
	at org.junit.jupiter.engine.execution.ExecutableInvoker$ReflectiveInterceptorCall.lambda$ofVoidMethod$0(ExecutableInvoker.java:115)
	at org.junit.jupiter.engine.execution.ExecutableInvoker.lambda$invoke$0(ExecutableInvoker.java:105)
	at org.junit.jupiter.engine.execution.InvocationInterceptorChain$InterceptedInvocation.proceed(InvocationInterceptorChain.java:106)
	at org.junit.jupiter.engine.execution.InvocationInterceptorChain.proceed(InvocationInterceptorChain.java:64)
	at org.junit.jupiter.engine.execution.InvocationInterceptorChain.chainAndInvoke(InvocationInterceptorChain.java:45)
	at org.junit.jupiter.engine.execution.InvocationInterceptorChain.invoke(InvocationInterceptorChain.java:37)
	at org.junit.jupiter.engine.execution.ExecutableInvoker.invoke(ExecutableInvoker.java:104)
	at org.junit.jupiter.engine.execution.ExecutableInvoker.invoke(ExecutableInvoker.java:98)
	at org.junit.jupiter.engine.descriptor.TestMethodTestDescriptor.lambda$invokeTestMethod$6(TestMethodTestDescriptor.java:210)
	at org.junit.platform.engine.support.hierarchical.ThrowableCollector.execute(ThrowableCollector.java:73)
	at org.junit.jupiter.engine.descriptor.TestMethodTestDescriptor.invokeTestMethod(TestMethodTestDescriptor.java:206)
	at org.junit.jupiter.engine.descriptor.TestMethodTestDescriptor.execute(TestMethodTestDescriptor.java:131)
	at org.junit.jupiter.engine.descriptor.TestMethodTestDescriptor.execute(TestMethodTestDescriptor.java:65)
	at org.junit.platform.engine.support.hierarchical.NodeTestTask.lambda$executeRecursively$5(NodeTestTask.java:139)
	at org.junit.platform.engine.support.hierarchical.ThrowableCollector.execute(ThrowableCollector.java:73)
	at org.junit.platform.engine.support.hierarchical.NodeTestTask.lambda$executeRecursively$7(NodeTestTask.java:129)
	at org.junit.platform.engine.support.hierarchical.Node.around(Node.java:137)
	at org.junit.platform.engine.support.hierarchical.NodeTestTask.lambda$executeRecursively$8(NodeTestTask.java:127)
	at org.junit.platform.engine.support.hierarchical.ThrowableCollector.execute(ThrowableCollector.java:73)
	at org.junit.platform.engine.support.hierarchical.NodeTestTask.executeRecursively(NodeTestTask.java:126)
	at org.junit.platform.engine.support.hierarchical.NodeTestTask.execute(NodeTestTask.java:84)
	at java.util.ArrayList.forEach(ArrayList.java:1259)
	at org.junit.platform.engine.support.hierarchical.SameThreadHierarchicalTestExecutorService.invokeAll(SameThreadHierarchicalTestExecutorService.java:38)
	at org.junit.platform.engine.support.hierarchical.NodeTestTask.lambda$executeRecursively$5(NodeTestTask.java:143)
	at org.junit.platform.engine.support.hierarchical.ThrowableCollector.execute(ThrowableCollector.java:73)
	at org.junit.platform.engine.support.hierarchical.NodeTestTask.lambda$executeRecursively$7(NodeTestTask.java:129)
	at org.junit.platform.engine.support.hierarchical.Node.around(Node.java:137)
	at org.junit.platform.engine.support.hierarchical.NodeTestTask.lambda$executeRecursively$8(NodeTestTask.java:127)
	at org.junit.platform.engine.support.hierarchical.ThrowableCollector.execute(ThrowableCollector.java:73)
	at org.junit.platform.engine.support.hierarchical.NodeTestTask.executeRecursively(NodeTestTask.java:126)
	at org.junit.platform.engine.support.hierarchical.NodeTestTask.execute(NodeTestTask.java:84)
	at java.util.ArrayList.forEach(ArrayList.java:1259)
	at org.junit.platform.engine.support.hierarchical.SameThreadHierarchicalTestExecutorService.invokeAll(SameThreadHierarchicalTestExecutorService.java:38)
	at org.junit.platform.engine.support.hierarchical.NodeTestTask.lambda$executeRecursively$5(NodeTestTask.java:143)
	at org.junit.platform.engine.support.hierarchical.ThrowableCollector.execute(ThrowableCollector.java:73)
	at org.junit.platform.engine.support.hierarchical.NodeTestTask.lambda$executeRecursively$7(NodeTestTask.java:129)
	at org.junit.platform.engine.support.hierarchical.Node.around(Node.java:137)
	at org.junit.platform.engine.support.hierarchical.NodeTestTask.lambda$executeRecursively$8(NodeTestTask.java:127)
	at org.junit.platform.engine.support.hierarchical.ThrowableCollector.execute(ThrowableCollector.java:73)
	at org.junit.platform.engine.support.hierarchical.NodeTestTask.executeRecursively(NodeTestTask.java:126)
	at org.junit.platform.engine.support.hierarchical.NodeTestTask.execute(NodeTestTask.java:84)
	at org.junit.platform.engine.support.hierarchical.SameThreadHierarchicalTestExecutorService.submit(SameThreadHierarchicalTestExecutorService.java:32)
	at org.junit.platform.engine.support.hierarchical.HierarchicalTestExecutor.execute(HierarchicalTestExecutor.java:57)
	at org.junit.platform.engine.support.hierarchical.HierarchicalTestEngine.execute(HierarchicalTestEngine.java:51)
	at org.junit.platform.launcher.core.EngineExecutionOrchestrator.execute(EngineExecutionOrchestrator.java:108)
	at org.junit.platform.launcher.core.EngineExecutionOrchestrator.execute(EngineExecutionOrchestrator.java:88)
	at org.junit.platform.launcher.core.EngineExecutionOrchestrator.lambda$execute$0(EngineExecutionOrchestrator.java:54)
	at org.junit.platform.launcher.core.EngineExecutionOrchestrator.withInterceptedStreams(EngineExecutionOrchestrator.java:67)
	at org.junit.platform.launcher.core.EngineExecutionOrchestrator.execute(EngineExecutionOrchestrator.java:52)
	at org.junit.platform.launcher.core.DefaultLauncher.execute(DefaultLauncher.java:96)
	at org.junit.platform.launcher.core.DefaultLauncher.execute(DefaultLauncher.java:75)
	at org.gradle.api.internal.tasks.testing.junitplatform.JUnitPlatformTestClassProcessor$CollectAllTestClassesExecutor.processAllTestClasses(JUnitPlatformTestClassProcessor.java:99)
	at org.gradle.api.internal.tasks.testing.junitplatform.JUnitPlatformTestClassProcessor$CollectAllTestClassesExecutor.access$000(JUnitPlatformTestClassProcessor.java:79)
	at org.gradle.api.internal.tasks.testing.junitplatform.JUnitPlatformTestClassProcessor.stop(JUnitPlatformTestClassProcessor.java:75)
	at org.gradle.api.internal.tasks.testing.SuiteTestClassProcessor.stop(SuiteTestClassProcessor.java:61)
	at sun.reflect.NativeMethodAccessorImpl.invoke0(Native Method)
	at sun.reflect.NativeMethodAccessorImpl.invoke(NativeMethodAccessorImpl.java:62)
	at sun.reflect.DelegatingMethodAccessorImpl.invoke(DelegatingMethodAccessorImpl.java:43)
	at java.lang.reflect.Method.invoke(Method.java:498)
	at org.gradle.internal.dispatch.ReflectionDispatch.dispatch(ReflectionDispatch.java:36)
	at org.gradle.internal.dispatch.ReflectionDispatch.dispatch(ReflectionDispatch.java:24)
	at org.gradle.internal.dispatch.ContextClassLoaderDispatch.dispatch(ContextClassLoaderDispatch.java:33)
	at org.gradle.internal.dispatch.ProxyDispatchAdapter$DispatchingInvocationHandler.invoke(ProxyDispatchAdapter.java:94)
	at com.sun.proxy.$Proxy2.stop(Unknown Source)
	at org.gradle.api.internal.tasks.testing.worker.TestWorker.stop(TestWorker.java:135)
	at sun.reflect.NativeMethodAccessorImpl.invoke0(Native Method)
	at sun.reflect.NativeMethodAccessorImpl.invoke(NativeMethodAccessorImpl.java:62)
	at sun.reflect.DelegatingMethodAccessorImpl.invoke(DelegatingMethodAccessorImpl.java:43)
	at java.lang.reflect.Method.invoke(Method.java:498)
	at org.gradle.internal.dispatch.ReflectionDispatch.dispatch(ReflectionDispatch.java:36)
	at org.gradle.internal.dispatch.ReflectionDispatch.dispatch(ReflectionDispatch.java:24)
	at org.gradle.internal.remote.internal.hub.MessageHubBackedObjectConnection$DispatchWrapper.dispatch(MessageHubBackedObjectConnection.java:182)
	at org.gradle.internal.remote.internal.hub.MessageHubBackedObjectConnection$DispatchWrapper.dispatch(MessageHubBackedObjectConnection.java:164)
	at org.gradle.internal.remote.internal.hub.MessageHub$Handler.run(MessageHub.java:414)
	at org.gradle.internal.concurrent.ExecutorPolicy$CatchAndRecordFailures.onExecute(ExecutorPolicy.java:64)
	at org.gradle.internal.concurrent.ManagedExecutorImpl$1.run(ManagedExecutorImpl.java:48)
	at java.util.concurrent.ThreadPoolExecutor.runWorker(ThreadPoolExecutor.java:1149)
	at java.util.concurrent.ThreadPoolExecutor$Worker.run(ThreadPoolExecutor.java:624)
	at org.gradle.internal.concurrent.ThreadFactoryImpl$ManagedThreadRunnable.run(ThreadFactoryImpl.java:56)
	at java.lang.Thread.run(Thread.java:748)
</failure>
  </testcase>
  <testcase name="test08_put_editContact()" classname="src.AnnouncerApiTests" time="0.001">
    <failure message="org.opentest4j.AssertionFailedError: ContactId should not be null ==&gt; expected: not &lt;null&gt;" type="org.opentest4j.AssertionFailedError">org.opentest4j.AssertionFailedError: ContactId should not be null ==&gt; expected: not &lt;null&gt;
	at org.junit.jupiter.api.AssertionUtils.fail(AssertionUtils.java:39)
	at org.junit.jupiter.api.Assertions.fail(Assertions.java:117)
	at org.junit.jupiter.api.AssertNotNull.failNull(AssertNotNull.java:47)
	at org.junit.jupiter.api.AssertNotNull.assertNotNull(AssertNotNull.java:36)
	at org.junit.jupiter.api.Assertions.assertNotNull(Assertions.java:291)
	at src.AnnouncerApiTests.test08_put_editContact(AnnouncerApiTests.java:243)
	at sun.reflect.NativeMethodAccessorImpl.invoke0(Native Method)
	at sun.reflect.NativeMethodAccessorImpl.invoke(NativeMethodAccessorImpl.java:62)
	at sun.reflect.DelegatingMethodAccessorImpl.invoke(DelegatingMethodAccessorImpl.java:43)
	at java.lang.reflect.Method.invoke(Method.java:498)
	at org.junit.platform.commons.util.ReflectionUtils.invokeMethod(ReflectionUtils.java:688)
	at org.junit.jupiter.engine.execution.MethodInvocation.proceed(MethodInvocation.java:60)
	at org.junit.jupiter.engine.execution.InvocationInterceptorChain$ValidatingInvocation.proceed(InvocationInterceptorChain.java:131)
	at org.junit.jupiter.engine.extension.TimeoutExtension.intercept(TimeoutExtension.java:149)
	at org.junit.jupiter.engine.extension.TimeoutExtension.interceptTestableMethod(TimeoutExtension.java:140)
	at org.junit.jupiter.engine.extension.TimeoutExtension.interceptTestMethod(TimeoutExtension.java:84)
	at org.junit.jupiter.engine.execution.ExecutableInvoker$ReflectiveInterceptorCall.lambda$ofVoidMethod$0(ExecutableInvoker.java:115)
	at org.junit.jupiter.engine.execution.ExecutableInvoker.lambda$invoke$0(ExecutableInvoker.java:105)
	at org.junit.jupiter.engine.execution.InvocationInterceptorChain$InterceptedInvocation.proceed(InvocationInterceptorChain.java:106)
	at org.junit.jupiter.engine.execution.InvocationInterceptorChain.proceed(InvocationInterceptorChain.java:64)
	at org.junit.jupiter.engine.execution.InvocationInterceptorChain.chainAndInvoke(InvocationInterceptorChain.java:45)
	at org.junit.jupiter.engine.execution.InvocationInterceptorChain.invoke(InvocationInterceptorChain.java:37)
	at org.junit.jupiter.engine.execution.ExecutableInvoker.invoke(ExecutableInvoker.java:104)
	at org.junit.jupiter.engine.execution.ExecutableInvoker.invoke(ExecutableInvoker.java:98)
	at org.junit.jupiter.engine.descriptor.TestMethodTestDescriptor.lambda$invokeTestMethod$6(TestMethodTestDescriptor.java:210)
	at org.junit.platform.engine.support.hierarchical.ThrowableCollector.execute(ThrowableCollector.java:73)
	at org.junit.jupiter.engine.descriptor.TestMethodTestDescriptor.invokeTestMethod(TestMethodTestDescriptor.java:206)
	at org.junit.jupiter.engine.descriptor.TestMethodTestDescriptor.execute(TestMethodTestDescriptor.java:131)
	at org.junit.jupiter.engine.descriptor.TestMethodTestDescriptor.execute(TestMethodTestDescriptor.java:65)
	at org.junit.platform.engine.support.hierarchical.NodeTestTask.lambda$executeRecursively$5(NodeTestTask.java:139)
	at org.junit.platform.engine.support.hierarchical.ThrowableCollector.execute(ThrowableCollector.java:73)
	at org.junit.platform.engine.support.hierarchical.NodeTestTask.lambda$executeRecursively$7(NodeTestTask.java:129)
	at org.junit.platform.engine.support.hierarchical.Node.around(Node.java:137)
	at org.junit.platform.engine.support.hierarchical.NodeTestTask.lambda$executeRecursively$8(NodeTestTask.java:127)
	at org.junit.platform.engine.support.hierarchical.ThrowableCollector.execute(ThrowableCollector.java:73)
	at org.junit.platform.engine.support.hierarchical.NodeTestTask.executeRecursively(NodeTestTask.java:126)
	at org.junit.platform.engine.support.hierarchical.NodeTestTask.execute(NodeTestTask.java:84)
	at java.util.ArrayList.forEach(ArrayList.java:1259)
	at org.junit.platform.engine.support.hierarchical.SameThreadHierarchicalTestExecutorService.invokeAll(SameThreadHierarchicalTestExecutorService.java:38)
	at org.junit.platform.engine.support.hierarchical.NodeTestTask.lambda$executeRecursively$5(NodeTestTask.java:143)
	at org.junit.platform.engine.support.hierarchical.ThrowableCollector.execute(ThrowableCollector.java:73)
	at org.junit.platform.engine.support.hierarchical.NodeTestTask.lambda$executeRecursively$7(NodeTestTask.java:129)
	at org.junit.platform.engine.support.hierarchical.Node.around(Node.java:137)
	at org.junit.platform.engine.support.hierarchical.NodeTestTask.lambda$executeRecursively$8(NodeTestTask.java:127)
	at org.junit.platform.engine.support.hierarchical.ThrowableCollector.execute(ThrowableCollector.java:73)
	at org.junit.platform.engine.support.hierarchical.NodeTestTask.executeRecursively(NodeTestTask.java:126)
	at org.junit.platform.engine.support.hierarchical.NodeTestTask.execute(NodeTestTask.java:84)
	at java.util.ArrayList.forEach(ArrayList.java:1259)
	at org.junit.platform.engine.support.hierarchical.SameThreadHierarchicalTestExecutorService.invokeAll(SameThreadHierarchicalTestExecutorService.java:38)
	at org.junit.platform.engine.support.hierarchical.NodeTestTask.lambda$executeRecursively$5(NodeTestTask.java:143)
	at org.junit.platform.engine.support.hierarchical.ThrowableCollector.execute(ThrowableCollector.java:73)
	at org.junit.platform.engine.support.hierarchical.NodeTestTask.lambda$executeRecursively$7(NodeTestTask.java:129)
	at org.junit.platform.engine.support.hierarchical.Node.around(Node.java:137)
	at org.junit.platform.engine.support.hierarchical.NodeTestTask.lambda$executeRecursively$8(NodeTestTask.java:127)
	at org.junit.platform.engine.support.hierarchical.ThrowableCollector.execute(ThrowableCollector.java:73)
	at org.junit.platform.engine.support.hierarchical.NodeTestTask.executeRecursively(NodeTestTask.java:126)
	at org.junit.platform.engine.support.hierarchical.NodeTestTask.execute(NodeTestTask.java:84)
	at org.junit.platform.engine.support.hierarchical.SameThreadHierarchicalTestExecutorService.submit(SameThreadHierarchicalTestExecutorService.java:32)
	at org.junit.platform.engine.support.hierarchical.HierarchicalTestExecutor.execute(HierarchicalTestExecutor.java:57)
	at org.junit.platform.engine.support.hierarchical.HierarchicalTestEngine.execute(HierarchicalTestEngine.java:51)
	at org.junit.platform.launcher.core.EngineExecutionOrchestrator.execute(EngineExecutionOrchestrator.java:108)
	at org.junit.platform.launcher.core.EngineExecutionOrchestrator.execute(EngineExecutionOrchestrator.java:88)
	at org.junit.platform.launcher.core.EngineExecutionOrchestrator.lambda$execute$0(EngineExecutionOrchestrator.java:54)
	at org.junit.platform.launcher.core.EngineExecutionOrchestrator.withInterceptedStreams(EngineExecutionOrchestrator.java:67)
	at org.junit.platform.launcher.core.EngineExecutionOrchestrator.execute(EngineExecutionOrchestrator.java:52)
	at org.junit.platform.launcher.core.DefaultLauncher.execute(DefaultLauncher.java:96)
	at org.junit.platform.launcher.core.DefaultLauncher.execute(DefaultLauncher.java:75)
	at org.gradle.api.internal.tasks.testing.junitplatform.JUnitPlatformTestClassProcessor$CollectAllTestClassesExecutor.processAllTestClasses(JUnitPlatformTestClassProcessor.java:99)
	at org.gradle.api.internal.tasks.testing.junitplatform.JUnitPlatformTestClassProcessor$CollectAllTestClassesExecutor.access$000(JUnitPlatformTestClassProcessor.java:79)
	at org.gradle.api.internal.tasks.testing.junitplatform.JUnitPlatformTestClassProcessor.stop(JUnitPlatformTestClassProcessor.java:75)
	at org.gradle.api.internal.tasks.testing.SuiteTestClassProcessor.stop(SuiteTestClassProcessor.java:61)
	at sun.reflect.NativeMethodAccessorImpl.invoke0(Native Method)
	at sun.reflect.NativeMethodAccessorImpl.invoke(NativeMethodAccessorImpl.java:62)
	at sun.reflect.DelegatingMethodAccessorImpl.invoke(DelegatingMethodAccessorImpl.java:43)
	at java.lang.reflect.Method.invoke(Method.java:498)
	at org.gradle.internal.dispatch.ReflectionDispatch.dispatch(ReflectionDispatch.java:36)
	at org.gradle.internal.dispatch.ReflectionDispatch.dispatch(ReflectionDispatch.java:24)
	at org.gradle.internal.dispatch.ContextClassLoaderDispatch.dispatch(ContextClassLoaderDispatch.java:33)
	at org.gradle.internal.dispatch.ProxyDispatchAdapter$DispatchingInvocationHandler.invoke(ProxyDispatchAdapter.java:94)
	at com.sun.proxy.$Proxy2.stop(Unknown Source)
	at org.gradle.api.internal.tasks.testing.worker.TestWorker.stop(TestWorker.java:135)
	at sun.reflect.NativeMethodAccessorImpl.invoke0(Native Method)
	at sun.reflect.NativeMethodAccessorImpl.invoke(NativeMethodAccessorImpl.java:62)
	at sun.reflect.DelegatingMethodAccessorImpl.invoke(DelegatingMethodAccessorImpl.java:43)
	at java.lang.reflect.Method.invoke(Method.java:498)
	at org.gradle.internal.dispatch.ReflectionDispatch.dispatch(ReflectionDispatch.java:36)
	at org.gradle.internal.dispatch.ReflectionDispatch.dispatch(ReflectionDispatch.java:24)
	at org.gradle.internal.remote.internal.hub.MessageHubBackedObjectConnection$DispatchWrapper.dispatch(MessageHubBackedObjectConnection.java:182)
	at org.gradle.internal.remote.internal.hub.MessageHubBackedObjectConnection$DispatchWrapper.dispatch(MessageHubBackedObjectConnection.java:164)
	at org.gradle.internal.remote.internal.hub.MessageHub$Handler.run(MessageHub.java:414)
	at org.gradle.internal.concurrent.ExecutorPolicy$CatchAndRecordFailures.onExecute(ExecutorPolicy.java:64)
	at org.gradle.internal.concurrent.ManagedExecutorImpl$1.run(ManagedExecutorImpl.java:48)
	at java.util.concurrent.ThreadPoolExecutor.runWorker(ThreadPoolExecutor.java:1149)
	at java.util.concurrent.ThreadPoolExecutor$Worker.run(ThreadPoolExecutor.java:624)
	at org.gradle.internal.concurrent.ThreadFactoryImpl$ManagedThreadRunnable.run(ThreadFactoryImpl.java:56)
	at java.lang.Thread.run(Thread.java:748)
</failure>
  </testcase>
  <testcase name="test09_post_sendOptIn()" classname="src.AnnouncerApiTests" time="1.859">
    <failure message="io.restassured.path.json.exception.JsonPathException: Failed to parse the JSON document" type="io.restassured.path.json.exception.JsonPathException">io.restassured.path.json.exception.JsonPathException: Failed to parse the JSON document
	at io.restassured.path.json.JsonPath$ExceptionCatcher.invoke(JsonPath.java:1002)
	at io.restassured.path.json.JsonPath$4.doParseWith(JsonPath.java:967)
	at io.restassured.path.json.JsonPath$JsonParser.parseWith(JsonPath.java:1047)
	at io.restassured.path.json.JsonPath.get(JsonPath.java:202)
	at io.restassured.path.json.JsonPath.getInt(JsonPath.java:237)
	at src.AnnouncerApiTests.verifySuccess(AnnouncerApiTests.java:665)
	at src.AnnouncerApiTests.test09_post_sendOptIn(AnnouncerApiTests.java:302)
	at sun.reflect.NativeMethodAccessorImpl.invoke0(Native Method)
	at sun.reflect.NativeMethodAccessorImpl.invoke(NativeMethodAccessorImpl.java:62)
	at sun.reflect.DelegatingMethodAccessorImpl.invoke(DelegatingMethodAccessorImpl.java:43)
	at java.lang.reflect.Method.invoke(Method.java:498)
	at org.junit.platform.commons.util.ReflectionUtils.invokeMethod(ReflectionUtils.java:688)
	at org.junit.jupiter.engine.execution.MethodInvocation.proceed(MethodInvocation.java:60)
	at org.junit.jupiter.engine.execution.InvocationInterceptorChain$ValidatingInvocation.proceed(InvocationInterceptorChain.java:131)
	at org.junit.jupiter.engine.extension.TimeoutExtension.intercept(TimeoutExtension.java:149)
	at org.junit.jupiter.engine.extension.TimeoutExtension.interceptTestableMethod(TimeoutExtension.java:140)
	at org.junit.jupiter.engine.extension.TimeoutExtension.interceptTestMethod(TimeoutExtension.java:84)
	at org.junit.jupiter.engine.execution.ExecutableInvoker$ReflectiveInterceptorCall.lambda$ofVoidMethod$0(ExecutableInvoker.java:115)
	at org.junit.jupiter.engine.execution.ExecutableInvoker.lambda$invoke$0(ExecutableInvoker.java:105)
	at org.junit.jupiter.engine.execution.InvocationInterceptorChain$InterceptedInvocation.proceed(InvocationInterceptorChain.java:106)
	at org.junit.jupiter.engine.execution.InvocationInterceptorChain.proceed(InvocationInterceptorChain.java:64)
	at org.junit.jupiter.engine.execution.InvocationInterceptorChain.chainAndInvoke(InvocationInterceptorChain.java:45)
	at org.junit.jupiter.engine.execution.InvocationInterceptorChain.invoke(InvocationInterceptorChain.java:37)
	at org.junit.jupiter.engine.execution.ExecutableInvoker.invoke(ExecutableInvoker.java:104)
	at org.junit.jupiter.engine.execution.ExecutableInvoker.invoke(ExecutableInvoker.java:98)
	at org.junit.jupiter.engine.descriptor.TestMethodTestDescriptor.lambda$invokeTestMethod$6(TestMethodTestDescriptor.java:210)
	at org.junit.platform.engine.support.hierarchical.ThrowableCollector.execute(ThrowableCollector.java:73)
	at org.junit.jupiter.engine.descriptor.TestMethodTestDescriptor.invokeTestMethod(TestMethodTestDescriptor.java:206)
	at org.junit.jupiter.engine.descriptor.TestMethodTestDescriptor.execute(TestMethodTestDescriptor.java:131)
	at org.junit.jupiter.engine.descriptor.TestMethodTestDescriptor.execute(TestMethodTestDescriptor.java:65)
	at org.junit.platform.engine.support.hierarchical.NodeTestTask.lambda$executeRecursively$5(NodeTestTask.java:139)
	at org.junit.platform.engine.support.hierarchical.ThrowableCollector.execute(ThrowableCollector.java:73)
	at org.junit.platform.engine.support.hierarchical.NodeTestTask.lambda$executeRecursively$7(NodeTestTask.java:129)
	at org.junit.platform.engine.support.hierarchical.Node.around(Node.java:137)
	at org.junit.platform.engine.support.hierarchical.NodeTestTask.lambda$executeRecursively$8(NodeTestTask.java:127)
	at org.junit.platform.engine.support.hierarchical.ThrowableCollector.execute(ThrowableCollector.java:73)
	at org.junit.platform.engine.support.hierarchical.NodeTestTask.executeRecursively(NodeTestTask.java:126)
	at org.junit.platform.engine.support.hierarchical.NodeTestTask.execute(NodeTestTask.java:84)
	at java.util.ArrayList.forEach(ArrayList.java:1259)
	at org.junit.platform.engine.support.hierarchical.SameThreadHierarchicalTestExecutorService.invokeAll(SameThreadHierarchicalTestExecutorService.java:38)
	at org.junit.platform.engine.support.hierarchical.NodeTestTask.lambda$executeRecursively$5(NodeTestTask.java:143)
	at org.junit.platform.engine.support.hierarchical.ThrowableCollector.execute(ThrowableCollector.java:73)
	at org.junit.platform.engine.support.hierarchical.NodeTestTask.lambda$executeRecursively$7(NodeTestTask.java:129)
	at org.junit.platform.engine.support.hierarchical.Node.around(Node.java:137)
	at org.junit.platform.engine.support.hierarchical.NodeTestTask.lambda$executeRecursively$8(NodeTestTask.java:127)
	at org.junit.platform.engine.support.hierarchical.ThrowableCollector.execute(ThrowableCollector.java:73)
	at org.junit.platform.engine.support.hierarchical.NodeTestTask.executeRecursively(NodeTestTask.java:126)
	at org.junit.platform.engine.support.hierarchical.NodeTestTask.execute(NodeTestTask.java:84)
	at java.util.ArrayList.forEach(ArrayList.java:1259)
	at org.junit.platform.engine.support.hierarchical.SameThreadHierarchicalTestExecutorService.invokeAll(SameThreadHierarchicalTestExecutorService.java:38)
	at org.junit.platform.engine.support.hierarchical.NodeTestTask.lambda$executeRecursively$5(NodeTestTask.java:143)
	at org.junit.platform.engine.support.hierarchical.ThrowableCollector.execute(ThrowableCollector.java:73)
	at org.junit.platform.engine.support.hierarchical.NodeTestTask.lambda$executeRecursively$7(NodeTestTask.java:129)
	at org.junit.platform.engine.support.hierarchical.Node.around(Node.java:137)
	at org.junit.platform.engine.support.hierarchical.NodeTestTask.lambda$executeRecursively$8(NodeTestTask.java:127)
	at org.junit.platform.engine.support.hierarchical.ThrowableCollector.execute(ThrowableCollector.java:73)
	at org.junit.platform.engine.support.hierarchical.NodeTestTask.executeRecursively(NodeTestTask.java:126)
	at org.junit.platform.engine.support.hierarchical.NodeTestTask.execute(NodeTestTask.java:84)
	at org.junit.platform.engine.support.hierarchical.SameThreadHierarchicalTestExecutorService.submit(SameThreadHierarchicalTestExecutorService.java:32)
	at org.junit.platform.engine.support.hierarchical.HierarchicalTestExecutor.execute(HierarchicalTestExecutor.java:57)
	at org.junit.platform.engine.support.hierarchical.HierarchicalTestEngine.execute(HierarchicalTestEngine.java:51)
	at org.junit.platform.launcher.core.EngineExecutionOrchestrator.execute(EngineExecutionOrchestrator.java:108)
	at org.junit.platform.launcher.core.EngineExecutionOrchestrator.execute(EngineExecutionOrchestrator.java:88)
	at org.junit.platform.launcher.core.EngineExecutionOrchestrator.lambda$execute$0(EngineExecutionOrchestrator.java:54)
	at org.junit.platform.launcher.core.EngineExecutionOrchestrator.withInterceptedStreams(EngineExecutionOrchestrator.java:67)
	at org.junit.platform.launcher.core.EngineExecutionOrchestrator.execute(EngineExecutionOrchestrator.java:52)
	at org.junit.platform.launcher.core.DefaultLauncher.execute(DefaultLauncher.java:96)
	at org.junit.platform.launcher.core.DefaultLauncher.execute(DefaultLauncher.java:75)
	at org.gradle.api.internal.tasks.testing.junitplatform.JUnitPlatformTestClassProcessor$CollectAllTestClassesExecutor.processAllTestClasses(JUnitPlatformTestClassProcessor.java:99)
	at org.gradle.api.internal.tasks.testing.junitplatform.JUnitPlatformTestClassProcessor$CollectAllTestClassesExecutor.access$000(JUnitPlatformTestClassProcessor.java:79)
	at org.gradle.api.internal.tasks.testing.junitplatform.JUnitPlatformTestClassProcessor.stop(JUnitPlatformTestClassProcessor.java:75)
	at org.gradle.api.internal.tasks.testing.SuiteTestClassProcessor.stop(SuiteTestClassProcessor.java:61)
	at sun.reflect.NativeMethodAccessorImpl.invoke0(Native Method)
	at sun.reflect.NativeMethodAccessorImpl.invoke(NativeMethodAccessorImpl.java:62)
	at sun.reflect.DelegatingMethodAccessorImpl.invoke(DelegatingMethodAccessorImpl.java:43)
	at java.lang.reflect.Method.invoke(Method.java:498)
	at org.gradle.internal.dispatch.ReflectionDispatch.dispatch(ReflectionDispatch.java:36)
	at org.gradle.internal.dispatch.ReflectionDispatch.dispatch(ReflectionDispatch.java:24)
	at org.gradle.internal.dispatch.ContextClassLoaderDispatch.dispatch(ContextClassLoaderDispatch.java:33)
	at org.gradle.internal.dispatch.ProxyDispatchAdapter$DispatchingInvocationHandler.invoke(ProxyDispatchAdapter.java:94)
	at com.sun.proxy.$Proxy2.stop(Unknown Source)
	at org.gradle.api.internal.tasks.testing.worker.TestWorker.stop(TestWorker.java:135)
	at sun.reflect.NativeMethodAccessorImpl.invoke0(Native Method)
	at sun.reflect.NativeMethodAccessorImpl.invoke(NativeMethodAccessorImpl.java:62)
	at sun.reflect.DelegatingMethodAccessorImpl.invoke(DelegatingMethodAccessorImpl.java:43)
	at java.lang.reflect.Method.invoke(Method.java:498)
	at org.gradle.internal.dispatch.ReflectionDispatch.dispatch(ReflectionDispatch.java:36)
	at org.gradle.internal.dispatch.ReflectionDispatch.dispatch(ReflectionDispatch.java:24)
	at org.gradle.internal.remote.internal.hub.MessageHubBackedObjectConnection$DispatchWrapper.dispatch(MessageHubBackedObjectConnection.java:182)
	at org.gradle.internal.remote.internal.hub.MessageHubBackedObjectConnection$DispatchWrapper.dispatch(MessageHubBackedObjectConnection.java:164)
	at org.gradle.internal.remote.internal.hub.MessageHub$Handler.run(MessageHub.java:414)
	at org.gradle.internal.concurrent.ExecutorPolicy$CatchAndRecordFailures.onExecute(ExecutorPolicy.java:64)
	at org.gradle.internal.concurrent.ManagedExecutorImpl$1.run(ManagedExecutorImpl.java:48)
	at java.util.concurrent.ThreadPoolExecutor.runWorker(ThreadPoolExecutor.java:1149)
	at java.util.concurrent.ThreadPoolExecutor$Worker.run(ThreadPoolExecutor.java:624)
	at org.gradle.internal.concurrent.ThreadFactoryImpl$ManagedThreadRunnable.run(ThreadFactoryImpl.java:56)
	at java.lang.Thread.run(Thread.java:748)
Caused by: java.lang.IllegalArgumentException: The JSON input text should neither be null nor empty.
	at sun.reflect.NativeConstructorAccessorImpl.newInstance0(Native Method)
	at sun.reflect.NativeConstructorAccessorImpl.newInstance(NativeConstructorAccessorImpl.java:62)
	at sun.reflect.DelegatingConstructorAccessorImpl.newInstance(DelegatingConstructorAccessorImpl.java:45)
	at java.lang.reflect.Constructor.newInstance(Constructor.java:423)
	at org.codehaus.groovy.reflection.CachedConstructor.invoke(CachedConstructor.java:72)
	at org.codehaus.groovy.runtime.callsite.ConstructorSite$ConstructorSiteNoUnwrapNoCoerce.callConstructor(ConstructorSite.java:105)
	at org.codehaus.groovy.runtime.callsite.AbstractCallSite.callConstructor(AbstractCallSite.java:277)
	at io.restassured.internal.path.json.ConfigurableJsonSlurper.parseText(ConfigurableJsonSlurper.groovy:80)
	at io.restassured.path.json.JsonPath$4$1.method(JsonPath.java:965)
	at io.restassured.path.json.JsonPath$ExceptionCatcher.invoke(JsonPath.java:1000)
	... 96 more
</failure>
  </testcase>
  <testcase name="test10_get_contactAmount()" classname="src.AnnouncerApiTests" time="1.57"/>
  <testcase name="test11_get_contactConfirmed()" classname="src.AnnouncerApiTests" time="0.001">
    <failure message="java.lang.IllegalArgumentException: body cannot be null" type="java.lang.IllegalArgumentException">java.lang.IllegalArgumentException: body cannot be null
	at sun.reflect.NativeConstructorAccessorImpl.newInstance0(Native Method)
	at sun.reflect.NativeConstructorAccessorImpl.newInstance(NativeConstructorAccessorImpl.java:62)
	at sun.reflect.DelegatingConstructorAccessorImpl.newInstance(DelegatingConstructorAccessorImpl.java:45)
	at java.lang.reflect.Constructor.newInstance(Constructor.java:423)
	at org.codehaus.groovy.reflection.CachedConstructor.invoke(CachedConstructor.java:72)
	at org.codehaus.groovy.reflection.CachedConstructor.doConstructorInvoke(CachedConstructor.java:59)
	at org.codehaus.groovy.runtime.callsite.ConstructorSite$ConstructorSiteNoUnwrap.callConstructor(ConstructorSite.java:84)
	at org.codehaus.groovy.runtime.callsite.CallSiteArray.defaultCallConstructor(CallSiteArray.java:59)
	at org.codehaus.groovy.runtime.callsite.AbstractCallSite.callConstructor(AbstractCallSite.java:263)
	at org.codehaus.groovy.runtime.callsite.AbstractCallSite.callConstructor(AbstractCallSite.java:277)
	at io.restassured.internal.common.assertion.AssertParameter.notNull(AssertParameter.groovy:26)
	at io.restassured.internal.common.assertion.AssertParameter$notNull.callStatic(Unknown Source)
	at org.codehaus.groovy.runtime.callsite.CallSiteArray.defaultCallStatic(CallSiteArray.java:55)
	at org.codehaus.groovy.runtime.callsite.AbstractCallSite.callStatic(AbstractCallSite.java:217)
	at org.codehaus.groovy.runtime.callsite.AbstractCallSite.callStatic(AbstractCallSite.java:240)
	at io.restassured.internal.RequestSpecificationImpl.body(RequestSpecificationImpl.groovy:681)
	at src.AnnouncerApiTests.test11_get_contactConfirmed(AnnouncerApiTests.java:335)
	at sun.reflect.NativeMethodAccessorImpl.invoke0(Native Method)
	at sun.reflect.NativeMethodAccessorImpl.invoke(NativeMethodAccessorImpl.java:62)
	at sun.reflect.DelegatingMethodAccessorImpl.invoke(DelegatingMethodAccessorImpl.java:43)
	at java.lang.reflect.Method.invoke(Method.java:498)
	at org.junit.platform.commons.util.ReflectionUtils.invokeMethod(ReflectionUtils.java:688)
	at org.junit.jupiter.engine.execution.MethodInvocation.proceed(MethodInvocation.java:60)
	at org.junit.jupiter.engine.execution.InvocationInterceptorChain$ValidatingInvocation.proceed(InvocationInterceptorChain.java:131)
	at org.junit.jupiter.engine.extension.TimeoutExtension.intercept(TimeoutExtension.java:149)
	at org.junit.jupiter.engine.extension.TimeoutExtension.interceptTestableMethod(TimeoutExtension.java:140)
	at org.junit.jupiter.engine.extension.TimeoutExtension.interceptTestMethod(TimeoutExtension.java:84)
	at org.junit.jupiter.engine.execution.ExecutableInvoker$ReflectiveInterceptorCall.lambda$ofVoidMethod$0(ExecutableInvoker.java:115)
	at org.junit.jupiter.engine.execution.ExecutableInvoker.lambda$invoke$0(ExecutableInvoker.java:105)
	at org.junit.jupiter.engine.execution.InvocationInterceptorChain$InterceptedInvocation.proceed(InvocationInterceptorChain.java:106)
	at org.junit.jupiter.engine.execution.InvocationInterceptorChain.proceed(InvocationInterceptorChain.java:64)
	at org.junit.jupiter.engine.execution.InvocationInterceptorChain.chainAndInvoke(InvocationInterceptorChain.java:45)
	at org.junit.jupiter.engine.execution.InvocationInterceptorChain.invoke(InvocationInterceptorChain.java:37)
	at org.junit.jupiter.engine.execution.ExecutableInvoker.invoke(ExecutableInvoker.java:104)
	at org.junit.jupiter.engine.execution.ExecutableInvoker.invoke(ExecutableInvoker.java:98)
	at org.junit.jupiter.engine.descriptor.TestMethodTestDescriptor.lambda$invokeTestMethod$6(TestMethodTestDescriptor.java:210)
	at org.junit.platform.engine.support.hierarchical.ThrowableCollector.execute(ThrowableCollector.java:73)
	at org.junit.jupiter.engine.descriptor.TestMethodTestDescriptor.invokeTestMethod(TestMethodTestDescriptor.java:206)
	at org.junit.jupiter.engine.descriptor.TestMethodTestDescriptor.execute(TestMethodTestDescriptor.java:131)
	at org.junit.jupiter.engine.descriptor.TestMethodTestDescriptor.execute(TestMethodTestDescriptor.java:65)
	at org.junit.platform.engine.support.hierarchical.NodeTestTask.lambda$executeRecursively$5(NodeTestTask.java:139)
	at org.junit.platform.engine.support.hierarchical.ThrowableCollector.execute(ThrowableCollector.java:73)
	at org.junit.platform.engine.support.hierarchical.NodeTestTask.lambda$executeRecursively$7(NodeTestTask.java:129)
	at org.junit.platform.engine.support.hierarchical.Node.around(Node.java:137)
	at org.junit.platform.engine.support.hierarchical.NodeTestTask.lambda$executeRecursively$8(NodeTestTask.java:127)
	at org.junit.platform.engine.support.hierarchical.ThrowableCollector.execute(ThrowableCollector.java:73)
	at org.junit.platform.engine.support.hierarchical.NodeTestTask.executeRecursively(NodeTestTask.java:126)
	at org.junit.platform.engine.support.hierarchical.NodeTestTask.execute(NodeTestTask.java:84)
	at java.util.ArrayList.forEach(ArrayList.java:1259)
	at org.junit.platform.engine.support.hierarchical.SameThreadHierarchicalTestExecutorService.invokeAll(SameThreadHierarchicalTestExecutorService.java:38)
	at org.junit.platform.engine.support.hierarchical.NodeTestTask.lambda$executeRecursively$5(NodeTestTask.java:143)
	at org.junit.platform.engine.support.hierarchical.ThrowableCollector.execute(ThrowableCollector.java:73)
	at org.junit.platform.engine.support.hierarchical.NodeTestTask.lambda$executeRecursively$7(NodeTestTask.java:129)
	at org.junit.platform.engine.support.hierarchical.Node.around(Node.java:137)
	at org.junit.platform.engine.support.hierarchical.NodeTestTask.lambda$executeRecursively$8(NodeTestTask.java:127)
	at org.junit.platform.engine.support.hierarchical.ThrowableCollector.execute(ThrowableCollector.java:73)
	at org.junit.platform.engine.support.hierarchical.NodeTestTask.executeRecursively(NodeTestTask.java:126)
	at org.junit.platform.engine.support.hierarchical.NodeTestTask.execute(NodeTestTask.java:84)
	at java.util.ArrayList.forEach(ArrayList.java:1259)
	at org.junit.platform.engine.support.hierarchical.SameThreadHierarchicalTestExecutorService.invokeAll(SameThreadHierarchicalTestExecutorService.java:38)
	at org.junit.platform.engine.support.hierarchical.NodeTestTask.lambda$executeRecursively$5(NodeTestTask.java:143)
	at org.junit.platform.engine.support.hierarchical.ThrowableCollector.execute(ThrowableCollector.java:73)
	at org.junit.platform.engine.support.hierarchical.NodeTestTask.lambda$executeRecursively$7(NodeTestTask.java:129)
	at org.junit.platform.engine.support.hierarchical.Node.around(Node.java:137)
	at org.junit.platform.engine.support.hierarchical.NodeTestTask.lambda$executeRecursively$8(NodeTestTask.java:127)
	at org.junit.platform.engine.support.hierarchical.ThrowableCollector.execute(ThrowableCollector.java:73)
	at org.junit.platform.engine.support.hierarchical.NodeTestTask.executeRecursively(NodeTestTask.java:126)
	at org.junit.platform.engine.support.hierarchical.NodeTestTask.execute(NodeTestTask.java:84)
	at org.junit.platform.engine.support.hierarchical.SameThreadHierarchicalTestExecutorService.submit(SameThreadHierarchicalTestExecutorService.java:32)
	at org.junit.platform.engine.support.hierarchical.HierarchicalTestExecutor.execute(HierarchicalTestExecutor.java:57)
	at org.junit.platform.engine.support.hierarchical.HierarchicalTestEngine.execute(HierarchicalTestEngine.java:51)
	at org.junit.platform.launcher.core.EngineExecutionOrchestrator.execute(EngineExecutionOrchestrator.java:108)
	at org.junit.platform.launcher.core.EngineExecutionOrchestrator.execute(EngineExecutionOrchestrator.java:88)
	at org.junit.platform.launcher.core.EngineExecutionOrchestrator.lambda$execute$0(EngineExecutionOrchestrator.java:54)
	at org.junit.platform.launcher.core.EngineExecutionOrchestrator.withInterceptedStreams(EngineExecutionOrchestrator.java:67)
	at org.junit.platform.launcher.core.EngineExecutionOrchestrator.execute(EngineExecutionOrchestrator.java:52)
	at org.junit.platform.launcher.core.DefaultLauncher.execute(DefaultLauncher.java:96)
	at org.junit.platform.launcher.core.DefaultLauncher.execute(DefaultLauncher.java:75)
	at org.gradle.api.internal.tasks.testing.junitplatform.JUnitPlatformTestClassProcessor$CollectAllTestClassesExecutor.processAllTestClasses(JUnitPlatformTestClassProcessor.java:99)
	at org.gradle.api.internal.tasks.testing.junitplatform.JUnitPlatformTestClassProcessor$CollectAllTestClassesExecutor.access$000(JUnitPlatformTestClassProcessor.java:79)
	at org.gradle.api.internal.tasks.testing.junitplatform.JUnitPlatformTestClassProcessor.stop(JUnitPlatformTestClassProcessor.java:75)
	at org.gradle.api.internal.tasks.testing.SuiteTestClassProcessor.stop(SuiteTestClassProcessor.java:61)
	at sun.reflect.NativeMethodAccessorImpl.invoke0(Native Method)
	at sun.reflect.NativeMethodAccessorImpl.invoke(NativeMethodAccessorImpl.java:62)
	at sun.reflect.DelegatingMethodAccessorImpl.invoke(DelegatingMethodAccessorImpl.java:43)
	at java.lang.reflect.Method.invoke(Method.java:498)
	at org.gradle.internal.dispatch.ReflectionDispatch.dispatch(ReflectionDispatch.java:36)
	at org.gradle.internal.dispatch.ReflectionDispatch.dispatch(ReflectionDispatch.java:24)
	at org.gradle.internal.dispatch.ContextClassLoaderDispatch.dispatch(ContextClassLoaderDispatch.java:33)
	at org.gradle.internal.dispatch.ProxyDispatchAdapter$DispatchingInvocationHandler.invoke(ProxyDispatchAdapter.java:94)
	at com.sun.proxy.$Proxy2.stop(Unknown Source)
	at org.gradle.api.internal.tasks.testing.worker.TestWorker.stop(TestWorker.java:135)
	at sun.reflect.NativeMethodAccessorImpl.invoke0(Native Method)
	at sun.reflect.NativeMethodAccessorImpl.invoke(NativeMethodAccessorImpl.java:62)
	at sun.reflect.DelegatingMethodAccessorImpl.invoke(DelegatingMethodAccessorImpl.java:43)
	at java.lang.reflect.Method.invoke(Method.java:498)
	at org.gradle.internal.dispatch.ReflectionDispatch.dispatch(ReflectionDispatch.java:36)
	at org.gradle.internal.dispatch.ReflectionDispatch.dispatch(ReflectionDispatch.java:24)
	at org.gradle.internal.remote.internal.hub.MessageHubBackedObjectConnection$DispatchWrapper.dispatch(MessageHubBackedObjectConnection.java:182)
	at org.gradle.internal.remote.internal.hub.MessageHubBackedObjectConnection$DispatchWrapper.dispatch(MessageHubBackedObjectConnection.java:164)
	at org.gradle.internal.remote.internal.hub.MessageHub$Handler.run(MessageHub.java:414)
	at org.gradle.internal.concurrent.ExecutorPolicy$CatchAndRecordFailures.onExecute(ExecutorPolicy.java:64)
	at org.gradle.internal.concurrent.ManagedExecutorImpl$1.run(ManagedExecutorImpl.java:48)
	at java.util.concurrent.ThreadPoolExecutor.runWorker(ThreadPoolExecutor.java:1149)
	at java.util.concurrent.ThreadPoolExecutor$Worker.run(ThreadPoolExecutor.java:624)
	at org.gradle.internal.concurrent.ThreadFactoryImpl$ManagedThreadRunnable.run(ThreadFactoryImpl.java:56)
	at java.lang.Thread.run(Thread.java:748)
</failure>
  </testcase>
  <testcase name="test13_get_defaultEmailName()" classname="src.AnnouncerApiTests" time="1.55"/>
  <testcase name="test14_get_listsForEmail()" classname="src.AnnouncerApiTests" time="1.552"/>
  <testcase name="test15_get_detailedStatisticsForEmail()" classname="src.AnnouncerApiTests" time="1.747"/>
  <testcase name="test16_get_shortStatisticsForEmail()" classname="src.AnnouncerApiTests" time="1.616"/>
  <testcase name="test17_get_entireContentOfEmail()" classname="src.AnnouncerApiTests" time="1.664"/>
  <testcase name="test18_get_topRecipientsList()" classname="src.AnnouncerApiTests" time="1.754"/>
  <testcase name="test18_post_createEmail()" classname="src.AnnouncerApiTests" time="1.542">
    <failure message="java.lang.AssertionError: 1 expectation failed.&#10;Expected status code &lt;200&gt; but was &lt;500&gt;.&#10;" type="java.lang.AssertionError">java.lang.AssertionError: 1 expectation failed.
Expected status code &lt;200&gt; but was &lt;500&gt;.

	at sun.reflect.NativeConstructorAccessorImpl.newInstance0(Native Method)
	at sun.reflect.NativeConstructorAccessorImpl.newInstance(NativeConstructorAccessorImpl.java:62)
	at sun.reflect.DelegatingConstructorAccessorImpl.newInstance(DelegatingConstructorAccessorImpl.java:45)
	at java.lang.reflect.Constructor.newInstance(Constructor.java:423)
	at org.codehaus.groovy.reflection.CachedConstructor.invoke(CachedConstructor.java:72)
	at org.codehaus.groovy.reflection.CachedConstructor.doConstructorInvoke(CachedConstructor.java:59)
	at org.codehaus.groovy.runtime.callsite.ConstructorSite$ConstructorSiteNoUnwrap.callConstructor(ConstructorSite.java:84)
	at org.codehaus.groovy.runtime.callsite.AbstractCallSite.callConstructor(AbstractCallSite.java:277)
	at io.restassured.internal.ResponseSpecificationImpl$HamcrestAssertionClosure.validate(ResponseSpecificationImpl.groovy:493)
	at io.restassured.internal.ResponseSpecificationImpl$HamcrestAssertionClosure$validate$1.call(Unknown Source)
	at io.restassured.internal.ResponseSpecificationImpl.validateResponseIfRequired(ResponseSpecificationImpl.groovy:674)
	at sun.reflect.GeneratedMethodAccessor135.invoke(Unknown Source)
	at sun.reflect.DelegatingMethodAccessorImpl.invoke(DelegatingMethodAccessorImpl.java:43)
	at java.lang.reflect.Method.invoke(Method.java:498)
	at org.codehaus.groovy.runtime.callsite.PlainObjectMetaMethodSite.doInvoke(PlainObjectMetaMethodSite.java:43)
	at org.codehaus.groovy.runtime.callsite.PogoMetaMethodSite$PogoCachedMethodSiteNoUnwrapNoCoerce.invoke(PogoMetaMethodSite.java:193)
	at org.codehaus.groovy.runtime.callsite.PogoMetaMethodSite.callCurrent(PogoMetaMethodSite.java:61)
	at org.codehaus.groovy.runtime.callsite.AbstractCallSite.callCurrent(AbstractCallSite.java:185)
	at io.restassured.internal.ResponseSpecificationImpl.statusCode(ResponseSpecificationImpl.groovy:126)
	at io.restassured.specification.ResponseSpecification$statusCode$0.callCurrent(Unknown Source)
	at io.restassured.internal.ResponseSpecificationImpl.statusCode(ResponseSpecificationImpl.groovy:134)
	at io.restassured.internal.ValidatableResponseOptionsImpl.statusCode(ValidatableResponseOptionsImpl.java:89)
	at io.restassured.internal.ValidatableResponseImpl.super$2$statusCode(ValidatableResponseImpl.groovy)
	at sun.reflect.GeneratedMethodAccessor134.invoke(Unknown Source)
	at sun.reflect.DelegatingMethodAccessorImpl.invoke(DelegatingMethodAccessorImpl.java:43)
	at java.lang.reflect.Method.invoke(Method.java:498)
	at org.codehaus.groovy.reflection.CachedMethod.invoke(CachedMethod.java:107)
	at groovy.lang.MetaMethod.doMethodInvoke(MetaMethod.java:323)
	at groovy.lang.MetaClassImpl.invokeMethod(MetaClassImpl.java:1268)
	at org.codehaus.groovy.runtime.ScriptBytecodeAdapter.invokeMethodOnSuperN(ScriptBytecodeAdapter.java:144)
	at io.restassured.internal.ValidatableResponseImpl.statusCode(ValidatableResponseImpl.groovy:142)
	at io.restassured.internal.ValidatableResponseImpl.statusCode(ValidatableResponseImpl.groovy)
	at src.AnnouncerApiTests.test18_post_createEmail(AnnouncerApiTests.java:518)
	at sun.reflect.NativeMethodAccessorImpl.invoke0(Native Method)
	at sun.reflect.NativeMethodAccessorImpl.invoke(NativeMethodAccessorImpl.java:62)
	at sun.reflect.DelegatingMethodAccessorImpl.invoke(DelegatingMethodAccessorImpl.java:43)
	at java.lang.reflect.Method.invoke(Method.java:498)
	at org.junit.platform.commons.util.ReflectionUtils.invokeMethod(ReflectionUtils.java:688)
	at org.junit.jupiter.engine.execution.MethodInvocation.proceed(MethodInvocation.java:60)
	at org.junit.jupiter.engine.execution.InvocationInterceptorChain$ValidatingInvocation.proceed(InvocationInterceptorChain.java:131)
	at org.junit.jupiter.engine.extension.TimeoutExtension.intercept(TimeoutExtension.java:149)
	at org.junit.jupiter.engine.extension.TimeoutExtension.interceptTestableMethod(TimeoutExtension.java:140)
	at org.junit.jupiter.engine.extension.TimeoutExtension.interceptTestMethod(TimeoutExtension.java:84)
	at org.junit.jupiter.engine.execution.ExecutableInvoker$ReflectiveInterceptorCall.lambda$ofVoidMethod$0(ExecutableInvoker.java:115)
	at org.junit.jupiter.engine.execution.ExecutableInvoker.lambda$invoke$0(ExecutableInvoker.java:105)
	at org.junit.jupiter.engine.execution.InvocationInterceptorChain$InterceptedInvocation.proceed(InvocationInterceptorChain.java:106)
	at org.junit.jupiter.engine.execution.InvocationInterceptorChain.proceed(InvocationInterceptorChain.java:64)
	at org.junit.jupiter.engine.execution.InvocationInterceptorChain.chainAndInvoke(InvocationInterceptorChain.java:45)
	at org.junit.jupiter.engine.execution.InvocationInterceptorChain.invoke(InvocationInterceptorChain.java:37)
	at org.junit.jupiter.engine.execution.ExecutableInvoker.invoke(ExecutableInvoker.java:104)
	at org.junit.jupiter.engine.execution.ExecutableInvoker.invoke(ExecutableInvoker.java:98)
	at org.junit.jupiter.engine.descriptor.TestMethodTestDescriptor.lambda$invokeTestMethod$6(TestMethodTestDescriptor.java:210)
	at org.junit.platform.engine.support.hierarchical.ThrowableCollector.execute(ThrowableCollector.java:73)
	at org.junit.jupiter.engine.descriptor.TestMethodTestDescriptor.invokeTestMethod(TestMethodTestDescriptor.java:206)
	at org.junit.jupiter.engine.descriptor.TestMethodTestDescriptor.execute(TestMethodTestDescriptor.java:131)
	at org.junit.jupiter.engine.descriptor.TestMethodTestDescriptor.execute(TestMethodTestDescriptor.java:65)
	at org.junit.platform.engine.support.hierarchical.NodeTestTask.lambda$executeRecursively$5(NodeTestTask.java:139)
	at org.junit.platform.engine.support.hierarchical.ThrowableCollector.execute(ThrowableCollector.java:73)
	at org.junit.platform.engine.support.hierarchical.NodeTestTask.lambda$executeRecursively$7(NodeTestTask.java:129)
	at org.junit.platform.engine.support.hierarchical.Node.around(Node.java:137)
	at org.junit.platform.engine.support.hierarchical.NodeTestTask.lambda$executeRecursively$8(NodeTestTask.java:127)
	at org.junit.platform.engine.support.hierarchical.ThrowableCollector.execute(ThrowableCollector.java:73)
	at org.junit.platform.engine.support.hierarchical.NodeTestTask.executeRecursively(NodeTestTask.java:126)
	at org.junit.platform.engine.support.hierarchical.NodeTestTask.execute(NodeTestTask.java:84)
	at java.util.ArrayList.forEach(ArrayList.java:1259)
	at org.junit.platform.engine.support.hierarchical.SameThreadHierarchicalTestExecutorService.invokeAll(SameThreadHierarchicalTestExecutorService.java:38)
	at org.junit.platform.engine.support.hierarchical.NodeTestTask.lambda$executeRecursively$5(NodeTestTask.java:143)
	at org.junit.platform.engine.support.hierarchical.ThrowableCollector.execute(ThrowableCollector.java:73)
	at org.junit.platform.engine.support.hierarchical.NodeTestTask.lambda$executeRecursively$7(NodeTestTask.java:129)
	at org.junit.platform.engine.support.hierarchical.Node.around(Node.java:137)
	at org.junit.platform.engine.support.hierarchical.NodeTestTask.lambda$executeRecursively$8(NodeTestTask.java:127)
	at org.junit.platform.engine.support.hierarchical.ThrowableCollector.execute(ThrowableCollector.java:73)
	at org.junit.platform.engine.support.hierarchical.NodeTestTask.executeRecursively(NodeTestTask.java:126)
	at org.junit.platform.engine.support.hierarchical.NodeTestTask.execute(NodeTestTask.java:84)
	at java.util.ArrayList.forEach(ArrayList.java:1259)
	at org.junit.platform.engine.support.hierarchical.SameThreadHierarchicalTestExecutorService.invokeAll(SameThreadHierarchicalTestExecutorService.java:38)
	at org.junit.platform.engine.support.hierarchical.NodeTestTask.lambda$executeRecursively$5(NodeTestTask.java:143)
	at org.junit.platform.engine.support.hierarchical.ThrowableCollector.execute(ThrowableCollector.java:73)
	at org.junit.platform.engine.support.hierarchical.NodeTestTask.lambda$executeRecursively$7(NodeTestTask.java:129)
	at org.junit.platform.engine.support.hierarchical.Node.around(Node.java:137)
	at org.junit.platform.engine.support.hierarchical.NodeTestTask.lambda$executeRecursively$8(NodeTestTask.java:127)
	at org.junit.platform.engine.support.hierarchical.ThrowableCollector.execute(ThrowableCollector.java:73)
	at org.junit.platform.engine.support.hierarchical.NodeTestTask.executeRecursively(NodeTestTask.java:126)
	at org.junit.platform.engine.support.hierarchical.NodeTestTask.execute(NodeTestTask.java:84)
	at org.junit.platform.engine.support.hierarchical.SameThreadHierarchicalTestExecutorService.submit(SameThreadHierarchicalTestExecutorService.java:32)
	at org.junit.platform.engine.support.hierarchical.HierarchicalTestExecutor.execute(HierarchicalTestExecutor.java:57)
	at org.junit.platform.engine.support.hierarchical.HierarchicalTestEngine.execute(HierarchicalTestEngine.java:51)
	at org.junit.platform.launcher.core.EngineExecutionOrchestrator.execute(EngineExecutionOrchestrator.java:108)
	at org.junit.platform.launcher.core.EngineExecutionOrchestrator.execute(EngineExecutionOrchestrator.java:88)
	at org.junit.platform.launcher.core.EngineExecutionOrchestrator.lambda$execute$0(EngineExecutionOrchestrator.java:54)
	at org.junit.platform.launcher.core.EngineExecutionOrchestrator.withInterceptedStreams(EngineExecutionOrchestrator.java:67)
	at org.junit.platform.launcher.core.EngineExecutionOrchestrator.execute(EngineExecutionOrchestrator.java:52)
	at org.junit.platform.launcher.core.DefaultLauncher.execute(DefaultLauncher.java:96)
	at org.junit.platform.launcher.core.DefaultLauncher.execute(DefaultLauncher.java:75)
	at org.gradle.api.internal.tasks.testing.junitplatform.JUnitPlatformTestClassProcessor$CollectAllTestClassesExecutor.processAllTestClasses(JUnitPlatformTestClassProcessor.java:99)
	at org.gradle.api.internal.tasks.testing.junitplatform.JUnitPlatformTestClassProcessor$CollectAllTestClassesExecutor.access$000(JUnitPlatformTestClassProcessor.java:79)
	at org.gradle.api.internal.tasks.testing.junitplatform.JUnitPlatformTestClassProcessor.stop(JUnitPlatformTestClassProcessor.java:75)
	at org.gradle.api.internal.tasks.testing.SuiteTestClassProcessor.stop(SuiteTestClassProcessor.java:61)
	at sun.reflect.NativeMethodAccessorImpl.invoke0(Native Method)
	at sun.reflect.NativeMethodAccessorImpl.invoke(NativeMethodAccessorImpl.java:62)
	at sun.reflect.DelegatingMethodAccessorImpl.invoke(DelegatingMethodAccessorImpl.java:43)
	at java.lang.reflect.Method.invoke(Method.java:498)
	at org.gradle.internal.dispatch.ReflectionDispatch.dispatch(ReflectionDispatch.java:36)
	at org.gradle.internal.dispatch.ReflectionDispatch.dispatch(ReflectionDispatch.java:24)
	at org.gradle.internal.dispatch.ContextClassLoaderDispatch.dispatch(ContextClassLoaderDispatch.java:33)
	at org.gradle.internal.dispatch.ProxyDispatchAdapter$DispatchingInvocationHandler.invoke(ProxyDispatchAdapter.java:94)
	at com.sun.proxy.$Proxy2.stop(Unknown Source)
	at org.gradle.api.internal.tasks.testing.worker.TestWorker.stop(TestWorker.java:135)
	at sun.reflect.NativeMethodAccessorImpl.invoke0(Native Method)
	at sun.reflect.NativeMethodAccessorImpl.invoke(NativeMethodAccessorImpl.java:62)
	at sun.reflect.DelegatingMethodAccessorImpl.invoke(DelegatingMethodAccessorImpl.java:43)
	at java.lang.reflect.Method.invoke(Method.java:498)
	at org.gradle.internal.dispatch.ReflectionDispatch.dispatch(ReflectionDispatch.java:36)
	at org.gradle.internal.dispatch.ReflectionDispatch.dispatch(ReflectionDispatch.java:24)
	at org.gradle.internal.remote.internal.hub.MessageHubBackedObjectConnection$DispatchWrapper.dispatch(MessageHubBackedObjectConnection.java:182)
	at org.gradle.internal.remote.internal.hub.MessageHubBackedObjectConnection$DispatchWrapper.dispatch(MessageHubBackedObjectConnection.java:164)
	at org.gradle.internal.remote.internal.hub.MessageHub$Handler.run(MessageHub.java:414)
	at org.gradle.internal.concurrent.ExecutorPolicy$CatchAndRecordFailures.onExecute(ExecutorPolicy.java:64)
	at org.gradle.internal.concurrent.ManagedExecutorImpl$1.run(ManagedExecutorImpl.java:48)
	at java.util.concurrent.ThreadPoolExecutor.runWorker(ThreadPoolExecutor.java:1149)
	at java.util.concurrent.ThreadPoolExecutor$Worker.run(ThreadPoolExecutor.java:624)
	at org.gradle.internal.concurrent.ThreadFactoryImpl$ManagedThreadRunnable.run(ThreadFactoryImpl.java:56)
	at java.lang.Thread.run(Thread.java:748)
</failure>
  </testcase>
  <testcase name="test25_get_list()" classname="src.AnnouncerApiTests" time="1.463"/>
  <testcase name="test25_put_mergeList()" classname="src.AnnouncerApiTests" time="7.315"/>
  <testcase name="test26_get_listOfContactsInList()" classname="src.AnnouncerApiTests" time="2.178"/>
  <testcase name="test28_delete_list()" classname="src.AnnouncerApiTests" time="3.274"/>
  <testcase name="test12_delete_contact()" classname="src.AnnouncerApiTests" time="0.0">
    <failure message="org.opentest4j.AssertionFailedError: ContactId should not be null ==&gt; expected: not &lt;null&gt;" type="org.opentest4j.AssertionFailedError">org.opentest4j.AssertionFailedError: ContactId should not be null ==&gt; expected: not &lt;null&gt;
	at org.junit.jupiter.api.AssertionUtils.fail(AssertionUtils.java:39)
	at org.junit.jupiter.api.Assertions.fail(Assertions.java:117)
	at org.junit.jupiter.api.AssertNotNull.failNull(AssertNotNull.java:47)
	at org.junit.jupiter.api.AssertNotNull.assertNotNull(AssertNotNull.java:36)
	at org.junit.jupiter.api.Assertions.assertNotNull(Assertions.java:291)
	at src.AnnouncerApiTests.test12_delete_contact(AnnouncerApiTests.java:354)
	at sun.reflect.NativeMethodAccessorImpl.invoke0(Native Method)
	at sun.reflect.NativeMethodAccessorImpl.invoke(NativeMethodAccessorImpl.java:62)
	at sun.reflect.DelegatingMethodAccessorImpl.invoke(DelegatingMethodAccessorImpl.java:43)
	at java.lang.reflect.Method.invoke(Method.java:498)
	at org.junit.platform.commons.util.ReflectionUtils.invokeMethod(ReflectionUtils.java:688)
	at org.junit.jupiter.engine.execution.MethodInvocation.proceed(MethodInvocation.java:60)
	at org.junit.jupiter.engine.execution.InvocationInterceptorChain$ValidatingInvocation.proceed(InvocationInterceptorChain.java:131)
	at org.junit.jupiter.engine.extension.TimeoutExtension.intercept(TimeoutExtension.java:149)
	at org.junit.jupiter.engine.extension.TimeoutExtension.interceptTestableMethod(TimeoutExtension.java:140)
	at org.junit.jupiter.engine.extension.TimeoutExtension.interceptTestMethod(TimeoutExtension.java:84)
	at org.junit.jupiter.engine.execution.ExecutableInvoker$ReflectiveInterceptorCall.lambda$ofVoidMethod$0(ExecutableInvoker.java:115)
	at org.junit.jupiter.engine.execution.ExecutableInvoker.lambda$invoke$0(ExecutableInvoker.java:105)
	at org.junit.jupiter.engine.execution.InvocationInterceptorChain$InterceptedInvocation.proceed(InvocationInterceptorChain.java:106)
	at org.junit.jupiter.engine.execution.InvocationInterceptorChain.proceed(InvocationInterceptorChain.java:64)
	at org.junit.jupiter.engine.execution.InvocationInterceptorChain.chainAndInvoke(InvocationInterceptorChain.java:45)
	at org.junit.jupiter.engine.execution.InvocationInterceptorChain.invoke(InvocationInterceptorChain.java:37)
	at org.junit.jupiter.engine.execution.ExecutableInvoker.invoke(ExecutableInvoker.java:104)
	at org.junit.jupiter.engine.execution.ExecutableInvoker.invoke(ExecutableInvoker.java:98)
	at org.junit.jupiter.engine.descriptor.TestMethodTestDescriptor.lambda$invokeTestMethod$6(TestMethodTestDescriptor.java:210)
	at org.junit.platform.engine.support.hierarchical.ThrowableCollector.execute(ThrowableCollector.java:73)
	at org.junit.jupiter.engine.descriptor.TestMethodTestDescriptor.invokeTestMethod(TestMethodTestDescriptor.java:206)
	at org.junit.jupiter.engine.descriptor.TestMethodTestDescriptor.execute(TestMethodTestDescriptor.java:131)
	at org.junit.jupiter.engine.descriptor.TestMethodTestDescriptor.execute(TestMethodTestDescriptor.java:65)
	at org.junit.platform.engine.support.hierarchical.NodeTestTask.lambda$executeRecursively$5(NodeTestTask.java:139)
	at org.junit.platform.engine.support.hierarchical.ThrowableCollector.execute(ThrowableCollector.java:73)
	at org.junit.platform.engine.support.hierarchical.NodeTestTask.lambda$executeRecursively$7(NodeTestTask.java:129)
	at org.junit.platform.engine.support.hierarchical.Node.around(Node.java:137)
	at org.junit.platform.engine.support.hierarchical.NodeTestTask.lambda$executeRecursively$8(NodeTestTask.java:127)
	at org.junit.platform.engine.support.hierarchical.ThrowableCollector.execute(ThrowableCollector.java:73)
	at org.junit.platform.engine.support.hierarchical.NodeTestTask.executeRecursively(NodeTestTask.java:126)
	at org.junit.platform.engine.support.hierarchical.NodeTestTask.execute(NodeTestTask.java:84)
	at java.util.ArrayList.forEach(ArrayList.java:1259)
	at org.junit.platform.engine.support.hierarchical.SameThreadHierarchicalTestExecutorService.invokeAll(SameThreadHierarchicalTestExecutorService.java:38)
	at org.junit.platform.engine.support.hierarchical.NodeTestTask.lambda$executeRecursively$5(NodeTestTask.java:143)
	at org.junit.platform.engine.support.hierarchical.ThrowableCollector.execute(ThrowableCollector.java:73)
	at org.junit.platform.engine.support.hierarchical.NodeTestTask.lambda$executeRecursively$7(NodeTestTask.java:129)
	at org.junit.platform.engine.support.hierarchical.Node.around(Node.java:137)
	at org.junit.platform.engine.support.hierarchical.NodeTestTask.lambda$executeRecursively$8(NodeTestTask.java:127)
	at org.junit.platform.engine.support.hierarchical.ThrowableCollector.execute(ThrowableCollector.java:73)
	at org.junit.platform.engine.support.hierarchical.NodeTestTask.executeRecursively(NodeTestTask.java:126)
	at org.junit.platform.engine.support.hierarchical.NodeTestTask.execute(NodeTestTask.java:84)
	at java.util.ArrayList.forEach(ArrayList.java:1259)
	at org.junit.platform.engine.support.hierarchical.SameThreadHierarchicalTestExecutorService.invokeAll(SameThreadHierarchicalTestExecutorService.java:38)
	at org.junit.platform.engine.support.hierarchical.NodeTestTask.lambda$executeRecursively$5(NodeTestTask.java:143)
	at org.junit.platform.engine.support.hierarchical.ThrowableCollector.execute(ThrowableCollector.java:73)
	at org.junit.platform.engine.support.hierarchical.NodeTestTask.lambda$executeRecursively$7(NodeTestTask.java:129)
	at org.junit.platform.engine.support.hierarchical.Node.around(Node.java:137)
	at org.junit.platform.engine.support.hierarchical.NodeTestTask.lambda$executeRecursively$8(NodeTestTask.java:127)
	at org.junit.platform.engine.support.hierarchical.ThrowableCollector.execute(ThrowableCollector.java:73)
	at org.junit.platform.engine.support.hierarchical.NodeTestTask.executeRecursively(NodeTestTask.java:126)
	at org.junit.platform.engine.support.hierarchical.NodeTestTask.execute(NodeTestTask.java:84)
	at org.junit.platform.engine.support.hierarchical.SameThreadHierarchicalTestExecutorService.submit(SameThreadHierarchicalTestExecutorService.java:32)
	at org.junit.platform.engine.support.hierarchical.HierarchicalTestExecutor.execute(HierarchicalTestExecutor.java:57)
	at org.junit.platform.engine.support.hierarchical.HierarchicalTestEngine.execute(HierarchicalTestEngine.java:51)
	at org.junit.platform.launcher.core.EngineExecutionOrchestrator.execute(EngineExecutionOrchestrator.java:108)
	at org.junit.platform.launcher.core.EngineExecutionOrchestrator.execute(EngineExecutionOrchestrator.java:88)
	at org.junit.platform.launcher.core.EngineExecutionOrchestrator.lambda$execute$0(EngineExecutionOrchestrator.java:54)
	at org.junit.platform.launcher.core.EngineExecutionOrchestrator.withInterceptedStreams(EngineExecutionOrchestrator.java:67)
	at org.junit.platform.launcher.core.EngineExecutionOrchestrator.execute(EngineExecutionOrchestrator.java:52)
	at org.junit.platform.launcher.core.DefaultLauncher.execute(DefaultLauncher.java:96)
	at org.junit.platform.launcher.core.DefaultLauncher.execute(DefaultLauncher.java:75)
	at org.gradle.api.internal.tasks.testing.junitplatform.JUnitPlatformTestClassProcessor$CollectAllTestClassesExecutor.processAllTestClasses(JUnitPlatformTestClassProcessor.java:99)
	at org.gradle.api.internal.tasks.testing.junitplatform.JUnitPlatformTestClassProcessor$CollectAllTestClassesExecutor.access$000(JUnitPlatformTestClassProcessor.java:79)
	at org.gradle.api.internal.tasks.testing.junitplatform.JUnitPlatformTestClassProcessor.stop(JUnitPlatformTestClassProcessor.java:75)
	at org.gradle.api.internal.tasks.testing.SuiteTestClassProcessor.stop(SuiteTestClassProcessor.java:61)
	at sun.reflect.NativeMethodAccessorImpl.invoke0(Native Method)
	at sun.reflect.NativeMethodAccessorImpl.invoke(NativeMethodAccessorImpl.java:62)
	at sun.reflect.DelegatingMethodAccessorImpl.invoke(DelegatingMethodAccessorImpl.java:43)
	at java.lang.reflect.Method.invoke(Method.java:498)
	at org.gradle.internal.dispatch.ReflectionDispatch.dispatch(ReflectionDispatch.java:36)
	at org.gradle.internal.dispatch.ReflectionDispatch.dispatch(ReflectionDispatch.java:24)
	at org.gradle.internal.dispatch.ContextClassLoaderDispatch.dispatch(ContextClassLoaderDispatch.java:33)
	at org.gradle.internal.dispatch.ProxyDispatchAdapter$DispatchingInvocationHandler.invoke(ProxyDispatchAdapter.java:94)
	at com.sun.proxy.$Proxy2.stop(Unknown Source)
	at org.gradle.api.internal.tasks.testing.worker.TestWorker.stop(TestWorker.java:135)
	at sun.reflect.NativeMethodAccessorImpl.invoke0(Native Method)
	at sun.reflect.NativeMethodAccessorImpl.invoke(NativeMethodAccessorImpl.java:62)
	at sun.reflect.DelegatingMethodAccessorImpl.invoke(DelegatingMethodAccessorImpl.java:43)
	at java.lang.reflect.Method.invoke(Method.java:498)
	at org.gradle.internal.dispatch.ReflectionDispatch.dispatch(ReflectionDispatch.java:36)
	at org.gradle.internal.dispatch.ReflectionDispatch.dispatch(ReflectionDispatch.java:24)
	at org.gradle.internal.remote.internal.hub.MessageHubBackedObjectConnection$DispatchWrapper.dispatch(MessageHubBackedObjectConnection.java:182)
	at org.gradle.internal.remote.internal.hub.MessageHubBackedObjectConnection$DispatchWrapper.dispatch(MessageHubBackedObjectConnection.java:164)
	at org.gradle.internal.remote.internal.hub.MessageHub$Handler.run(MessageHub.java:414)
	at org.gradle.internal.concurrent.ExecutorPolicy$CatchAndRecordFailures.onExecute(ExecutorPolicy.java:64)
	at org.gradle.internal.concurrent.ManagedExecutorImpl$1.run(ManagedExecutorImpl.java:48)
	at java.util.concurrent.ThreadPoolExecutor.runWorker(ThreadPoolExecutor.java:1149)
	at java.util.concurrent.ThreadPoolExecutor$Worker.run(ThreadPoolExecutor.java:624)
	at org.gradle.internal.concurrent.ThreadFactoryImpl$ManagedThreadRunnable.run(ThreadFactoryImpl.java:56)
	at java.lang.Thread.run(Thread.java:748)
</failure>
  </testcase>
  <system-out><![CDATA[Domain Response:                     <html>
                        <head>
                            <title>202 Accepted</title>
                        </head>
                        <body>
                            <h1>Authorization accepted</h1>
                        </body>
                    </html>
Generated UserCard: %7B%22keyid%22%3A3%2C%22card%22%3A%225NyLUmGMqJtG1o6hBqY6OWcpkKroRaRB%5C%2FGO1CCUh2hS%2BtlkG1nS2FpT4sI4p0GaJCI9xuioMuHihrVEbjbH2D%5C%2Fryib2MU6M77UB4tuFQEfTPzRZBTZRuD2cbarY4BBuqX215cj7p9LMjYR2mdRgfllOyQsvPghiWMb1YW%5C%2FJzyFh6eEpIjpvsmQ7UfbpiJP13CHBmtJCrcLvkruEp2Y8sNzhpNh6jOqJ0MRc0dAUCrsFEX66AatYAIk2wn3Rk%5C%2FQ2ocyyrwPMLfDsWOF30nEa%5C%2FI3cHQPd%2Bu770cy3%2BiLrRYmRkLAFvmEtVTLBLNc3MTxJrI49oQnG2wck88a4HdDADUsz3GhV5L9PRoKN%5C%2Fiogb8s0%5C%2FGgndVBwHWHOgIVXsyXth4s4L9nqQgVxloD5a7EUef%2B74kXYDnlICm4C%2BKsGlxmMTVrMjyW8BlS%2ByhDakb4wvX7qiPqnTIXstTuNHS941vJvN%5C%2Fo9th8BK9%5C%2Frj2ZaKGaRhlyQ3m0pZTxLh%2BYra0XpPdW7iSGm8q5SjVgMXZEM6ZcEtJ8zGQraUU3kz5rk94t06ctpCcvOev%5C%2FKrYtyqM3Mofdvalp%5C%2FDkSzrc6LwC%2BwWKbgHY5VSX2QSvBEtSwWyFDBp%5C%2F5MPeRU%5C%2FrC57XPuLtBedEff%5C%2FA1NhLRxGm5qAgICb%5C%2F4RvhX7SwE9ggoZPUb67%2BNdaqjWZWyZLkiqGRLVb867Q%5C%2FkllP3WdpZfkBii73eX1fHeXw0hvQ%5C%2FbA4ZjfTR0W1XW%2B4JFyykUmnyBPB5v5HpStBZSTVtAM%5C%2FGpbA4s%5C%2F3JGltlfzzMgEiSfZtk0wnNEhPMcHmClrLM7Bzxu%5C%2FUKhmagiIUzYLGYJNjchJAQm52Fvts%2BOCMPuB3ZSjg5iAKUdX%5C%2FdYMBhQXVVGaQ3T%2B8pcqTwfmel8jpS%2BevupZbyrAEgwVqPaFQUE7F5CsDKDfls5HeE2ylfjYlFeuGKCAxt1YOeXtvBRVdciC%5C%2FrAJP1SiMVXtTzdrsy7ScPV00E133R4sZKu1phoKonKuBdyk7Ys0G8O9kMOWe8%2BToO%5C%2FVljn9E5idsQ%2BJ%2BLlTzdXt6pUz7y422PiwspewqEFZuKEA5iQ%2Be6UaV3X%2BnVj44IXQclF5sLLBX1nn3lLOYDMyTNATpUrJPj8kEQ6i9%5C%2FfWjragl%5C%2FOTHLKlASj%2BrppFhTnQqMuRZ7oKNC8ToyhM%2BJqPHUIwdBdEF0l%5C%2Fp25TTFXi4L5PEK0H43cW0Ura42B10jfHSu51EtldOrK5a4NNUByFInov7CNdHXQrmrJBnnFCB9Lgf3faqfc4gySx62TwSQhtQf3xOqXnAHmYrtAFMvsjvwOHvk1JRW4IqI0OVw6DYCJlnekmCsA%2BrZRJ1zTBulr38W%5C%2FxI81ZqP%5C%2FZgD0akW7f%5C%2FUikwWLRe%2B0j1ue%5C%2F4HJ5BaStLS2TKSKb%22%2C%22user%22%3A%22TE1515715%22%2C%22lang%22%3A%22al%22%2C%22langcode%22%3A%22sq_AL_FO%22%2C%22keys%22%3A%22ACCOUNT%22%2C%22level%22%3A%22500%22%2C%22status%22%3A%22OK%22%2C%22accountid%22%3A%221515715%22%2C%22hostopianid%22%3A%222519%22%2C%22portaluname%22%3A%22qatest-2519-04042019-NE2RuXa-new-yc%40ychekulaeva.hostopia.com%22%2C%22domain%22%3A%22qatest-2519-04042019-ne2ruxa.com%22%2C%22customloginurl%22%3A%22http%3A%5C%2F%5C%2Fwww.telmex.com%5C%2Fcloud%22%7D
Generated AccessToken: eyJ0eXAiOiJKV1QiLCJhbGciOiJIUzI1NiJ9.eyJoYXNoIjoiZGUwNjkzY2UxNzJiMjI1NzI2ZGJhZTIzMzUzYWI1MmEzY2Q3ZmM0MGQ0ZWIyNjM2OGQ5YThkMTNiM2E1NWUzYSIsImV4cCI6MTcyNjc2MTY4OH0.jvfg3gHlxrZL60AUBrHTc6vM0FK_9xu6hk9VSqKaPwo
HTTP/1.1 200 OK
Date: Thu, 19 Sep 2024 15:56:30 GMT
Server: Apache
X-Content-Type-Options: nosniff
X-Frame-Options: SAMEORIGIN
X-XSS-Protection: 1; mode=block
Strict-Transport-Security: max-age=31536000; includeSubDomains
Content-Type: application/json
Keep-Alive: timeout=5, max=100
Connection: Keep-Alive
Transfer-Encoding: chunked

{
    "Emails": [
        {
            "id": "331962",
            "Name": "Email 4",
            "nletter": "332102",
            "Total": "20",
            "send_date": "2023-12-22 11:01:13",
            "DateSent": "22/12/2023 at 15:10",
            "Status": "SENT",
            "sendtaskId": "260428",
            "nlId": "332102",
            "designId": "41372631",
            "SenderEmail": "postmaster@qatest-2519-04042019-ne2ruxa.com",
            "Subject": "Test",
            "nlURL": "announcerweb/site_616557cd84a82/site_616557cd84a82",
            "ShareTwitter": "YES",
            "ShareFacebook": "YES",
            "DesignDesigner": null,
            "lastPublished": "19/08/2024 at 20:46",
            "isUnlayerTemplate": false,
            "opens": 0
        },
        {
            "id": "331962",
            "Name": "Email 4",
            "nletter": "332102",
            "Total": "20",
            "send_date": "2023-12-22 11:06:18",
            "DateSent": "22/12/2023 at 15:15",
            "Status": "SENT",
            "sendtaskId": "260430",
            "nlId": "332102",
            "designId": "41372631",
            "SenderEmail": "postmaster@qatest-2519-04042019-ne2ruxa.com",
            "Subject": "Test",
            "nlURL": "announcerweb/site_616557cd84a82/site_616557cd84a82",
            "ShareTwitter": "YES",
            "ShareFacebook": "YES",
            "DesignDesigner": null,
            "lastPublished": "19/08/2024 at 20:46",
            "isUnlayerTemplate": false,
            "opens": 0
        },
        {
            "id": "331962",
            "Name": "Email 4",
            "nletter": "332102",
            "Total": "20",
            "send_date": "2023-12-26 03:23:50",
            "DateSent": "26/12/2023 at 07:30",
            "Status": "SENT",
            "sendtaskId": "260444",
            "nlId": "332102",
            "designId": "41372631",
            "SenderEmail": "postmaster@qatest-2519-04042019-ne2ruxa.com",
            "Subject": "Test",
            "nlURL": "announcerweb/site_616557cd84a82/site_616557cd84a82",
            "ShareTwitter": "YES",
            "ShareFacebook": "YES",
            "DesignDesigner": null,
            "lastPublished": "19/08/2024 at 20:46",
            "isUnlayerTemplate": false,
            "opens": 0
        },
        {
            "id": "331962",
            "Name": "Email 4",
            "nletter": "332102",
            "Total": "20",
            "send_date": "2023-12-26 03:28:23",
            "DateSent": "26/12/2023 at 07:35",
            "Status": "SENT",
            "sendtaskId": "260446",
            "nlId": "332102",
            "designId": "41372631",
            "SenderEmail": "postmaster@qatest-2519-04042019-ne2ruxa.com",
            "Subject": "Test",
            "nlURL": "announcerweb/site_616557cd84a82/site_616557cd84a82",
            "ShareTwitter": "YES",
            "ShareFacebook": "YES",
            "DesignDesigner": null,
            "lastPublished": "19/08/2024 at 20:46",
            "isUnlayerTemplate": false,
            "opens": 0
        },
        {
            "id": "331962",
            "Name": "Email 4",
            "nletter": "332102",
            "Total": "0",
            "send_date": "2023-12-26 03:30:50",
            "DateSent": "26/12/2023 at 07:33",
            "Status": "INVALID",
            "sendtaskId": "260448",
            "nlId": "332102",
            "designId": "41372631",
            "SenderEmail": "postmaster@qatest-2519-04042019-ne2ruxa.com",
            "Subject": "Test",
            "nlURL": "announcerweb/site_616557cd84a82/site_616557cd84a82",
            "ShareTwitter": "YES",
            "ShareFacebook": "YES",
            "DesignDesigner": null,
            "lastPublished": "19/08/2024 at 20:46",
            "isUnlayerTemplate": false,
            "opens": 0
        },
        {
            "id": "331962",
            "Name": "Email 4",
            "nletter": "332102",
            "Total": "20",
            "send_date": "2023-12-26 03:33:26",
            "DateSent": "26/12/2023 at 07:40",
            "Status": "SENT",
            "sendtaskId": "260450",
            "nlId": "332102",
            "designId": "41372631",
            "SenderEmail": "postmaster@qatest-2519-04042019-ne2ruxa.com",
            "Subject": "Test",
            "nlURL": "announcerweb/site_616557cd84a82/site_616557cd84a82",
            "ShareTwitter": "YES",
            "ShareFacebook": "YES",
            "DesignDesigner": null,
            "lastPublished": "19/08/2024 at 20:46",
            "isUnlayerTemplate": false,
            "opens": 0
        },
        {
            "id": "331962",
            "Name": "Email 4",
            "nletter": "332102",
            "Total": "0",
            "send_date": "2023-12-26 03:35:49",
            "DateSent": "26/12/2023 at 07:37",
            "Status": "INVALID",
            "sendtaskId": "260452",
            "nlId": "332102",
            "designId": "41372631",
            "SenderEmail": "postmaster@qatest-2519-04042019-ne2ruxa.com",
            "Subject": "Test",
            "nlURL": "announcerweb/site_616557cd84a82/site_616557cd84a82",
            "ShareTwitter": "YES",
            "ShareFacebook": "YES",
            "DesignDesigner": null,
            "lastPublished": "19/08/2024 at 20:46",
            "isUnlayerTemplate": false,
            "opens": 0
        },
        {
            "id": "331962",
            "Name": "Email 4",
            "nletter": "332102",
            "Total": "20",
            "send_date": "2023-12-26 03:37:44",
            "DateSent": "26/12/2023 at 07:45",
            "Status": "SENT",
            "sendtaskId": "260454",
            "nlId": "332102",
            "designId": "41372631",
            "SenderEmail": "postmaster@qatest-2519-04042019-ne2ruxa.com",
            "Subject": "Test",
            "nlURL": "announcerweb/site_616557cd84a82/site_616557cd84a82",
            "ShareTwitter": "YES",
            "ShareFacebook": "YES",
            "DesignDesigner": null,
            "lastPublished": "19/08/2024 at 20:46",
            "isUnlayerTemplate": false,
            "opens": 0
        },
        {
            "id": "331962",
            "Name": "Email 4",
            "nletter": "332102",
            "Total": "20",
            "send_date": "2023-12-26 03:40:16",
            "DateSent": "26/12/2023 at 07:50",
            "Status": "SENT",
            "sendtaskId": "260456",
            "nlId": "332102",
            "designId": "41372631",
            "SenderEmail": "postmaster@qatest-2519-04042019-ne2ruxa.com",
            "Subject": "Test",
            "nlURL": "announcerweb/site_616557cd84a82/site_616557cd84a82",
            "ShareTwitter": "YES",
            "ShareFacebook": "YES",
            "DesignDesigner": null,
            "lastPublished": "19/08/2024 at 20:46",
            "isUnlayerTemplate": false,
            "opens": 0
        },
        {
            "id": "331962",
            "Name": "Email 4",
            "nletter": "332102",
            "Total": "20",
            "send_date": "2023-12-26 05:40:25",
            "DateSent": "26/12/2023 at 09:50",
            "Status": "SENT",
            "sendtaskId": "260458",
            "nlId": "332102",
            "designId": "41372631",
            "SenderEmail": "postmaster@qatest-2519-04042019-ne2ruxa.com",
            "Subject": "Test",
            "nlURL": "announcerweb/site_616557cd84a82/site_616557cd84a82",
            "ShareTwitter": "YES",
            "ShareFacebook": "YES",
            "DesignDesigner": null,
            "lastPublished": "19/08/2024 at 20:46",
            "isUnlayerTemplate": false,
            "opens": 0
        },
        {
            "id": "331962",
            "Name": "Email 4",
            "nletter": "332102",
            "Total": "0",
            "send_date": "2023-12-26 07:15:35",
            "DateSent": "26/12/2023 at 11:16",
            "Status": "INVALID",
            "sendtaskId": "260460",
            "nlId": "332102",
            "designId": "41372631",
            "SenderEmail": "postmaster@qatest-2519-04042019-ne2ruxa.com",
            "Subject": "Test",
            "nlURL": "announcerweb/site_616557cd84a82/site_616557cd84a82",
            "ShareTwitter": "YES",
            "ShareFacebook": "YES",
            "DesignDesigner": null,
            "lastPublished": "19/08/2024 at 20:46",
            "isUnlayerTemplate": false,
            "opens": 0
        },
        {
            "id": "331962",
            "Name": "Email 4",
            "nletter": "332102",
            "Total": "20",
            "send_date": "2023-12-26 07:16:39",
            "DateSent": "26/12/2023 at 11:25",
            "Status": "SENT",
            "sendtaskId": "260462",
            "nlId": "332102",
            "designId": "41372631",
            "SenderEmail": "postmaster@qatest-2519-04042019-ne2ruxa.com",
            "Subject": "Test",
            "nlURL": "announcerweb/site_616557cd84a82/site_616557cd84a82",
            "ShareTwitter": "YES",
            "ShareFacebook": "YES",
            "DesignDesigner": null,
            "lastPublished": "19/08/2024 at 20:46",
            "isUnlayerTemplate": false,
            "opens": 0
        },
        {
            "id": "331962",
            "Name": "Email 4",
            "nletter": "332102",
            "Total": "20",
            "send_date": "2023-12-26 07:22:05",
            "DateSent": "26/12/2023 at 11:30",
            "Status": "SENT",
            "sendtaskId": "260464",
            "nlId": "332102",
            "designId": "41372631",
            "SenderEmail": "postmaster@qatest-2519-04042019-ne2ruxa.com",
            "Subject": "Test",
            "nlURL": "announcerweb/site_616557cd84a82/site_616557cd84a82",
            "ShareTwitter": "YES",
            "ShareFacebook": "YES",
            "DesignDesigner": null,
            "lastPublished": "19/08/2024 at 20:46",
            "isUnlayerTemplate": false,
            "opens": 0
        },
        {
            "id": "331962",
            "Name": "Email 4",
            "nletter": "332102",
            "Total": "20",
            "send_date": "2023-12-26 07:59:04",
            "DateSent": "26/12/2023 at 12:05",
            "Status": "SENT",
            "sendtaskId": "260466",
            "nlId": "332102",
            "designId": "41372631",
            "SenderEmail": "postmaster@qatest-2519-04042019-ne2ruxa.com",
            "Subject": "Test",
            "nlURL": "announcerweb/site_616557cd84a82/site_616557cd84a82",
            "ShareTwitter": "YES",
            "ShareFacebook": "YES",
            "DesignDesigner": null,
            "lastPublished": "19/08/2024 at 20:46",
            "isUnlayerTemplate": false,
            "opens": 0
        },
        {
            "id": "331962",
            "Name": "Email 4",
            "nletter": "332102",
            "Total": "20",
            "send_date": "2023-12-26 08:00:54",
            "DateSent": "26/12/2023 at 12:10",
            "Status": "SENT",
            "sendtaskId": "260468",
            "nlId": "332102",
            "designId": "41372631",
            "SenderEmail": "postmaster@qatest-2519-04042019-ne2ruxa.com",
            "Subject": "Test",
            "nlURL": "announcerweb/site_616557cd84a82/site_616557cd84a82",
            "ShareTwitter": "YES",
            "ShareFacebook": "YES",
            "DesignDesigner": null,
            "lastPublished": "19/08/2024 at 20:46",
            "isUnlayerTemplate": false,
            "opens": 0
        },
        {
            "id": "331962",
            "Name": "Email 4",
            "nletter": "332102",
            "Total": "20",
            "send_date": "2023-12-27 05:12:43",
            "DateSent": "27/12/2023 at 09:20",
            "Status": "SENT",
            "sendtaskId": "260474",
            "nlId": "332102",
            "designId": "41372631",
            "SenderEmail": "postmaster@qatest-2519-04042019-ne2ruxa.com",
            "Subject": "Test",
            "nlURL": "announcerweb/site_616557cd84a82/site_616557cd84a82",
            "ShareTwitter": "YES",
            "ShareFacebook": "YES",
            "DesignDesigner": null,
            "lastPublished": "19/08/2024 at 20:46",
            "isUnlayerTemplate": false,
            "opens": 0
        },
        {
            "id": "331962",
            "Name": "Email 4",
            "nletter": "332102",
            "Total": "20",
            "send_date": "2024-01-02 08:55:43",
            "DateSent": "02/01/2024 at 13:05",
            "Status": "SENT",
            "sendtaskId": "260668",
            "nlId": "332102",
            "designId": "41372631",
            "SenderEmail": "postmaster@qatest-2519-04042019-ne2ruxa.com",
            "Subject": "Test",
            "nlURL": "announcerweb/site_616557cd84a82/site_616557cd84a82",
            "ShareTwitter": "YES",
            "ShareFacebook": "YES",
            "DesignDesigner": null,
            "lastPublished": "19/08/2024 at 20:46",
            "isUnlayerTemplate": false,
            "opens": 0
        },
        {
            "id": "331962",
            "Name": "Email 4",
            "nletter": "332102",
            "Total": "20",
            "send_date": "2024-01-02 09:00:12",
            "DateSent": "02/01/2024 at 13:10",
            "Status": "SENT",
            "sendtaskId": "260670",
            "nlId": "332102",
            "designId": "41372631",
            "SenderEmail": "postmaster@qatest-2519-04042019-ne2ruxa.com",
            "Subject": "Test",
            "nlURL": "announcerweb/site_616557cd84a82/site_616557cd84a82",
            "ShareTwitter": "YES",
            "ShareFacebook": "YES",
            "DesignDesigner": null,
            "lastPublished": "19/08/2024 at 20:46",
            "isUnlayerTemplate": false,
            "opens": 0
        },
        {
            "id": "331962",
            "Name": "Email 4",
            "nletter": "332102",
            "Total": "20",
            "send_date": "2024-01-03 06:57:59",
            "DateSent": "03/01/2024 at 11:05",
            "Status": "SENT",
            "sendtaskId": "260676",
            "nlId": "332102",
            "designId": "41372631",
            "SenderEmail": "postmaster@qatest-2519-04042019-ne2ruxa.com",
            "Subject": "Test",
            "nlURL": "announcerweb/site_616557cd84a82/site_616557cd84a82",
            "ShareTwitter": "YES",
            "ShareFacebook": "YES",
            "DesignDesigner": null,
            "lastPublished": "19/08/2024 at 20:46",
            "isUnlayerTemplate": false,
            "opens": 0
        },
        {
            "id": "331962",
            "Name": "Email 4",
            "nletter": "332102",
            "Total": "20",
            "send_date": "2024-01-03 07:19:09",
            "DateSent": "03/01/2024 at 11:25",
            "Status": "SENT",
            "sendtaskId": "260678",
            "nlId": "332102",
            "designId": "41372631",
            "SenderEmail": "postmaster@qatest-2519-04042019-ne2ruxa.com",
            "Subject": "Test",
            "nlURL": "announcerweb/site_616557cd84a82/site_616557cd84a82",
            "ShareTwitter": "YES",
            "ShareFacebook": "YES",
            "DesignDesigner": null,
            "lastPublished": "19/08/2024 at 20:46",
            "isUnlayerTemplate": false,
            "opens": 0
        },
        {
            "id": "331962",
            "Name": "Email 4",
            "nletter": "332102",
            "Total": "20",
            "send_date": "2024-01-04 08:46:33",
            "DateSent": "04/01/2024 at 12:55",
            "Status": "SENT",
            "sendtaskId": "260712",
            "nlId": "332102",
            "designId": "41372631",
            "SenderEmail": "postmaster@qatest-2519-04042019-ne2ruxa.com",
            "Subject": "Test",
            "nlURL": "announcerweb/site_616557cd84a82/site_616557cd84a82",
            "ShareTwitter": "YES",
            "ShareFacebook": "YES",
            "DesignDesigner": null,
            "lastPublished": "19/08/2024 at 20:46",
            "isUnlayerTemplate": false,
            "opens": 0
        },
        {
            "id": "331962",
            "Name": "Email 4",
            "nletter": "332102",
            "Total": "20",
            "send_date": "2024-01-09 11:08:54",
            "DateSent": "09/01/2024 at 15:15",
            "Status": "SENT",
            "sendtaskId": "260816",
            "nlId": "332102",
            "designId": "41372631",
            "SenderEmail": "postmaster@qatest-2519-04042019-ne2ruxa.com",
            "Subject": "Test",
            "nlURL": "announcerweb/site_616557cd84a82/site_616557cd84a82",
            "ShareTwitter": "YES",
            "ShareFacebook": "YES",
            "DesignDesigner": null,
            "lastPublished": "19/08/2024 at 20:46",
            "isUnlayerTemplate": false,
            "opens": 0
        },
        {
            "id": "331962",
            "Name": "Email 4",
            "nletter": "332102",
            "Total": "20",
            "send_date": "2024-01-09 11:17:17",
            "DateSent": "09/01/2024 at 15:25",
            "Status": "SENT",
            "sendtaskId": "260824",
            "nlId": "332102",
            "designId": "41372631",
            "SenderEmail": "postmaster@qatest-2519-04042019-ne2ruxa.com",
            "Subject": "Test",
            "nlURL": "announcerweb/site_616557cd84a82/site_616557cd84a82",
            "ShareTwitter": "YES",
            "ShareFacebook": "YES",
            "DesignDesigner": null,
            "lastPublished": "19/08/2024 at 20:46",
            "isUnlayerTemplate": false,
            "opens": 0
        },
        {
            "id": "331962",
            "Name": "Email 4",
            "nletter": "332102",
            "Total": "20",
            "send_date": "2024-01-09 11:20:30",
            "DateSent": "09/01/2024 at 15:30",
            "Status": "SENT",
            "sendtaskId": "260828",
            "nlId": "332102",
            "designId": "41372631",
            "SenderEmail": "postmaster@qatest-2519-04042019-ne2ruxa.com",
            "Subject": "Test",
            "nlURL": "announcerweb/site_616557cd84a82/site_616557cd84a82",
            "ShareTwitter": "YES",
            "ShareFacebook": "YES",
            "DesignDesigner": null,
            "lastPublished": "19/08/2024 at 20:46",
            "isUnlayerTemplate": false,
            "opens": 0
        },
        {
            "id": "331962",
            "Name": "Email 4",
            "nletter": "332102",
            "Total": "20",
            "send_date": "2024-01-16 06:48:18",
            "DateSent": "16/01/2024 at 10:55",
            "Status": "SENT",
            "sendtaskId": "261010",
            "nlId": "332102",
            "designId": "41372631",
            "SenderEmail": "postmaster@qatest-2519-04042019-ne2ruxa.com",
            "Subject": "Test",
            "nlURL": "announcerweb/site_616557cd84a82/site_616557cd84a82",
            "ShareTwitter": "YES",
            "ShareFacebook": "YES",
            "DesignDesigner": null,
            "lastPublished": "19/08/2024 at 20:46",
            "isUnlayerTemplate": false,
            "opens": 0
        },
        {
            "id": "331962",
            "Name": "Email 4",
            "nletter": "332102",
            "Total": "20",
            "send_date": "2024-01-17 07:45:40",
            "DateSent": "17/01/2024 at 11:55",
            "Status": "SENT",
            "sendtaskId": "261064",
            "nlId": "332102",
            "designId": "41372631",
            "SenderEmail": "postmaster@qatest-2519-04042019-ne2ruxa.com",
            "Subject": "Test",
            "nlURL": "announcerweb/site_616557cd84a82/site_616557cd84a82",
            "ShareTwitter": "YES",
            "ShareFacebook": "YES",
            "DesignDesigner": null,
            "lastPublished": "19/08/2024 at 20:46",
            "isUnlayerTemplate": false,
            "opens": 0
        },
        {
            "id": "331962",
            "Name": "Email 4",
            "nletter": "332102",
            "Total": "20",
            "send_date": "2024-01-17 11:18:20",
            "DateSent": "17/01/2024 at 15:25",
            "Status": "SENT",
            "sendtaskId": "261072",
            "nlId": "332102",
            "designId": "41372631",
            "SenderEmail": "postmaster@qatest-2519-04042019-ne2ruxa.com",
            "Subject": "Test",
            "nlURL": "announcerweb/site_616557cd84a82/site_616557cd84a82",
            "ShareTwitter": "YES",
            "ShareFacebook": "YES",
            "DesignDesigner": null,
            "lastPublished": "19/08/2024 at 20:46",
            "isUnlayerTemplate": false,
            "opens": 0
        },
        {
            "id": "331962",
            "Name": "Email 4",
            "nletter": "332102",
            "Total": "20",
            "send_date": "2024-08-14 17:33:07",
            "DateSent": "14/08/2024 at 21:40",
            "Status": "SENT",
            "sendtaskId": "265034",
            "nlId": "332102",
            "designId": "41372631",
            "SenderEmail": "postmaster@qatest-2519-04042019-ne2ruxa.com",
            "Subject": "Test",
            "nlURL": "announcerweb/site_616557cd84a82/site_616557cd84a82",
            "ShareTwitter": "YES",
            "ShareFacebook": "YES",
            "DesignDesigner": null,
            "lastPublished": "19/08/2024 at 20:46",
            "isUnlayerTemplate": false,
            "opens": 0
        },
        {
            "id": "331962",
            "Name": "Email 4",
            "nletter": "332102",
            "Total": "20",
            "send_date": "2024-08-15 05:56:44",
            "DateSent": "15/08/2024 at 10:05",
            "Status": "SENT",
            "sendtaskId": "265042",
            "nlId": "332102",
            "designId": "41372631",
            "SenderEmail": "postmaster@qatest-2519-04042019-ne2ruxa.com",
            "Subject": "Test",
            "nlURL": "announcerweb/site_616557cd84a82/site_616557cd84a82",
            "ShareTwitter": "YES",
            "ShareFacebook": "YES",
            "DesignDesigner": null,
            "lastPublished": "19/08/2024 at 20:46",
            "isUnlayerTemplate": false,
            "opens": 0
        },
        {
            "id": "331962",
            "Name": "Email 4",
            "nletter": "332102",
            "Total": "20",
            "send_date": "2024-08-19 09:31:45",
            "DateSent": "19/08/2024 at 13:40",
            "Status": "SENT",
            "sendtaskId": "265080",
            "nlId": "332102",
            "designId": "41372631",
            "SenderEmail": "postmaster@qatest-2519-04042019-ne2ruxa.com",
            "Subject": "Test",
            "nlURL": "announcerweb/site_616557cd84a82/site_616557cd84a82",
            "ShareTwitter": "YES",
            "ShareFacebook": "YES",
            "DesignDesigner": null,
            "lastPublished": "19/08/2024 at 20:46",
            "isUnlayerTemplate": false,
            "opens": 0
        },
        {
            "id": "331962",
            "Name": "Email 4",
            "nletter": "332102",
            "Total": "20",
            "send_date": "2024-08-19 16:46:16",
            "DateSent": "19/08/2024 at 20:55",
            "Status": "SENT",
            "sendtaskId": "265082",
            "nlId": "332102",
            "designId": "41372631",
            "SenderEmail": "postmaster@qatest-2519-04042019-ne2ruxa.com",
            "Subject": "Test",
            "nlURL": "announcerweb/site_616557cd84a82/site_616557cd84a82",
            "ShareTwitter": "YES",
            "ShareFacebook": "YES",
            "DesignDesigner": null,
            "lastPublished": "19/08/2024 at 20:46",
            "isUnlayerTemplate": false,
            "opens": 0
        }
    ],
    "Count": 1,
    "Success": 1
}
Domain Response:                     <html>
                        <head>
                            <title>202 Accepted</title>
                        </head>
                        <body>
                            <h1>Authorization accepted</h1>
                        </body>
                    </html>
Generated UserCard: %7B%22keyid%22%3A3%2C%22card%22%3A%22uGa2ZuRkAZzQKqgrlMafgEOFjgPIJZUFllhRowh9i%5C%2FWfstupoVan20xX6vASHlUV%2BYRHJO%5C%2F7RYtO6NF3YzARHrNoBRnte8tnBBm3ICQ%2B%5C%2FUfd4aIwByzXnl7dRLJkLCaH9az0M1UnunGfZmmrsJsmIBwWRtzbiodcAK1y4cbSNiruiZkZr%2BFlCM1db%5C%2FMPfyeMWEJEHHaZs9s4WXeFzRIjoIDyMCZ75eyMRMmHLSJCrHOJ%2BoLAsy6Zr6xdsIF3NeGuEThWWXa%5C%2FNLQAn%5C%2Fw7GkredhjczSxNOeKsLI6j4Grd%5C%2FfAK0qP4iD%5C%2F5DRccMusQU5fm9Ktfzuy2FSDpVA4qB1OiYYdZFVmgtHDyMPV1mEwAEo4%5C%2FKupvKPiRFnRIuc%5C%2FQ94HgvaW5feAMj1%5C%2FXdAODIuGAM%5C%2Ff1TxFtUUgqP0CJzJqm5r1fCYflU12fSQwgQ%5C%2FxytNENP6Ol0j8ET4Bo45B0tu8xrKmThaKUzudvOBSj1kHSWmfm%2B9YP%5C%2F%5C%2Fxb7xruhYMeNxw3rDflYTF9eElAoDyyP7TD4%2BmQbHfgyDl4JbP7FswlseDQyNc4nIcC91OclCUxGGrBn3td3Ui3rg7KotYm4kXOWmfBnR4qVc%5C%2FJqj3sZEPf39RzpijClk%5C%2FB5bm1JV59GunarfwfSxiBR%2BLZA8nKYgHkU3T1f2DuYwQytppLvsTbSP8FGGSmOD9sY7FoZqSZdZz2Z4oS%2B4GZg6RlCyZCh8nMyrzp2STkkpwbeRnDU4y%2BR%5C%2F%2Bp4rco7X0stHqRtV814SR6E38FgiWNUVm4HUxC0ebjVcG2mqAP22LlKvWqg9nKCEq55xNkpK1Xe5GFNW4DZ7aTIs0SUUBRh07RMzU432QyW8dDAHIDLgXDcA49eU6O9dqFmwIHEnica63X%2BgfnT8BSfBC6Nh0SpQI24rS48nIQYMZ1mHE98mIl%2BHAPocwBzA70D3YJSysAHnGycxGdvlvWtS45V6o4KX6Q5t4ci6zeUECjJTUJh8ItIjJVWN%2BzIiG9aB%2BH71lZyRi%2BpKxRQPPYC3EofKAvawd3Ezqt9DGJHgm9QgGub%2B1Rn9qKVCBfMvukhGA%2Bo6ge5xfnJHEBNGFGFwK%2Bz6tfwdkjcgejpjn%2B1n4QvqSmIYHTtyNOfz0zrNR%2BZqt1o5MN0Wy7Sgvh248c%2BfB3XVeNTTDufH97MEOdpgT4CPawIbtsqXwuo%2B8yi50eheGZdK3VQxeKBL6R180a8QPkm%5C%2FXpNcPEzS7zp3Q%2B6lUVw4mzyznDQ4yaGzjqf8eEw4%2BsUmY7FoYLqVKY%5C%2FGCllhbSBAYt%5C%2Fjg4L04gN5Veea7GV61oY2eZXBvLWO8QGhvNhA5b6REKYqVSkWEfvlIiXmCZpuNBAHa7E%5C%2FHlej3ochXfOBXe1%5C%2FOuqJdQjYZSzaS6QGa8OhmlkwUOptcsMBMg%22%2C%22user%22%3A%22TE1515715%22%2C%22lang%22%3A%22al%22%2C%22langcode%22%3A%22sq_AL_FO%22%2C%22keys%22%3A%22ACCOUNT%22%2C%22level%22%3A%22500%22%2C%22status%22%3A%22OK%22%2C%22accountid%22%3A%221515715%22%2C%22hostopianid%22%3A%222519%22%2C%22portaluname%22%3A%22qatest-2519-04042019-NE2RuXa-new-yc%40ychekulaeva.hostopia.com%22%2C%22domain%22%3A%22qatest-2519-04042019-ne2ruxa.com%22%2C%22customloginurl%22%3A%22http%3A%5C%2F%5C%2Fwww.telmex.com%5C%2Fcloud%22%7D
Generated AccessToken: eyJ0eXAiOiJKV1QiLCJhbGciOiJIUzI1NiJ9.eyJoYXNoIjoiY2EyZjliM2I1YTk1MWZkNzdjMjkxZmE0ZGI4NWU1ZTUyMDkzOTg3OTlmODY4ODYyZDk4MTJhZWE1ZDdjMjg1NSIsImV4cCI6MTcyNjc2MTY5NH0.4MrGVGmWZWtTLVUdtq6yHYRWrJGdJURKy1dIUdmN8hA
HTTP/1.1 200 OK
Date: Thu, 19 Sep 2024 15:56:36 GMT
Server: Apache
X-HAPI-TOKEN-FAIL: no cookie
X-Content-Type-Options: nosniff
X-Frame-Options: SAMEORIGIN
X-XSS-Protection: 1; mode=block
Strict-Transport-Security: max-age=31536000; includeSubDomains
Content-Length: 80
Content-Type: application/json
Keep-Alive: timeout=5, max=100
Connection: Keep-Alive

{
    "list": {
        "Name": "rhrerh",
        "ListId": "173106",
        "default": "0",
        "Count": 0
    },
    "Success": 1
}
Response Body: {"list":{"Name":"rhrerh","ListId":"173106","default":"0","Count":0},"Success":1}
ListId = 173106
Domain Response:                     <html>
                        <head>
                            <title>202 Accepted</title>
                        </head>
                        <body>
                            <h1>Authorization accepted</h1>
                        </body>
                    </html>
Generated UserCard: %7B%22keyid%22%3A3%2C%22card%22%3A%223WnZoc%5C%2FCD1xRFv0yNc%5C%2FdHDCyDrYdKqE%2BOqWSd0XM3qK%2BsCSliBPDrr605UBMGvi%5C%2FIp3xU8Ewio5mgjJFdtw%2BaQb%5C%2FSbQwBmFHv4IZTqHJ5wck6JhEvBM%5C%2FcAqYLq1qxzsUx5CmO%2Bn2ZR1%5C%2FU5LNYduwGHXQPm%2B1ABDYKKlkfhsqofYFo9LmcOQCZLDXiiEl9ovfJ%2B5GXceZNNNX7dvERF9jJh3g%2Bv95GlTi2hTk41r9IrZSW%2BR%2B9tzl7GT%5C%2FlhWDVIxpgQ8JSkIZB%5C%2Ffa7EpLTpj5itjMoD75v41CVmYumw820hgRwKYqjZPgAPO85NWuf5O3m2bsAYfJCMTZD4zFCq48qcX4%2BfzzEDwDci7ambtY5vBBDIRTrelL5QMartMkaIkOU0uMLt9FtPQOZIsfkA9mu4%2BIK3mj%5C%2FZnU6wXbo87ZbM7xcePSFtKUnS%5C%2F8yL%5C%2Fl5AS%5C%2FoYmnQhE2AGnkqynJVz0KtZXlEh0%5C%2FypzCE9qhSUApFS%2BwT5Zj46IkaDdwKmbU58e0%2B0J4c75g3TdbY9pxZk72d8UnpRQFZskPUQp4nIpjsPcSMP3lEmBi6IOtyBFA9yEHR2J%5C%2FoNLkqXBtM%2BoqsszNWu0ZCONswnTH%5C%2FzwdSbeZ89jQzY8e%5C%2FNmxzPjhE%2B5gQIJq4Wft8X50AtUepDCCqrRfOZWO18x2DFoRyFhaeg43jzv8uuUywnjqlZ8l7rGSZo%5C%2FBUSXFqFKnTlSeH1U%2B6TrH4pXhqTZYjg01XQGEGEquTA5XVfgwO0MBUOgW8iFMWCBrmduhoTdvUde0aAq2kyUmZB5GBP7Q1vsmNhjWCuzrzPcNSz7%5C%2FIX2covzY0YgvF%5C%2FujulNVxB606frC8neGtpRc%2BbovTWMfsiFlxRxg3i%2BX8GoolZ5Dg%2B3ndQpWoj6qpCuwhj7CFXBV3Wl2uTmgcmjDnuskrSTOwtFXY%5C%2FIDgDi6OzICFfrU2jLEz0zlSkos2q76Ey%2BtoYAQrPi0SAXkXn2Bh4ZPUIZ9BsMy20U7JpRvGKd%5C%2F2OVftT77iKI9kGYyxH0qAdt2QdY%2BFJXVKPLE8fzIQTU7CKh%5C%2FezSEDTLpLOX%5C%2FmiHH4I3ZtZPY1Ug3msMfzY3ROb39ERiEcQ2cYup%2BY11Y%5C%2FvnNjREpQS9h94vgcxQKbdzuxq6K37WQUxJOR4U9fwzKMfgW3owVEPw2TSV4wZdc4aYskmfkCvMfRX0Q10nMhVsv1GceN0uQtG1p0Sy0VSShgfAShepuh%5C%2FA2J%2BdQ1GxxohW0TKyn3RTilxwBHhIuai4qNngmlRmewipFKOpzvGSZrq4P%5C%2F6EnYjrpHp8t7oHISxQ2IEsCoS9DhvEhi8mVJnqj4JN7WV8Fgy5fwe3OKBtxmhugplXvxxKZZbyTYevRSSRg%2Bl7sZlKElGVC0akyE%5C%2FD5yeMpg90xi1Ch82mSz3K6%22%2C%22user%22%3A%22TE1515715%22%2C%22lang%22%3A%22al%22%2C%22langcode%22%3A%22sq_AL_FO%22%2C%22keys%22%3A%22ACCOUNT%22%2C%22level%22%3A%22500%22%2C%22status%22%3A%22OK%22%2C%22accountid%22%3A%221515715%22%2C%22hostopianid%22%3A%222519%22%2C%22portaluname%22%3A%22qatest-2519-04042019-NE2RuXa-new-yc%40ychekulaeva.hostopia.com%22%2C%22domain%22%3A%22qatest-2519-04042019-ne2ruxa.com%22%2C%22customloginurl%22%3A%22http%3A%5C%2F%5C%2Fwww.telmex.com%5C%2Fcloud%22%7D
Generated AccessToken: eyJ0eXAiOiJKV1QiLCJhbGciOiJIUzI1NiJ9.eyJoYXNoIjoiMDdiOThjZmVmNzUxYmQxNmUyZTEwYTA1MmI0NGU0NTljM2FjNjQyYTk2MTFlMGY2YjFhZjg4NjljMmQ0ZDBiMCIsImV4cCI6MTcyNjc2MTY5OX0.VpIbhR2QFR9OGWC7uUmdLqfrpyaVN8zgFBhnmS8w-QA
HTTP/1.1 200 OK
Date: Thu, 19 Sep 2024 15:56:41 GMT
Server: Apache
X-Content-Type-Options: nosniff
X-Frame-Options: SAMEORIGIN
X-XSS-Protection: 1; mode=block
Strict-Transport-Security: max-age=31536000; includeSubDomains
Content-Length: 741
Content-Type: application/json
Keep-Alive: timeout=5, max=100
Connection: Keep-Alive

{
    "Email": {
        "id": "331962",
        "Name": "Email 4",
        "nletter": "332102",
        "Total": "20",
        "DateSent": "2023-12-22 03:10 PM",
        "Status": "SENT",
        "nlId": "332102",
        "SenderEmail": "postmaster@qatest-2519-04042019-ne2ruxa.com",
        "Subject": "Test",
        "nlURL": "announcerweb/site_616557cd84a82/site_616557cd84a82",
        "mFormat": "html",
        "tint": "default",
        "shareTwitter": "YES",
        "shareFacebook": "YES",
        "gAnalyticsStatus": "NO",
        "webpageVersionIs": "YES",
        "webpageVersionText": "Having Trouble Viewing this Email?",
        "webpageVersionLink": "Click Here",
        "designId": "41372631",
        "categoryId": "0",
        "published": "1",
        "ListIds": "166684,168390",
        "timezone": "America/New_York",
        "dateStart": "2024-08-19 16:46:16",
        "site_id": "site_616557cd84a82",
        "ae_id": 120,
        "ae_details": {
            "amount": "0",
            "type": "hours"
        }
    },
    "Success": 1
}
Domain Response:                     <html>
                        <head>
                            <title>202 Accepted</title>
                        </head>
                        <body>
                            <h1>Authorization accepted</h1>
                        </body>
                    </html>
Generated UserCard: %7B%22keyid%22%3A3%2C%22card%22%3A%22u09MQuKo0X96T%5C%2FIQMGJUqpUTKWTZCWMLpGLhlto6M%5C%2FaSXMHk5PREnYlzj8S8HEWmJZkeII1Nx6fE9DcvnAQlb4iHck0TzC2JJu8in%2BsgE2hscdK6aa%2BXWqPa4WTnp0pwxeAhTKRwuWfl6YUdrwfaISf0bsxUAQ7DB7ACNBS%2BHYUMRaCOXghfQGomJOjMQQfEOiSUaRmfZyT%2BbVSI%5C%2FsfIaru7pkmezGR%5C%2FRP%5C%2FyCiYAm19DvTcgCaAVhRprv9unE%5C%2F3RGmb1dIcRdEW36Ig08x1iheoHAy%2B3EZnOcjlhyXmXNXnFzO5RUzSfRHH%5C%2Fna97pPT9LUbm25tp3vxbfgc%5C%2FAuGxV773Qo%5C%2FnrkoyZaykuZ%2BZquaK%2BGs2tAirYkGdFghareCBcOTeA0ahBdCbmkVVs5Ja%5C%2FfcwGWDeYzJLtPwyQtpYNqyr824RrNtvMIjObMNT3CcwlMnnvYAlgVj1syD7bZHJjaT4wN3F3nLB9M9PzITxnsrpf8SZdlOTUk%5C%2FwUtcM%2B515m0iaCcduzXueZEydRhS%5C%2FML4opjDYF%5C%2FpPbC7T3ty2zpNeO%5C%2Fug%2BT97DBJm8hMYe3FkXEwO3tgw6Ud%5C%2Fi3WBeiLV9PkEVFVKduHf19WgxeYlVczxG%5C%2Fr5DyVDxYW%5C%2FZwHyz0yGApok6x2vTz46P1bKa%2B1OxUTBxodi%5C%2FrPYKIRETVCo25T6RNt%2BmWI%5C%2FEKC5%2BKGbbLxA%2BH0Djw0s%5C%2FzuizTseYRQBWNYXwWLltASRebRcGR7b2VGBQ2g%2B9pIFAhcB65R4FqkmarkIQ8kLQsiubXLsbbduuKCqSV%2BOiP%5C%2F7u%2BrW5Aj63W7SDndYDadtFM4IKDrHwM26h%5C%2FBjxNR9Aa7KqG1lMy1GF4m8k36vkH1iSi6ehRZJqDwkwoZFGJTklpmZErDF0qOe10mfWEVBfF5NWJ1FioYAOokK8%5C%2FvlkyS0junbsnhiNTHgT49Dn8jbXqwtSEDCWsHPl%2B8pnLcvhAtSBc2Jkhnp3L7W6%2BjqLbRak%5C%2FDC1max2P4JEE1YtrjR8qcY2qXWPe3gKrT4icokYa8hU5PVLZN41O0upsj8ZObIhcqfHWUmSH%5C%2FsRj0uCmwrB7mf6ZGJqE0Mre20RHmbInwWUwvsyC4y9TTE2XH1xSEhaNKrbOVWmuWpsjAlUY8npnYMaeRfAiODaRPph3A4tw1JFAt5xRRpAYABDZ6uGXmyn%2BBdKoQxNio%2BcMjVUpkOuwQMBZ5EILOk%5C%2Fd2G3KOP%2BUC4WpXwUhGUJjbdALxnNLSEykrPKTMgkr1yrMoxwO6njfmcZnLaI8DnVBHW%5C%2FAcsT6fNFK7b0ehaPwyiG8xNG9Yxso4HY7hbtRwXe3ee%2B1iacXvPAKBsLLCUYFujiVHRpKy4kSZvV%5C%2FoPY2Y%5C%2Frx%2BYcTHxlnRpsbkZaSyulGDpGvYm8CzmXAxEgLjm%22%2C%22user%22%3A%22TE1515715%22%2C%22lang%22%3A%22al%22%2C%22langcode%22%3A%22sq_AL_FO%22%2C%22keys%22%3A%22ACCOUNT%22%2C%22level%22%3A%22500%22%2C%22status%22%3A%22OK%22%2C%22accountid%22%3A%221515715%22%2C%22hostopianid%22%3A%222519%22%2C%22portaluname%22%3A%22qatest-2519-04042019-NE2RuXa-new-yc%40ychekulaeva.hostopia.com%22%2C%22domain%22%3A%22qatest-2519-04042019-ne2ruxa.com%22%2C%22customloginurl%22%3A%22http%3A%5C%2F%5C%2Fwww.telmex.com%5C%2Fcloud%22%7D
Generated AccessToken: eyJ0eXAiOiJKV1QiLCJhbGciOiJIUzI1NiJ9.eyJoYXNoIjoiN2M4YmQxNDI1NDY1Njg5Njk0Yjc1MzI2N2NiZDk3NTYyZmNiOTFlNjRkMWRiZjBiYzkyM2Q3YmEyYTY5MDczZCIsImV4cCI6MTcyNjc2MTcwNH0.5sTH8dbvlChc-KykHijHFvVLZOqg2tRm-PR97qLfbCk
HTTP/1.1 500 Internal Server Error
Date: Thu, 19 Sep 2024 15:56:46 GMT
Server: Apache
X-Content-Type-Options: nosniff
X-Frame-Options: SAMEORIGIN
X-XSS-Protection: 1; mode=block
Strict-Transport-Security: max-age=31536000; includeSubDomains
Content-Length: 136
Content-Type: text/html;charset=UTF-8
Connection: close

<html>
  <head>
    <title>500 Internal Server Error</title>
  </head>
  <body>
    <h1>Internal Server Error</h1>

Function does not exists
  </body>
</html>
Domain Response:                     <html>
                        <head>
                            <title>202 Accepted</title>
                        </head>
                        <body>
                            <h1>Authorization accepted</h1>
                        </body>
                    </html>
Generated UserCard: %7B%22keyid%22%3A3%2C%22card%22%3A%22rK3y5mfU3eaXzAzraDBmvHA7MiDkFlbcIrSTpsv8osGdJvtZ%5C%2FtcP1XhfD%2B8gcTpoPH83zx3hLlELurVloKEZfrpLFSBE1UVl1tJXLYSz%2BKgmS0MGK57EF4BVz8aJWxQHxn7MIAxkBQ4b8kPelT7CMqomubijSWUQfmP4v9yGM6RvXcqBVcA1aKIfN5oake22mTcWLE5sd%2Bw2pwhng%5C%2FEN2PtFf3lfj8dy5%2BvI1rOfQRFSkSeLXMMXowE5zWDxDUhrS%2B1bc26NX3Ed0Icb5z7QPGPvsIlu0z%2BfCG%5C%2FkbD%5C%2FiR12x%2B9g8PveIqwg1vMw8kQ0u4Cse8oo9fWgxUDefrB1WRtOhRCk3pwXow9%2BksjcfQlRbkckCdy0ufMOTFUgootg6wvdn%2B9U2Eao1nAPR8olEOsnz3Srnk2ODwk806u1NnXqlWtgAvKksTkTA9lUnvGyMQfPqBzEO4dDiUitDBTxR59%2BQ2zNFllYDDpuiKm1GPildQgnMCEwGSU9VEzgS35M6p%2BKz4y02ufwhwH8nwx2EYc6F6TAwKGQ4OCtDYuSCmFOuf5iKtSXLQj8hN806nv4jTSa49Y7flabGKCAZCLI2XeRwKDSyyiLlkzVayz4amZiLKBSTuq5a5Iy1nEHLfsx4HBjMRFdJ5tgHFONS5DQfRisKUyGUsG%2BnekrIiDzfRgMwWs2B7pVjP04DcKTnM6ZOjQ0mMsIU5DIuYQqyYfp00Ew7aHe%5C%2FVJ1XTUWIAOIAFK1rSUVGy6%2BLbN18Y6hTFXbm5ZHqOvPDX73I1ipJ3hQb8OyRx1fbvYig4SA0zV7KMX9VcrL7AWzc2D5iCXUX0SWhwmzdjICTXuuAoPTI51XIwcK1w2Ncg2D7vA5qh%2BLCkwau4kOYYlMGs2oYqNTrCF3lZsBB4LvqKhWvWn0nYTt16QS%2B08Xq95XTsJahZgcS58ivXcfK4NZ3zndeFOHemE%2BvGVcwqENpQNVA6Dzo7nObK8f3tvbaC9S4lMSgUoRfLgyk69okaxdhHsWIxWYr6IcLp4mRjcnA5o8sopHCtfXNpbKMfZe3DhnOkk2ji605owiyxjQPsakgtylOicOH%5C%2F5rKr7SdvkT4vN4JP%5C%2FzjRd5R0wOf9Sd%5C%2Fv8OfvqNgVHnka2DLpdXBMzwXCi%2BtlfUsWNJ3akUvjpIf6LVQrFFzO8NK1O96cXaj84Zx3WJgYRaS7L92TEJHCpOb05ZrPnEqAST3qfdjDAPtHJDAHw6EoQL2UtHQ9U64ATAgQkCkSHL0XvHVL%2BGrbaZfmYV6DcCQqiH7mHstyTIUOD8OtAS5lqulzM%2ByzZFFWCqvj3X%2B9uTWMe5VX0dg1OSAp1gAzr9wZ3ZKJNt45JpvhhZDCAqaD8ON%2B7L%5C%2Fp0CldrR6wTe4gZueUyRCMkEDiKkidCbiqL6It6VN%22%2C%22user%22%3A%22TE1515715%22%2C%22lang%22%3A%22al%22%2C%22langcode%22%3A%22sq_AL_FO%22%2C%22keys%22%3A%22ACCOUNT%22%2C%22level%22%3A%22500%22%2C%22status%22%3A%22OK%22%2C%22accountid%22%3A%221515715%22%2C%22hostopianid%22%3A%222519%22%2C%22portaluname%22%3A%22qatest-2519-04042019-NE2RuXa-new-yc%40ychekulaeva.hostopia.com%22%2C%22domain%22%3A%22qatest-2519-04042019-ne2ruxa.com%22%2C%22customloginurl%22%3A%22http%3A%5C%2F%5C%2Fwww.telmex.com%5C%2Fcloud%22%7D
Generated AccessToken: eyJ0eXAiOiJKV1QiLCJhbGciOiJIUzI1NiJ9.eyJoYXNoIjoiZmJiZGE5YTYwNzM0NjE5ZWMzNDMyYzQ1MmI3Y2NjM2Q2YWJlNjU3YmZkYTVmYjY1YzM5ZTgzNGIzMWNjYjYzOSIsImV4cCI6MTcyNjc2MTcwOX0.NgnPEdas1N97tjRQICYlv01-5yN-sRL3IbWVdhCHspQ
HTTP/1.1 200 OK
Date: Thu, 19 Sep 2024 15:56:51 GMT
Server: Apache
X-Content-Type-Options: nosniff
X-Frame-Options: SAMEORIGIN
X-XSS-Protection: 1; mode=block
Strict-Transport-Security: max-age=31536000; includeSubDomains
Content-Type: application/json
Keep-Alive: timeout=5, max=100
Connection: Keep-Alive
Transfer-Encoding: chunked

{
    "Emails": [
        {
            "id": "331962",
            "Name": "Email 4",
            "nletter": "332102",
            "Total": "20",
            "send_date": "2023-12-22 11:01:13",
            "DateSent": "29/09/2023 at 07:10",
            "Status": "SENT",
            "sendtaskId": "260428",
            "nlId": "332102",
            "designId": "41372631",
            "SenderEmail": "postmaster@qatest-2519-04042019-ne2ruxa.com",
            "Subject": "Test",
            "nlURL": "announcerweb/site_616557cd84a82/site_616557cd84a82",
            "ShareTwitter": "YES",
            "ShareFacebook": "YES",
            "DesignDesigner": null,
            "lastPublished": "27/05/2024 at 12:46",
            "isUnlayerTemplate": false,
            "opens": 0
        },
        {
            "id": "331962",
            "Name": "Email 4",
            "nletter": "332102",
            "Total": "20",
            "send_date": "2023-12-22 11:06:18",
            "DateSent": "29/09/2023 at 07:15",
            "Status": "SENT",
            "sendtaskId": "260430",
            "nlId": "332102",
            "designId": "41372631",
            "SenderEmail": "postmaster@qatest-2519-04042019-ne2ruxa.com",
            "Subject": "Test",
            "nlURL": "announcerweb/site_616557cd84a82/site_616557cd84a82",
            "ShareTwitter": "YES",
            "ShareFacebook": "YES",
            "DesignDesigner": null,
            "lastPublished": "27/05/2024 at 12:46",
            "isUnlayerTemplate": false,
            "opens": 0
        },
        {
            "id": "331962",
            "Name": "Email 4",
            "nletter": "332102",
            "Total": "20",
            "send_date": "2023-12-26 03:23:50",
            "DateSent": "02/10/2023 at 23:30",
            "Status": "SENT",
            "sendtaskId": "260444",
            "nlId": "332102",
            "designId": "41372631",
            "SenderEmail": "postmaster@qatest-2519-04042019-ne2ruxa.com",
            "Subject": "Test",
            "nlURL": "announcerweb/site_616557cd84a82/site_616557cd84a82",
            "ShareTwitter": "YES",
            "ShareFacebook": "YES",
            "DesignDesigner": null,
            "lastPublished": "27/05/2024 at 12:46",
            "isUnlayerTemplate": false,
            "opens": 0
        },
        {
            "id": "331962",
            "Name": "Email 4",
            "nletter": "332102",
            "Total": "20",
            "send_date": "2023-12-26 03:28:23",
            "DateSent": "02/10/2023 at 23:35",
            "Status": "SENT",
            "sendtaskId": "260446",
            "nlId": "332102",
            "designId": "41372631",
            "SenderEmail": "postmaster@qatest-2519-04042019-ne2ruxa.com",
            "Subject": "Test",
            "nlURL": "announcerweb/site_616557cd84a82/site_616557cd84a82",
            "ShareTwitter": "YES",
            "ShareFacebook": "YES",
            "DesignDesigner": null,
            "lastPublished": "27/05/2024 at 12:46",
            "isUnlayerTemplate": false,
            "opens": 0
        },
        {
            "id": "331962",
            "Name": "Email 4",
            "nletter": "332102",
            "Total": "0",
            "send_date": "2023-12-26 03:30:50",
            "DateSent": "02/10/2023 at 23:33",
            "Status": "INVALID",
            "sendtaskId": "260448",
            "nlId": "332102",
            "designId": "41372631",
            "SenderEmail": "postmaster@qatest-2519-04042019-ne2ruxa.com",
            "Subject": "Test",
            "nlURL": "announcerweb/site_616557cd84a82/site_616557cd84a82",
            "ShareTwitter": "YES",
            "ShareFacebook": "YES",
            "DesignDesigner": null,
            "lastPublished": "27/05/2024 at 12:46",
            "isUnlayerTemplate": false,
            "opens": 0
        },
        {
            "id": "331962",
            "Name": "Email 4",
            "nletter": "332102",
            "Total": "20",
            "send_date": "2023-12-26 03:33:26",
            "DateSent": "02/10/2023 at 23:40",
            "Status": "SENT",
            "sendtaskId": "260450",
            "nlId": "332102",
            "designId": "41372631",
            "SenderEmail": "postmaster@qatest-2519-04042019-ne2ruxa.com",
            "Subject": "Test",
            "nlURL": "announcerweb/site_616557cd84a82/site_616557cd84a82",
            "ShareTwitter": "YES",
            "ShareFacebook": "YES",
            "DesignDesigner": null,
            "lastPublished": "27/05/2024 at 12:46",
            "isUnlayerTemplate": false,
            "opens": 0
        },
        {
            "id": "331962",
            "Name": "Email 4",
            "nletter": "332102",
            "Total": "0",
            "send_date": "2023-12-26 03:35:49",
            "DateSent": "02/10/2023 at 23:37",
            "Status": "INVALID",
            "sendtaskId": "260452",
            "nlId": "332102",
            "designId": "41372631",
            "SenderEmail": "postmaster@qatest-2519-04042019-ne2ruxa.com",
            "Subject": "Test",
            "nlURL": "announcerweb/site_616557cd84a82/site_616557cd84a82",
            "ShareTwitter": "YES",
            "ShareFacebook": "YES",
            "DesignDesigner": null,
            "lastPublished": "27/05/2024 at 12:46",
            "isUnlayerTemplate": false,
            "opens": 0
        },
        {
            "id": "331962",
            "Name": "Email 4",
            "nletter": "332102",
            "Total": "20",
            "send_date": "2023-12-26 03:37:44",
            "DateSent": "02/10/2023 at 23:45",
            "Status": "SENT",
            "sendtaskId": "260454",
            "nlId": "332102",
            "designId": "41372631",
            "SenderEmail": "postmaster@qatest-2519-04042019-ne2ruxa.com",
            "Subject": "Test",
            "nlURL": "announcerweb/site_616557cd84a82/site_616557cd84a82",
            "ShareTwitter": "YES",
            "ShareFacebook": "YES",
            "DesignDesigner": null,
            "lastPublished": "27/05/2024 at 12:46",
            "isUnlayerTemplate": false,
            "opens": 0
        },
        {
            "id": "331962",
            "Name": "Email 4",
            "nletter": "332102",
            "Total": "20",
            "send_date": "2023-12-26 03:40:16",
            "DateSent": "02/10/2023 at 23:50",
            "Status": "SENT",
            "sendtaskId": "260456",
            "nlId": "332102",
            "designId": "41372631",
            "SenderEmail": "postmaster@qatest-2519-04042019-ne2ruxa.com",
            "Subject": "Test",
            "nlURL": "announcerweb/site_616557cd84a82/site_616557cd84a82",
            "ShareTwitter": "YES",
            "ShareFacebook": "YES",
            "DesignDesigner": null,
            "lastPublished": "27/05/2024 at 12:46",
            "isUnlayerTemplate": false,
            "opens": 0
        },
        {
            "id": "331962",
            "Name": "Email 4",
            "nletter": "332102",
            "Total": "20",
            "send_date": "2023-12-26 05:40:25",
            "DateSent": "03/10/2023 at 01:50",
            "Status": "SENT",
            "sendtaskId": "260458",
            "nlId": "332102",
            "designId": "41372631",
            "SenderEmail": "postmaster@qatest-2519-04042019-ne2ruxa.com",
            "Subject": "Test",
            "nlURL": "announcerweb/site_616557cd84a82/site_616557cd84a82",
            "ShareTwitter": "YES",
            "ShareFacebook": "YES",
            "DesignDesigner": null,
            "lastPublished": "27/05/2024 at 12:46",
            "isUnlayerTemplate": false,
            "opens": 0
        },
        {
            "id": "331962",
            "Name": "Email 4",
            "nletter": "332102",
            "Total": "0",
            "send_date": "2023-12-26 07:15:35",
            "DateSent": "03/10/2023 at 03:16",
            "Status": "INVALID",
            "sendtaskId": "260460",
            "nlId": "332102",
            "designId": "41372631",
            "SenderEmail": "postmaster@qatest-2519-04042019-ne2ruxa.com",
            "Subject": "Test",
            "nlURL": "announcerweb/site_616557cd84a82/site_616557cd84a82",
            "ShareTwitter": "YES",
            "ShareFacebook": "YES",
            "DesignDesigner": null,
            "lastPublished": "27/05/2024 at 12:46",
            "isUnlayerTemplate": false,
            "opens": 0
        },
        {
            "id": "331962",
            "Name": "Email 4",
            "nletter": "332102",
            "Total": "20",
            "send_date": "2023-12-26 07:16:39",
            "DateSent": "03/10/2023 at 03:25",
            "Status": "SENT",
            "sendtaskId": "260462",
            "nlId": "332102",
            "designId": "41372631",
            "SenderEmail": "postmaster@qatest-2519-04042019-ne2ruxa.com",
            "Subject": "Test",
            "nlURL": "announcerweb/site_616557cd84a82/site_616557cd84a82",
            "ShareTwitter": "YES",
            "ShareFacebook": "YES",
            "DesignDesigner": null,
            "lastPublished": "27/05/2024 at 12:46",
            "isUnlayerTemplate": false,
            "opens": 0
        },
        {
            "id": "331962",
            "Name": "Email 4",
            "nletter": "332102",
            "Total": "20",
            "send_date": "2023-12-26 07:22:05",
            "DateSent": "03/10/2023 at 03:30",
            "Status": "SENT",
            "sendtaskId": "260464",
            "nlId": "332102",
            "designId": "41372631",
            "SenderEmail": "postmaster@qatest-2519-04042019-ne2ruxa.com",
            "Subject": "Test",
            "nlURL": "announcerweb/site_616557cd84a82/site_616557cd84a82",
            "ShareTwitter": "YES",
            "ShareFacebook": "YES",
            "DesignDesigner": null,
            "lastPublished": "27/05/2024 at 12:46",
            "isUnlayerTemplate": false,
            "opens": 0
        },
        {
            "id": "331962",
            "Name": "Email 4",
            "nletter": "332102",
            "Total": "20",
            "send_date": "2023-12-26 07:59:04",
            "DateSent": "03/10/2023 at 04:05",
            "Status": "SENT",
            "sendtaskId": "260466",
            "nlId": "332102",
            "designId": "41372631",
            "SenderEmail": "postmaster@qatest-2519-04042019-ne2ruxa.com",
            "Subject": "Test",
            "nlURL": "announcerweb/site_616557cd84a82/site_616557cd84a82",
            "ShareTwitter": "YES",
            "ShareFacebook": "YES",
            "DesignDesigner": null,
            "lastPublished": "27/05/2024 at 12:46",
            "isUnlayerTemplate": false,
            "opens": 0
        },
        {
            "id": "331962",
            "Name": "Email 4",
            "nletter": "332102",
            "Total": "20",
            "send_date": "2023-12-26 08:00:54",
            "DateSent": "03/10/2023 at 04:10",
            "Status": "SENT",
            "sendtaskId": "260468",
            "nlId": "332102",
            "designId": "41372631",
            "SenderEmail": "postmaster@qatest-2519-04042019-ne2ruxa.com",
            "Subject": "Test",
            "nlURL": "announcerweb/site_616557cd84a82/site_616557cd84a82",
            "ShareTwitter": "YES",
            "ShareFacebook": "YES",
            "DesignDesigner": null,
            "lastPublished": "27/05/2024 at 12:46",
            "isUnlayerTemplate": false,
            "opens": 0
        },
        {
            "id": "331962",
            "Name": "Email 4",
            "nletter": "332102",
            "Total": "20",
            "send_date": "2023-12-27 05:12:43",
            "DateSent": "04/10/2023 at 01:20",
            "Status": "SENT",
            "sendtaskId": "260474",
            "nlId": "332102",
            "designId": "41372631",
            "SenderEmail": "postmaster@qatest-2519-04042019-ne2ruxa.com",
            "Subject": "Test",
            "nlURL": "announcerweb/site_616557cd84a82/site_616557cd84a82",
            "ShareTwitter": "YES",
            "ShareFacebook": "YES",
            "DesignDesigner": null,
            "lastPublished": "27/05/2024 at 12:46",
            "isUnlayerTemplate": false,
            "opens": 0
        },
        {
            "id": "331962",
            "Name": "Email 4",
            "nletter": "332102",
            "Total": "20",
            "send_date": "2024-01-02 08:55:43",
            "DateSent": "10/10/2023 at 05:05",
            "Status": "SENT",
            "sendtaskId": "260668",
            "nlId": "332102",
            "designId": "41372631",
            "SenderEmail": "postmaster@qatest-2519-04042019-ne2ruxa.com",
            "Subject": "Test",
            "nlURL": "announcerweb/site_616557cd84a82/site_616557cd84a82",
            "ShareTwitter": "YES",
            "ShareFacebook": "YES",
            "DesignDesigner": null,
            "lastPublished": "27/05/2024 at 12:46",
            "isUnlayerTemplate": false,
            "opens": 0
        },
        {
            "id": "331962",
            "Name": "Email 4",
            "nletter": "332102",
            "Total": "20",
            "send_date": "2024-01-02 09:00:12",
            "DateSent": "10/10/2023 at 05:10",
            "Status": "SENT",
            "sendtaskId": "260670",
            "nlId": "332102",
            "designId": "41372631",
            "SenderEmail": "postmaster@qatest-2519-04042019-ne2ruxa.com",
            "Subject": "Test",
            "nlURL": "announcerweb/site_616557cd84a82/site_616557cd84a82",
            "ShareTwitter": "YES",
            "ShareFacebook": "YES",
            "DesignDesigner": null,
            "lastPublished": "27/05/2024 at 12:46",
            "isUnlayerTemplate": false,
            "opens": 0
        },
        {
            "id": "331962",
            "Name": "Email 4",
            "nletter": "332102",
            "Total": "20",
            "send_date": "2024-01-03 06:57:59",
            "DateSent": "11/10/2023 at 03:05",
            "Status": "SENT",
            "sendtaskId": "260676",
            "nlId": "332102",
            "designId": "41372631",
            "SenderEmail": "postmaster@qatest-2519-04042019-ne2ruxa.com",
            "Subject": "Test",
            "nlURL": "announcerweb/site_616557cd84a82/site_616557cd84a82",
            "ShareTwitter": "YES",
            "ShareFacebook": "YES",
            "DesignDesigner": null,
            "lastPublished": "27/05/2024 at 12:46",
            "isUnlayerTemplate": false,
            "opens": 0
        },
        {
            "id": "331962",
            "Name": "Email 4",
            "nletter": "332102",
            "Total": "20",
            "send_date": "2024-01-03 07:19:09",
            "DateSent": "11/10/2023 at 03:25",
            "Status": "SENT",
            "sendtaskId": "260678",
            "nlId": "332102",
            "designId": "41372631",
            "SenderEmail": "postmaster@qatest-2519-04042019-ne2ruxa.com",
            "Subject": "Test",
            "nlURL": "announcerweb/site_616557cd84a82/site_616557cd84a82",
            "ShareTwitter": "YES",
            "ShareFacebook": "YES",
            "DesignDesigner": null,
            "lastPublished": "27/05/2024 at 12:46",
            "isUnlayerTemplate": false,
            "opens": 0
        },
        {
            "id": "331962",
            "Name": "Email 4",
            "nletter": "332102",
            "Total": "20",
            "send_date": "2024-01-04 08:46:33",
            "DateSent": "12/10/2023 at 04:55",
            "Status": "SENT",
            "sendtaskId": "260712",
            "nlId": "332102",
            "designId": "41372631",
            "SenderEmail": "postmaster@qatest-2519-04042019-ne2ruxa.com",
            "Subject": "Test",
            "nlURL": "announcerweb/site_616557cd84a82/site_616557cd84a82",
            "ShareTwitter": "YES",
            "ShareFacebook": "YES",
            "DesignDesigner": null,
            "lastPublished": "27/05/2024 at 12:46",
            "isUnlayerTemplate": false,
            "opens": 0
        },
        {
            "id": "331962",
            "Name": "Email 4",
            "nletter": "332102",
            "Total": "20",
            "send_date": "2024-01-09 11:08:54",
            "DateSent": "17/10/2023 at 07:15",
            "Status": "SENT",
            "sendtaskId": "260816",
            "nlId": "332102",
            "designId": "41372631",
            "SenderEmail": "postmaster@qatest-2519-04042019-ne2ruxa.com",
            "Subject": "Test",
            "nlURL": "announcerweb/site_616557cd84a82/site_616557cd84a82",
            "ShareTwitter": "YES",
            "ShareFacebook": "YES",
            "DesignDesigner": null,
            "lastPublished": "27/05/2024 at 12:46",
            "isUnlayerTemplate": false,
            "opens": 0
        },
        {
            "id": "331962",
            "Name": "Email 4",
            "nletter": "332102",
            "Total": "20",
            "send_date": "2024-01-09 11:17:17",
            "DateSent": "17/10/2023 at 07:25",
            "Status": "SENT",
            "sendtaskId": "260824",
            "nlId": "332102",
            "designId": "41372631",
            "SenderEmail": "postmaster@qatest-2519-04042019-ne2ruxa.com",
            "Subject": "Test",
            "nlURL": "announcerweb/site_616557cd84a82/site_616557cd84a82",
            "ShareTwitter": "YES",
            "ShareFacebook": "YES",
            "DesignDesigner": null,
            "lastPublished": "27/05/2024 at 12:46",
            "isUnlayerTemplate": false,
            "opens": 0
        },
        {
            "id": "331962",
            "Name": "Email 4",
            "nletter": "332102",
            "Total": "20",
            "send_date": "2024-01-09 11:20:30",
            "DateSent": "17/10/2023 at 07:30",
            "Status": "SENT",
            "sendtaskId": "260828",
            "nlId": "332102",
            "designId": "41372631",
            "SenderEmail": "postmaster@qatest-2519-04042019-ne2ruxa.com",
            "Subject": "Test",
            "nlURL": "announcerweb/site_616557cd84a82/site_616557cd84a82",
            "ShareTwitter": "YES",
            "ShareFacebook": "YES",
            "DesignDesigner": null,
            "lastPublished": "27/05/2024 at 12:46",
            "isUnlayerTemplate": false,
            "opens": 0
        },
        {
            "id": "331962",
            "Name": "Email 4",
            "nletter": "332102",
            "Total": "20",
            "send_date": "2024-01-16 06:48:18",
            "DateSent": "24/10/2023 at 02:55",
            "Status": "SENT",
            "sendtaskId": "261010",
            "nlId": "332102",
            "designId": "41372631",
            "SenderEmail": "postmaster@qatest-2519-04042019-ne2ruxa.com",
            "Subject": "Test",
            "nlURL": "announcerweb/site_616557cd84a82/site_616557cd84a82",
            "ShareTwitter": "YES",
            "ShareFacebook": "YES",
            "DesignDesigner": null,
            "lastPublished": "27/05/2024 at 12:46",
            "isUnlayerTemplate": false,
            "opens": 0
        },
        {
            "id": "331962",
            "Name": "Email 4",
            "nletter": "332102",
            "Total": "20",
            "send_date": "2024-01-17 07:45:40",
            "DateSent": "25/10/2023 at 03:55",
            "Status": "SENT",
            "sendtaskId": "261064",
            "nlId": "332102",
            "designId": "41372631",
            "SenderEmail": "postmaster@qatest-2519-04042019-ne2ruxa.com",
            "Subject": "Test",
            "nlURL": "announcerweb/site_616557cd84a82/site_616557cd84a82",
            "ShareTwitter": "YES",
            "ShareFacebook": "YES",
            "DesignDesigner": null,
            "lastPublished": "27/05/2024 at 12:46",
            "isUnlayerTemplate": false,
            "opens": 0
        },
        {
            "id": "331962",
            "Name": "Email 4",
            "nletter": "332102",
            "Total": "20",
            "send_date": "2024-01-17 11:18:20",
            "DateSent": "25/10/2023 at 07:25",
            "Status": "SENT",
            "sendtaskId": "261072",
            "nlId": "332102",
            "designId": "41372631",
            "SenderEmail": "postmaster@qatest-2519-04042019-ne2ruxa.com",
            "Subject": "Test",
            "nlURL": "announcerweb/site_616557cd84a82/site_616557cd84a82",
            "ShareTwitter": "YES",
            "ShareFacebook": "YES",
            "DesignDesigner": null,
            "lastPublished": "27/05/2024 at 12:46",
            "isUnlayerTemplate": false,
            "opens": 0
        },
        {
            "id": "331962",
            "Name": "Email 4",
            "nletter": "332102",
            "Total": "20",
            "send_date": "2024-08-14 17:33:07",
            "DateSent": "22/05/2024 at 13:40",
            "Status": "SENT",
            "sendtaskId": "265034",
            "nlId": "332102",
            "designId": "41372631",
            "SenderEmail": "postmaster@qatest-2519-04042019-ne2ruxa.com",
            "Subject": "Test",
            "nlURL": "announcerweb/site_616557cd84a82/site_616557cd84a82",
            "ShareTwitter": "YES",
            "ShareFacebook": "YES",
            "DesignDesigner": null,
            "lastPublished": "27/05/2024 at 12:46",
            "isUnlayerTemplate": false,
            "opens": 0
        },
        {
            "id": "331962",
            "Name": "Email 4",
            "nletter": "332102",
            "Total": "20",
            "send_date": "2024-08-15 05:56:44",
            "DateSent": "23/05/2024 at 02:05",
            "Status": "SENT",
            "sendtaskId": "265042",
            "nlId": "332102",
            "designId": "41372631",
            "SenderEmail": "postmaster@qatest-2519-04042019-ne2ruxa.com",
            "Subject": "Test",
            "nlURL": "announcerweb/site_616557cd84a82/site_616557cd84a82",
            "ShareTwitter": "YES",
            "ShareFacebook": "YES",
            "DesignDesigner": null,
            "lastPublished": "27/05/2024 at 12:46",
            "isUnlayerTemplate": false,
            "opens": 0
        },
        {
            "id": "331962",
            "Name": "Email 4",
            "nletter": "332102",
            "Total": "20",
            "send_date": "2024-08-19 09:31:45",
            "DateSent": "27/05/2024 at 05:40",
            "Status": "SENT",
            "sendtaskId": "265080",
            "nlId": "332102",
            "designId": "41372631",
            "SenderEmail": "postmaster@qatest-2519-04042019-ne2ruxa.com",
            "Subject": "Test",
            "nlURL": "announcerweb/site_616557cd84a82/site_616557cd84a82",
            "ShareTwitter": "YES",
            "ShareFacebook": "YES",
            "DesignDesigner": null,
            "lastPublished": "27/05/2024 at 12:46",
            "isUnlayerTemplate": false,
            "opens": 0
        },
        {
            "id": "331962",
            "Name": "Email 4",
            "nletter": "332102",
            "Total": "20",
            "send_date": "2024-08-19 16:46:16",
            "DateSent": "27/05/2024 at 12:55",
            "Status": "SENT",
            "sendtaskId": "265082",
            "nlId": "332102",
            "designId": "41372631",
            "SenderEmail": "postmaster@qatest-2519-04042019-ne2ruxa.com",
            "Subject": "Test",
            "nlURL": "announcerweb/site_616557cd84a82/site_616557cd84a82",
            "ShareTwitter": "YES",
            "ShareFacebook": "YES",
            "DesignDesigner": null,
            "lastPublished": "27/05/2024 at 12:46",
            "isUnlayerTemplate": false,
            "opens": 0
        }
    ],
    "Count": 1,
    "Success": 1
}
Domain Response:                     <html>
                        <head>
                            <title>202 Accepted</title>
                        </head>
                        <body>
                            <h1>Authorization accepted</h1>
                        </body>
                    </html>
Generated UserCard: %7B%22keyid%22%3A3%2C%22card%22%3A%22YFIJM62NbjLpSoocqvxSfEO2%2BpZ%5C%2FRus48clEbMDQ4RsGrD57tzF8cXR7tZI3LYHEyFcC3tjw3QwErpA9Ki%5C%2FeuNU3ofNfvQ7DZlkHGiq0XqEz83qGuhsuPgy8LYJ7T5jCbdKaO3WclzSQAbKbvQeQf0f1m8ToFsTwk7jiRKPGHvBpolhAt%2BK9ZpAwODs67LIcVXGRFtQ%5C%2FjE5UPkOp67Xfj23nk8Stzxd5U6aIhyTFlkncU3QlnlyTBdDSPpDn6yTxqE3VDmCGmT9b7EuRlAsZicnXAiqOOB49iqBKUjhR7uUbcY%5C%2FDHr1PCcJN698DH4SNnWZ5x%2BDkEeH9Ib1u6lYzHq8RwOv3e32SWcmAN2uCUAiQ3zWfSueb%5C%2F%5C%2FsV6j3SuTy1WR%2BJw%2B7Yyxavv4jkkFXbGaYLP0JrVnglFkbqVD1qxJTAqzOfeaib6HACFMtPh1kix%2Bh6UT2vRClKMBtQq6NOePRK9ev5K1vDh2LbmC1P75%5C%2FooQlK%2BFRlpimRslVGfStJjrTOdNYt25xZumup7Da0tqhL0ZBtHmDrPswOY%2BoG4G2EJZThWGY8RcWk7SF1SHa7ovonFh2Qbgm3%5C%2F56P1F0mQ4c6A9j72QW%2B1ApwD0lD%2BHJdD%2ByfNMhC%5C%2FU0h1x3InwKJe6X9Y1kztqJvQjs8HY0KTX2d9CABBCMzW26PphabpBk37J9%5C%2FrWkd7es9PzUFmXO7%2BPxReR2TLfJ1JsjB%5C%2FajBy7tVK%2B%5C%2Ftr7aY5u%5C%2FGqtq3RmwJnyAFzt2SMjuFnZw10QtymjRg7kO0iv5%5C%2F7C7p%5C%2F32vEP1KWsH7hAEkZCX1H6zODHe%5C%2F3m6MD%5C%2FWL%2BwnDxoo0RKR6fHtWS2sk%5C%2F2roXXymRJuhBuo89t6aRc2iasL776pV5Z9YqjxxQk83nQF4eZ3ht4gW1TwNLwY6dmDkHUD4yhmPxYGmWgyk7s5pqj1DungKEiqBmNEPVYnkFWw%2BvbvDQP7MZF96MzRWHVilDb9gt5QRcfvKLJK%5C%2FXUrEzeyOsQkkptYScMikhy8qAAlhy6BG%2BefD5KKMKiQgcZxAKFn0U6EFplmUKGIyKpBjqFYi5q5SSIfv19O3ixlEGKms3yGCMpjjKER6Px%5C%2FeW%2BB7qxUlNmIu80578b19ng4GHoYIpgXQdgNdkEtnQAD9GVk29Wqb1kG87FyHvnGi2fWcGrs2%2Bq1YXxUP5H%5C%2F5ylLJjF0ufirp5Jzdn3Vsk9bHj%2B2djxfokDzGA7Hz4t9JFsS2qCUq9xCFKYRSdcWJdd3MuybxMm78VO2N0G6xil2Q5dka%2BQvr1yLrb7BrEju1Cs7v62r2txWUzpJ4P0GxOHHhvV2dFurCqArh41aHiMt1A2mPuTTA1iW82ChceeGuTfcjoHCnQy%2B%2BOVKTSnUjmtD8zopI7uVW%2BCUrILIBauYkkhAzlNh5Ip81%22%2C%22user%22%3A%22TE1515715%22%2C%22lang%22%3A%22al%22%2C%22langcode%22%3A%22sq_AL_FO%22%2C%22keys%22%3A%22ACCOUNT%22%2C%22level%22%3A%22500%22%2C%22status%22%3A%22OK%22%2C%22accountid%22%3A%221515715%22%2C%22hostopianid%22%3A%222519%22%2C%22portaluname%22%3A%22qatest-2519-04042019-NE2RuXa-new-yc%40ychekulaeva.hostopia.com%22%2C%22domain%22%3A%22qatest-2519-04042019-ne2ruxa.com%22%2C%22customloginurl%22%3A%22http%3A%5C%2F%5C%2Fwww.telmex.com%5C%2Fcloud%22%7D
Generated AccessToken: eyJ0eXAiOiJKV1QiLCJhbGciOiJIUzI1NiJ9.eyJoYXNoIjoiMTE1MmY5MWRiNmJiZDM2ODFlMjdlMTlhMGU1NzU2NDg2MDdjOWVlMmFmYzZmODJhNjMxM2U3ZThiY2Q4YWNmMCIsImV4cCI6MTcyNjc2MTcxNH0.0A8wQHRFeMTk5MGsn0xwwhsf74qQUdipZ57raV9tIaE
HTTP/1.1 200 OK
Date: Thu, 19 Sep 2024 15:56:56 GMT
Server: Apache
X-Content-Type-Options: nosniff
X-Frame-Options: SAMEORIGIN
X-XSS-Protection: 1; mode=block
Strict-Transport-Security: max-age=31536000; includeSubDomains
Content-Type: application/json
Keep-Alive: timeout=5, max=100
Connection: Keep-Alive
Transfer-Encoding: chunked

{
    "Emails": [
        {
            "id": "331962",
            "Name": "Email 4",
            "nletter": "332102",
            "Total": "20",
            "send_date": "1703260873",
            "DateSent": "2023-12-22 03:10 PM",
            "Status": "SENT",
            "nlId": "332102",
            "SenderEmail": "postmaster@qatest-2519-04042019-ne2ruxa.com",
            "Subject": "Test",
            "ShareTwitter": "YES",
            "ShareFacebook": "YES",
            "dId": "41372631"
        },
        {
            "id": "331962",
            "Name": "Email 4",
            "nletter": "332102",
            "Total": "20",
            "send_date": "1703261178",
            "DateSent": "2023-12-22 03:15 PM",
            "Status": "SENT",
            "nlId": "332102",
            "SenderEmail": "postmaster@qatest-2519-04042019-ne2ruxa.com",
            "Subject": "Test",
            "ShareTwitter": "YES",
            "ShareFacebook": "YES",
            "dId": "41372631"
        },
        {
            "id": "331962",
            "Name": "Email 4",
            "nletter": "332102",
            "Total": "20",
            "send_date": "1703579030",
            "DateSent": "2023-12-26 07:30 AM",
            "Status": "SENT",
            "nlId": "332102",
            "SenderEmail": "postmaster@qatest-2519-04042019-ne2ruxa.com",
            "Subject": "Test",
            "ShareTwitter": "YES",
            "ShareFacebook": "YES",
            "dId": "41372631"
        },
        {
            "id": "331962",
            "Name": "Email 4",
            "nletter": "332102",
            "Total": "20",
            "send_date": "1703579303",
            "DateSent": "2023-12-26 07:35 AM",
            "Status": "SENT",
            "nlId": "332102",
            "SenderEmail": "postmaster@qatest-2519-04042019-ne2ruxa.com",
            "Subject": "Test",
            "ShareTwitter": "YES",
            "ShareFacebook": "YES",
            "dId": "41372631"
        },
        {
            "id": "331962",
            "Name": "Email 4",
            "nletter": "332102",
            "Total": "20",
            "send_date": "1703579606",
            "DateSent": "2023-12-26 07:40 AM",
            "Status": "SENT",
            "nlId": "332102",
            "SenderEmail": "postmaster@qatest-2519-04042019-ne2ruxa.com",
            "Subject": "Test",
            "ShareTwitter": "YES",
            "ShareFacebook": "YES",
            "dId": "41372631"
        },
        {
            "id": "331962",
            "Name": "Email 4",
            "nletter": "332102",
            "Total": "20",
            "send_date": "1703579864",
            "DateSent": "2023-12-26 07:45 AM",
            "Status": "SENT",
            "nlId": "332102",
            "SenderEmail": "postmaster@qatest-2519-04042019-ne2ruxa.com",
            "Subject": "Test",
            "ShareTwitter": "YES",
            "ShareFacebook": "YES",
            "dId": "41372631"
        },
        {
            "id": "331962",
            "Name": "Email 4",
            "nletter": "332102",
            "Total": "20",
            "send_date": "1703580016",
            "DateSent": "2023-12-26 07:50 AM",
            "Status": "SENT",
            "nlId": "332102",
            "SenderEmail": "postmaster@qatest-2519-04042019-ne2ruxa.com",
            "Subject": "Test",
            "ShareTwitter": "YES",
            "ShareFacebook": "YES",
            "dId": "41372631"
        },
        {
            "id": "331962",
            "Name": "Email 4",
            "nletter": "332102",
            "Total": "20",
            "send_date": "1703587225",
            "DateSent": "2023-12-26 09:50 AM",
            "Status": "SENT",
            "nlId": "332102",
            "SenderEmail": "postmaster@qatest-2519-04042019-ne2ruxa.com",
            "Subject": "Test",
            "ShareTwitter": "YES",
            "ShareFacebook": "YES",
            "dId": "41372631"
        },
        {
            "id": "331962",
            "Name": "Email 4",
            "nletter": "332102",
            "Total": "20",
            "send_date": "1703592999",
            "DateSent": "2023-12-26 11:25 AM",
            "Status": "SENT",
            "nlId": "332102",
            "SenderEmail": "postmaster@qatest-2519-04042019-ne2ruxa.com",
            "Subject": "Test",
            "ShareTwitter": "YES",
            "ShareFacebook": "YES",
            "dId": "41372631"
        },
        {
            "id": "331962",
            "Name": "Email 4",
            "nletter": "332102",
            "Total": "20",
            "send_date": "1703593325",
            "DateSent": "2023-12-26 11:30 AM",
            "Status": "SENT",
            "nlId": "332102",
            "SenderEmail": "postmaster@qatest-2519-04042019-ne2ruxa.com",
            "Subject": "Test",
            "ShareTwitter": "YES",
            "ShareFacebook": "YES",
            "dId": "41372631"
        },
        {
            "id": "331962",
            "Name": "Email 4",
            "nletter": "332102",
            "Total": "20",
            "send_date": "1703595544",
            "DateSent": "2023-12-26 12:05 PM",
            "Status": "SENT",
            "nlId": "332102",
            "SenderEmail": "postmaster@qatest-2519-04042019-ne2ruxa.com",
            "Subject": "Test",
            "ShareTwitter": "YES",
            "ShareFacebook": "YES",
            "dId": "41372631"
        },
        {
            "id": "331962",
            "Name": "Email 4",
            "nletter": "332102",
            "Total": "20",
            "send_date": "1703595654",
            "DateSent": "2023-12-26 12:10 PM",
            "Status": "SENT",
            "nlId": "332102",
            "SenderEmail": "postmaster@qatest-2519-04042019-ne2ruxa.com",
            "Subject": "Test",
            "ShareTwitter": "YES",
            "ShareFacebook": "YES",
            "dId": "41372631"
        },
        {
            "id": "331962",
            "Name": "Email 4",
            "nletter": "332102",
            "Total": "20",
            "send_date": "1703671963",
            "DateSent": "2023-12-27 09:20 AM",
            "Status": "SENT",
            "nlId": "332102",
            "SenderEmail": "postmaster@qatest-2519-04042019-ne2ruxa.com",
            "Subject": "Test",
            "ShareTwitter": "YES",
            "ShareFacebook": "YES",
            "dId": "41372631"
        },
        {
            "id": "331962",
            "Name": "Email 4",
            "nletter": "332102",
            "Total": "20",
            "send_date": "1704203743",
            "DateSent": "2024-01-02 01:05 PM",
            "Status": "SENT",
            "nlId": "332102",
            "SenderEmail": "postmaster@qatest-2519-04042019-ne2ruxa.com",
            "Subject": "Test",
            "ShareTwitter": "YES",
            "ShareFacebook": "YES",
            "dId": "41372631"
        },
        {
            "id": "331962",
            "Name": "Email 4",
            "nletter": "332102",
            "Total": "20",
            "send_date": "1704204012",
            "DateSent": "2024-01-02 01:10 PM",
            "Status": "SENT",
            "nlId": "332102",
            "SenderEmail": "postmaster@qatest-2519-04042019-ne2ruxa.com",
            "Subject": "Test",
            "ShareTwitter": "YES",
            "ShareFacebook": "YES",
            "dId": "41372631"
        },
        {
            "id": "331962",
            "Name": "Email 4",
            "nletter": "332102",
            "Total": "20",
            "send_date": "1704283079",
            "DateSent": "2024-01-03 11:05 AM",
            "Status": "SENT",
            "nlId": "332102",
            "SenderEmail": "postmaster@qatest-2519-04042019-ne2ruxa.com",
            "Subject": "Test",
            "ShareTwitter": "YES",
            "ShareFacebook": "YES",
            "dId": "41372631"
        },
        {
            "id": "331962",
            "Name": "Email 4",
            "nletter": "332102",
            "Total": "20",
            "send_date": "1704284349",
            "DateSent": "2024-01-03 11:25 AM",
            "Status": "SENT",
            "nlId": "332102",
            "SenderEmail": "postmaster@qatest-2519-04042019-ne2ruxa.com",
            "Subject": "Test",
            "ShareTwitter": "YES",
            "ShareFacebook": "YES",
            "dId": "41372631"
        },
        {
            "id": "331962",
            "Name": "Email 4",
            "nletter": "332102",
            "Total": "20",
            "send_date": "1704375993",
            "DateSent": "2024-01-04 12:55 PM",
            "Status": "SENT",
            "nlId": "332102",
            "SenderEmail": "postmaster@qatest-2519-04042019-ne2ruxa.com",
            "Subject": "Test",
            "ShareTwitter": "YES",
            "ShareFacebook": "YES",
            "dId": "41372631"
        },
        {
            "id": "331962",
            "Name": "Email 4",
            "nletter": "332102",
            "Total": "20",
            "send_date": "1704816534",
            "DateSent": "2024-01-09 03:15 PM",
            "Status": "SENT",
            "nlId": "332102",
            "SenderEmail": "postmaster@qatest-2519-04042019-ne2ruxa.com",
            "Subject": "Test",
            "ShareTwitter": "YES",
            "ShareFacebook": "YES",
            "dId": "41372631"
        },
        {
            "id": "331962",
            "Name": "Email 4",
            "nletter": "332102",
            "Total": "20",
            "send_date": "1704817037",
            "DateSent": "2024-01-09 03:25 PM",
            "Status": "SENT",
            "nlId": "332102",
            "SenderEmail": "postmaster@qatest-2519-04042019-ne2ruxa.com",
            "Subject": "Test",
            "ShareTwitter": "YES",
            "ShareFacebook": "YES",
            "dId": "41372631"
        },
        {
            "id": "331962",
            "Name": "Email 4",
            "nletter": "332102",
            "Total": "20",
            "send_date": "1704817230",
            "DateSent": "2024-01-09 03:30 PM",
            "Status": "SENT",
            "nlId": "332102",
            "SenderEmail": "postmaster@qatest-2519-04042019-ne2ruxa.com",
            "Subject": "Test",
            "ShareTwitter": "YES",
            "ShareFacebook": "YES",
            "dId": "41372631"
        },
        {
            "id": "331962",
            "Name": "Email 4",
            "nletter": "332102",
            "Total": "20",
            "send_date": "1705405698",
            "DateSent": "2024-01-16 10:55 AM",
            "Status": "SENT",
            "nlId": "332102",
            "SenderEmail": "postmaster@qatest-2519-04042019-ne2ruxa.com",
            "Subject": "Test",
            "ShareTwitter": "YES",
            "ShareFacebook": "YES",
            "dId": "41372631"
        },
        {
            "id": "331962",
            "Name": "Email 4",
            "nletter": "332102",
            "Total": "20",
            "send_date": "1705495540",
            "DateSent": "2024-01-17 11:55 AM",
            "Status": "SENT",
            "nlId": "332102",
            "SenderEmail": "postmaster@qatest-2519-04042019-ne2ruxa.com",
            "Subject": "Test",
            "ShareTwitter": "YES",
            "ShareFacebook": "YES",
            "dId": "41372631"
        },
        {
            "id": "331962",
            "Name": "Email 4",
            "nletter": "332102",
            "Total": "20",
            "send_date": "1705508300",
            "DateSent": "2024-01-17 03:25 PM",
            "Status": "SENT",
            "nlId": "332102",
            "SenderEmail": "postmaster@qatest-2519-04042019-ne2ruxa.com",
            "Subject": "Test",
            "ShareTwitter": "YES",
            "ShareFacebook": "YES",
            "dId": "41372631"
        },
        {
            "id": "331962",
            "Name": "Email 4",
            "nletter": "332102",
            "Total": "20",
            "send_date": "1723671187",
            "DateSent": "2024-08-14 09:40 PM",
            "Status": "SENT",
            "nlId": "332102",
            "SenderEmail": "postmaster@qatest-2519-04042019-ne2ruxa.com",
            "Subject": "Test",
            "ShareTwitter": "YES",
            "ShareFacebook": "YES",
            "dId": "41372631"
        },
        {
            "id": "331962",
            "Name": "Email 4",
            "nletter": "332102",
            "Total": "20",
            "send_date": "1723715804",
            "DateSent": "2024-08-15 10:05 AM",
            "Status": "SENT",
            "nlId": "332102",
            "SenderEmail": "postmaster@qatest-2519-04042019-ne2ruxa.com",
            "Subject": "Test",
            "ShareTwitter": "YES",
            "ShareFacebook": "YES",
            "dId": "41372631"
        },
        {
            "id": "331962",
            "Name": "Email 4",
            "nletter": "332102",
            "Total": "20",
            "send_date": "1724074305",
            "DateSent": "2024-08-19 01:40 PM",
            "Status": "SENT",
            "nlId": "332102",
            "SenderEmail": "postmaster@qatest-2519-04042019-ne2ruxa.com",
            "Subject": "Test",
            "ShareTwitter": "YES",
            "ShareFacebook": "YES",
            "dId": "41372631"
        },
        {
            "id": "331962",
            "Name": "Email 4",
            "nletter": "332102",
            "Total": "20",
            "send_date": "1724100376",
            "DateSent": "2024-08-19 08:55 PM",
            "Status": "SENT",
            "nlId": "332102",
            "SenderEmail": "postmaster@qatest-2519-04042019-ne2ruxa.com",
            "Subject": "Test",
            "ShareTwitter": "YES",
            "ShareFacebook": "YES",
            "dId": "41372631"
        }
    ],
    "Success": 1
}
Domain Response:                     <html>
                        <head>
                            <title>202 Accepted</title>
                        </head>
                        <body>
                            <h1>Authorization accepted</h1>
                        </body>
                    </html>
Generated UserCard: %7B%22keyid%22%3A3%2C%22card%22%3A%226B592rl%5C%2FTjTEdaSPIYczwyrLmYCDpfBN3eZV2Q8lOGQtXrm7LL9MAzIfqRaKgCDsrAPTq9Te4tGnD43PPSoywI5o9OvbzCBNK1dyZ3R84xW3m3wv%2BJ7WdiNUpX%5C%2FDtRT5ugd0%2BRX1GU6db5ZhNnSQvN6IWNJ%5C%2FNg3OkFgYOH1y5zL%5C%2F44T%5C%2FE5hXHUTgzNysj%2BIEZ5tQlI9c%5C%2FFBOthoAg5OCCpBob6GEtXk2HQC%2BRu0wS2QeLcVlaShUWS0vmUWyIO5QLMq9%5C%2FR%2B4s4x6Tu3vObvlxsUPUfXZyTZoAsadp0M66r9DuZLlcy93A5T3b5d0X0TjYm1ejC2fDb4yPPErlVzdbuAYQMtPQHemwcaeCPP%2BF2PyPcMHnn8aqAmaiTu%2BSdAmeVR9GvdFeb33q6HUaZxh8uDkvirdkuwRZpMAk1en%2B5Tnq2IU4qKUbt7u%2B4CtfCVDLTkCZsY89ObWtAhWSXmcCNRVkg4Xvh%2Bgi0LM5ZcvbVaVSoDW9TR0ZQdQ6RX%2BhBgzCUxFnBqgFD6CiCxZwo0nZemA9ef7DwpL%2B%5C%2F4N5X9L1NSwikTXAl8HuDtXKolySOnXP7Bcs5XRt6BpvAKW1YQBNxpbCHeV5BPfzKDTVL8m%2Bhk02%5C%2FoNyz6VuoD0W4%5C%2F7uf4XHiJE%2B2vJmWZkygOMfxkl%5C%2FzOzaPFlBrKgWvw4O%5C%2FthXoRvIEkdOiSgdMujSKZycXyxNcn0YMvSqt1Z%2BsFKvNqktOsdXYkVVZkXVnoYq8tW9AKQtuzMkM%2BNJ7WnShnSfBCSj9cm12JkfjbLzQGYb9rB98TVJixUK%5C%2FQgwp%2BxL%2BCb4ITJSfXrA0krO26JTuQ0TUU5SJb7EMEfpUcAn%2BnXBqCc8x17AuOE4acyUTgB6YXRjmjWgrdR7ihQX7zofKb1kPHXLk4i7yQGegdGQXU4huZKT0%5C%2FLCNWw3fkrChJ7%2B7kK7XzsfGjV%2BsavXsVdsMSRy6ZYckJ1zVofMcnh2X8myHu4O30KqBziMfRPl9mcXmaIMY9o%5C%2FDk2ioT0x5sgTfZ7j4wJw0rxjENGrtpZX4%2BUvMrCg4fyA9zQsJvWrMuh8p6I77VyzKNi%2Bb6gswC8o4fozjsNT%5C%2F4zaRf8urrSuVxBRhcTiaIsjT4E%2BhematYwaMKlQcwHtiAX9%5C%2FCquTRisJN5Gz%5C%2F08wvuLIqNvIR71MSpvGH2FEWG2XZ9PbnhjOriwkQ1RBFbSL8mPSTTqRAlwblbGpvu8Eb%5C%2FqhuvIRDoauVT1pASB9hNHUXth%5C%2FfcekNsBiutrIIZh2B6RpsuqGjUhI44VguL8nSEkKcxFpLWvFM%2Bm50P%5C%2Frs%2Bw0yd8BfMv7DvmlWBVFYmSlFDRd4Nk5irz5XflqAV6O1JyHwwfHkoYIOnQHeabR94EmkWkrxn2EgypVq3NoRMZuiBXJM67g%5C%2FjiENPEyDO%22%2C%22user%22%3A%22TE1515715%22%2C%22lang%22%3A%22al%22%2C%22langcode%22%3A%22sq_AL_FO%22%2C%22keys%22%3A%22ACCOUNT%22%2C%22level%22%3A%22500%22%2C%22status%22%3A%22OK%22%2C%22accountid%22%3A%221515715%22%2C%22hostopianid%22%3A%222519%22%2C%22portaluname%22%3A%22qatest-2519-04042019-NE2RuXa-new-yc%40ychekulaeva.hostopia.com%22%2C%22domain%22%3A%22qatest-2519-04042019-ne2ruxa.com%22%2C%22customloginurl%22%3A%22http%3A%5C%2F%5C%2Fwww.telmex.com%5C%2Fcloud%22%7D
Generated AccessToken: eyJ0eXAiOiJKV1QiLCJhbGciOiJIUzI1NiJ9.eyJoYXNoIjoiNmFiMDUzMTc2MjcyYzI2MmEzMmI5MGQ3MTlhYmUxYzg2MjA5MjQ5M2JkZGY0ZjY5OTA2ZjM0ZDIwNGQ2MTQ4MCIsImV4cCI6MTcyNjc2MTcxOX0.7p7JKppPthf2DOUxNOemmi_oNaNpjwkYhOcJnHrskL4
HTTP/1.1 200 OK
Date: Thu, 19 Sep 2024 15:57:01 GMT
Server: Apache
X-Content-Type-Options: nosniff
X-Frame-Options: SAMEORIGIN
X-XSS-Protection: 1; mode=block
Strict-Transport-Security: max-age=31536000; includeSubDomains
Content-Length: 0
Content-Type: text/html; charset=UTF-8
Keep-Alive: timeout=5, max=100
Connection: Keep-Alive
Domain Response:                     <html>
                        <head>
                            <title>202 Accepted</title>
                        </head>
                        <body>
                            <h1>Authorization accepted</h1>
                        </body>
                    </html>
Generated UserCard: %7B%22keyid%22%3A3%2C%22card%22%3A%22EdxchDs6GK2oTbBdWPR2pK19rqPXXsUDmHdK9JuMw3Eu3W3DcwawWey5YfFCbekL3Oakrk4nHW6%2BB%5C%2FKp5w0K3YhIg4lQyqTIopjUvNjEbRkx5mufT1%2BFrHjDYaCtWMTmkTMe63meRiw08Knh%5C%2FGFJaf2hJ2I3gE6GlFWAM9beR2TURkjwhuTgfGvBhGOVTpNNO5EBW7T7g%2BguZalefY9%2BjlZqIDB8uYWtEtBF%2Bjxh41vyE9JARsAtd3vUxaQlroFqs8Z6uOetHAE7yACK7VisRdYNlrWm52GHdAGzPuFnDo6rfHyMGPmQguXSejTgDbhI11Q7ho2ozB7ZyFq870DsSBy0AnH%5C%2FcKj7VMP5w03%5C%2FgluWAL1N1pB8iqgK7GbwUSfsJWMy6%2BkRRf%5C%2FSnY3X1Gm3wFeKW8h0U0mN5LbAiegeC7a7Fzj%5C%2FgGqYq%2BBcQ3duTCU8BHdUNrAbkg9kwDhyeRpmcxVhSk2pZ6M5I0Ct5%2BuuEZCys2h1vhK8mHpIWYeC%2BkzK3gLQbEGdh3fYvut1OMnwudaygHuTz7nhHf1yJiXfI97OasaZpVqtPCP%2BVK8RcuKToHYNQBsP35gIZMSwjwlH0vgu503uOh3tOx6srgMbBhpw1v68jJHYMrbt3nGCqZGPGf3no1RxUbesDat2EGghjJ2IrYBE6fVTmo%2BCDV0Pn%5C%2FfJQ%2Boe9qN%2BR7O6zjj%5C%2FXoem%2BDAPU4ALJhLSdQQ%2BOXYpxfqKeEf8c%2BTmy%5C%2F2isRWakyp5ovSoaYAjv4QhLKp2eFcVwRLE%5C%2F3C0NVWG0frXpxRSRIPRa16K%2BJz%2B1gp%2BT0%2BvLt1PaKTCpSEOArj843F%2BSbPrf97g%2BeBO91utdVtT8%2B4anzyT%5C%2FaN3M7pINesJpTWaZk0O2BRGfv5dM4ZdRwOFS5Oo6PNDU%5C%2FiWZkb8LsfnJcq%5C%2FlQz3EiJQoKcOCPSdCaPhRzNFqucZVP8SeTuC%2BdTSfs5Obc9reax%2BfpRsqrGPmG8eLSRBawtaPVCkDWppKq5%2BYeGlxAqsgUZEvhbZhV95ngYa0d6wdNn9xDhxHTqvPek3hOQT89e0mz7fpUFiFdX5vo8qWzRnf8KoivoKYQB8ETbTy9nYtviyNcgchnTiwJvwu5l9ebiCVneuxvQwtNCGKu844e166XW9rRAzJ3zfGG5qkxWtu20ucL9nu%5C%2F3SlZYtXpC%2B3IIgL09XSX1%2BTGOG9dK5rXH0D7Zv65VmITd7l0S%2B3sh7sfMMsDDWwgUtO5n7imVe9B3DW5qOhytKQIEo1HRjQK4XarNLvaOnZSFuloIHcn2mTGh3uGcDZPvV%2BjjP9VaJE9GpJXPYyux5p%5C%2FOjUZnmvKjv5ZnTQck2OvaOKlMWRdql%2BgYP1jgnuNfNeVTsLoVjPOnQZwCfUp3tAFk5%2B88s5Pe4IUo70wuM3qg9jdsf%22%2C%22user%22%3A%22TE1515715%22%2C%22lang%22%3A%22al%22%2C%22langcode%22%3A%22sq_AL_FO%22%2C%22keys%22%3A%22ACCOUNT%22%2C%22level%22%3A%22500%22%2C%22status%22%3A%22OK%22%2C%22accountid%22%3A%221515715%22%2C%22hostopianid%22%3A%222519%22%2C%22portaluname%22%3A%22qatest-2519-04042019-NE2RuXa-new-yc%40ychekulaeva.hostopia.com%22%2C%22domain%22%3A%22qatest-2519-04042019-ne2ruxa.com%22%2C%22customloginurl%22%3A%22http%3A%5C%2F%5C%2Fwww.telmex.com%5C%2Fcloud%22%7D
Generated AccessToken: eyJ0eXAiOiJKV1QiLCJhbGciOiJIUzI1NiJ9.eyJoYXNoIjoiZmIyNTlhYjczNDU2M2ZmZGNlMzA3MjkzMmQ5Yzk5MGNjMTAyZDU5M2U4Y2U5NjkxMTJhNGJlMDA4N2ViMDcyMyIsImV4cCI6MTcyNjc2MTcyNH0.QRPHJR9baM4oweUbQ3QiMZ_yUjcT0DzCU1XYIWFnp60
Domain Response:                     <html>
                        <head>
                            <title>202 Accepted</title>
                        </head>
                        <body>
                            <h1>Authorization accepted</h1>
                        </body>
                    </html>
Generated UserCard: %7B%22keyid%22%3A3%2C%22card%22%3A%229JM6cxbfeR%5C%2FnFUqs7MZERz%5C%2FcCZbFpJy2MWPTXI9tlXnWAYBZJFk4ej%2BLu9ZAVtUsoE1MpF6oiSTQ%2Br5pnfS%2BgnreuneRVZrTpli5fPZMKVRbvOE40kjRKpUQ3HgciKLcd5qvYlWBG9dBQGcBqIZ9hNx%5C%2Fabe30FQP6c0mmm1AAAlJoR0KXyKvpPmUTe1rHgOZ4%5C%2FbquaxTcOy0Bya5SLiOfDc0vjFGdlNTFws8ycIf%5C%2FHsMGChmW0CGqgYQDJjI3ox%2Bj1oMqVlX9rbdvgMwpQvFtQO7vxW%5C%2FaNWDLRCPxahrBIRPuCxZ8nqyU%2BBieFM6DzXZC7GyVSMc4D%2BW1ecCLeZZwW2Ad%5C%2FRB8bXzKBoymCt%5C%2FMSb19%2B%2Baizf2Hbe%2BicqkqwKSnvLq2DqIv3lHUSW9GdaSYbsaya2g272bnIa03hSBzoNiDStsMrOrsjH3vRdIKpjK%2Bweh1QT3a3DBJKFYmZdhpNjMUrLXRiKWb0G4d50F8RJ5P%5C%2F%2BzGry2kbyAQnMnrHDDxpBYWh%5C%2FPEqV8e2ak1K4LQqX7RoAkA6AMmlG%2BHma6zImJa1HYzHL%5C%2FK0qug2vsW0cUY4GJD3nU97%2B6s7d9d5ost1jHcNXA%2BE0lVoNVk40DB8Fp2spKWriVURloEPCORQqQEPn3moeZS%5C%2FBfkyThpAG9RT6nzcqOexzSgt7pQiOgDWj1Ui03AuW%2BFsEEPaC73m667aAdsIe1FyzUtqiDtdL9R0nNPh1dtimcLXbrPwb%5C%2FZSbfr5RopCWw8EVJc0zn4q%2BzbGB3UaNKNO%2BnyejnYG43Onr%5C%2FSF2zoE9yKntO%2Bc%2BViQiA11ds2OifepEh%2BVhW5%5C%2FmAwB8hmNZhI8WWz7Z63t8LmdAwXMxhrx2Whe1YCwxgbC9cxg24EigAB8Y%2BIdvbqwvFEUI9RshUmc83n7aGfcHwXboP%5C%2FRiwnWnoc7VI3u4E70r3T33pVj8xet7JlcMUNI46jouX3XYWSAgOFBRXdLE%5C%2FmUANQrI7kC1BykzzW%5C%2FrwdrS7FuxrEFlwmKeHX%2B4IZZ4RxRgTySP2IbOsNxj0fFYz3JhIvrW4xjZnM5YdvuSsLELIK5ZAcvBYGEFWIO1uOApGmz2EymAsf1i6atMMtnuQ8rFypTwIzyL%5C%2FGrsJW%5C%2F2c0OIoT5Q5Y%5C%2FVWHbkR6J9I%2BIRBhhb66vZ4%5C%2FXREVodr%2BGDNePxEeDeDz2cLbyfTupIqOlIBDKtI8%2BSoFtZeEZ0uGYFplap9Mv%2BFhekrrmgDctbGnTmU7Ului973ARYtI3vW%2BL7gyqeLIiwVVqBmcz7DhloLT%5C%2FymEUjmM3xCVPVkbrCiiJeG8BGCDgVaWNt4%5C%2FpgI6OvT24GrDKEpBdwYAcAEJYSB7%2Ba4sFCmrg%2B7KVBFwqzJ4MNVrte2gshW3eY8pH%5C%2FUO4Ma8PsbVyJXUxm%2B9EcteW1Y%22%2C%22user%22%3A%22TE1515715%22%2C%22lang%22%3A%22al%22%2C%22langcode%22%3A%22sq_AL_FO%22%2C%22keys%22%3A%22ACCOUNT%22%2C%22level%22%3A%22500%22%2C%22status%22%3A%22OK%22%2C%22accountid%22%3A%221515715%22%2C%22hostopianid%22%3A%222519%22%2C%22portaluname%22%3A%22qatest-2519-04042019-NE2RuXa-new-yc%40ychekulaeva.hostopia.com%22%2C%22domain%22%3A%22qatest-2519-04042019-ne2ruxa.com%22%2C%22customloginurl%22%3A%22http%3A%5C%2F%5C%2Fwww.telmex.com%5C%2Fcloud%22%7D
Generated AccessToken: eyJ0eXAiOiJKV1QiLCJhbGciOiJIUzI1NiJ9.eyJoYXNoIjoiMDBhMWNlYjgxNDI4ZGFlYWJmZGE0ZDk0ZmI1MTNhNTM4MzgyOTcxMTZlZDc0Y2ZmOGI1YzJjMzdhNmQzOGJmNCIsImV4cCI6MTcyNjc2MTcyN30.Jj3DqD76byZiPQoEUZE7NnuBZMtUqdrBLFSGTx31xRw
Domain Response:                     <html>
                        <head>
                            <title>202 Accepted</title>
                        </head>
                        <body>
                            <h1>Authorization accepted</h1>
                        </body>
                    </html>
Generated UserCard: %7B%22keyid%22%3A3%2C%22card%22%3A%222sCmNBujx1m3dTGI5k4gRwgeLgzflf6YuwrZHyuzvCgzy0E53bRr6a%5C%2FrK9a2ej%5C%2FPTvpUMe2LbO51L%2B042ow9TxsmIza0FSyk4zCRPlU5TIVIuuTl3BHImxuiwaf8rrWObHVPjqqEXthbjSBEKN%5C%2FOxR1tSOZIih%2BjnmPRzgxQQiQ4Fkgi%5C%2FlZtlB2R8RvESsb4Yoxg%5C%2F%2BWoOO4cTS417V6dIL6xyBqaTetC4BLca%5C%2FVJ%2B5OWpgbVyVh%5C%2FoT9GoAbnmOekUraVN5AL2mXxvuCrgi%5C%2FPxGCGF8UpwwXshAANS043FbncEiip0R5AZqxBIjPxmYQJJTXqYOYM7WWByFJcOn%5C%2FVyQdR%5C%2FrECz%5C%2FP3BlmmGIutdznn5oEU88cd7OgqDqGAoyMnbmGP9FkJHulalAIJ%5C%2FRWtI9SvBSt0NeDAz6u0fAgWZfPKDIuXb0OFBQ8qYrpG7%2BZR0ZYBLin8uTCyhNLu%5C%2F2gEI%5C%2F%2BW7GY0RYjaf%2BAGMUuegL1kZ%2BtKSbj84fbnCESXOxYJvcvgNDRVJYVxuoBa8csz644ww8UulEul2O8mtZJDbNknJC1g29tGNnu8iIsN38jcP086EhiLQ5LXS2fVKxKK%5C%2FX0McZj2gKGbCHkrHG4dunHFXIfUsfuJtLMWbpxTlw3kS38zgNgP9dh6vYB6myuItGk9ZNQs8W2x%5C%2FtTF%2Bv1kRarMH6lOSkUBB5tT%2B%5C%2F3BRgGuVUTAlrQTbFcE%5C%2Fbp0IEsHUyfIyVKq0j07DmiUrBEDFW6ixPG%2BhNIY1FQM29uj2jsw1XM%5C%2FuqlWVH2FZ2AUwWAie7Ke5PON%5C%2F5uxRDygViAcVFr%2BC7jKxVlifSN%2BnahDl0WpUv0gra5ZDrVQFjdeIWkclezWkBOZsmgynt%2BHLpIpDxgEZttafjJQkFq2C3zlwY6XW5G2NrrUzKEBpZLYrdxXJ1pfullAwHrNYcDtCqcz9zJLu1qUjXlHezhY2F75JrCPUzp1IPRCzUxE5W50UwoorVRuZqSqgBG9fjNpGl18nA08e0HvaqPIX1nNr8LnF8EsOhvWd7Kw3GR19ztBmjiFHaFZWbodvWtZegGlnjKLLhLkpB57GHOZfiyFLpUZHm9R2%2B9ur%2BvO5ypV9MaWU8MkW3WVhjkxTjtSk7igEgnnOtFo1Z3TKoUxb7OCz71CIGY9hRrkqSqsnR9eve4xzXWwlTPNaeyxJ4uxwjKDwmgNRoQF88hAHORZ8v0B4Q%5C%2FKr4mFH7pkOk28E3XKA9Vac3IZkfZRLSCmdGfqRJK48%5C%2FxtkYOy9zms97xQkL8%2BeEpdTgYCTjEMuHcndhriaGDmNF6gqpPc5Cp%2BOMJKvSIhwYnh1pdtfE%2BcjgzZEYc3zRucUZJQgsfjTzDPCTyc6s304PazRplTtznuNECdrsqPRqfmb2DaD84guY%5C%2FHmW1EGXEatIYk%22%2C%22user%22%3A%22TE1515715%22%2C%22lang%22%3A%22al%22%2C%22langcode%22%3A%22sq_AL_FO%22%2C%22keys%22%3A%22ACCOUNT%22%2C%22level%22%3A%22500%22%2C%22status%22%3A%22OK%22%2C%22accountid%22%3A%221515715%22%2C%22hostopianid%22%3A%222519%22%2C%22portaluname%22%3A%22qatest-2519-04042019-NE2RuXa-new-yc%40ychekulaeva.hostopia.com%22%2C%22domain%22%3A%22qatest-2519-04042019-ne2ruxa.com%22%2C%22customloginurl%22%3A%22http%3A%5C%2F%5C%2Fwww.telmex.com%5C%2Fcloud%22%7D
Generated AccessToken: eyJ0eXAiOiJKV1QiLCJhbGciOiJIUzI1NiJ9.eyJoYXNoIjoiNmE1Yzg2YjcwN2Q4ZmJjZmExMjllMGMzMTNjYzJlMWZhNjY1ODM5ZTg0ZjcyNGQ5NjNhNGUyZjkyNjA3MjAyMSIsImV4cCI6MTcyNjc2MTczMH0.RYh_d4Wcanmk7cJLgxaZnZxmMQOdcmtza_oQq87vtCk
HTTP/1.1 200 OK
Date: Thu, 19 Sep 2024 15:57:12 GMT
Server: Apache
X-Content-Type-Options: nosniff
X-Frame-Options: SAMEORIGIN
X-XSS-Protection: 1; mode=block
Strict-Transport-Security: max-age=31536000; includeSubDomains
Content-Length: 0
Content-Type: text/html; charset=UTF-8
Keep-Alive: timeout=5, max=100
Connection: Keep-Alive
Domain Response:                     <html>
                        <head>
                            <title>202 Accepted</title>
                        </head>
                        <body>
                            <h1>Authorization accepted</h1>
                        </body>
                    </html>
Generated UserCard: %7B%22keyid%22%3A3%2C%22card%22%3A%22lQ28WQKdxkJtg11aDVEPQrc4%2BqiKr2oGTbrpGMLKnouC%2BR56e3GaKYYWiPY9QJ%2BBZFZ4IaIw0WOu%2B2XQINxz7qc1FPnE7D5WYKxQBV5Watdkfh%2BUNInmYCLh18gGsh7IZ3otjA6pd7yutmUJK61JTr7RtMj%5C%2FPMJ4jgwfB6fLsvfZC3%2BGnhfN5d66Fpe7GP2NF3TIXDHXsVHoaz4285T%2BGfC4N5b5o%5C%2FM1El6XYcBh%5C%2Ftjygibcy%5C%2FGP2pAy2wFgP9PykwmFfb2%2BmZyO3I%2BFR0zSmSfAwsbHS%5C%2FSymDLmP1HHhMhR8atpUn207Wv1SNyUUswcW0Z3yUTYHXTfTb8VNGhGB0ycEk83FvzajBBmbCrcyON%2BLAOBQIYY9W2sePmz5H0k5MMEwRD6XbaoCXJAyGhMHaDW17g8xOCVAJcLKi%5C%2FPMq8bmc846TuF2oGKkvV%5C%2FONTeuQ6M55SqlZkPKaZrnHv38EMd9JmbT%2BZXSSwCRklK7%2Bb1z1RJnEMSYOlugXzL6FfGEuw9yva7uuPo8%2B0VCryYXF%5C%2Fx57Es3tzWY6FCz9mm8F5WNhg6AsCp2r0HKhY0HPrH71peukGjzHbKbCmiz1DMpA1iF3pOlGVle4ebN7aHCS2GTGLCK8Sy0GvjoEv2dFPk1U17oFYGGZizMgIdZhKVCDvHl16WlT%2BEP5gQtTgVTzAVbFUkm2BainBQOxhWgfFlOdN2J2TrzjVJ7B0laLb82%2BE%5C%2FZDtRF%2BOneBD3oQUhEPLG7dCP1shdh66Q1eC6ZIPIxjY%5C%2F0x7q9%5C%2F9rrN0oPNi9NdeojHI7Yqg2UCnEhfusuGzhIJNEF2AN3mWzrM3TeiAeCp2ffoNoNautMGu0hwl7hU0Fu33yrnB9IBj9FjRaTJJYvPX3syORAnVRyrJgpZcx4XMUwcvNT20%2BAXVGXpd%5C%2F0sJBO541t8j2VOrKltAUUW0%2BuJ50RjGqQh3yE6%2BmaBLQM%2BxGQouoHppDBuSgVPYlg%2BmPsFA3hNDe1qwJhEmYwJGSEtYUOiY4p7r50H4vDLo3PWUCqYPiQrgoHPfEN1tnThPxdvJK%2B5JDaEHb0aEv678xdR3tzsLN85LsflpN0TAgQ19GhhbUdhcOZQ3OCKDPk8KGhYINQRQDDRCUYLCrXEvHvZoQeuawCFeLJ7ttRFHnFupKJTUfRCmf3KOPxUSqgGX6yJFywZHt7zx8hUQcPPHwNKQ5mlxOKnffQ4DpiBz9b1vUd69UQJBjsGnef1r1ohOivewXp%2B0Q6%2BsRwKHyo7oQDmh5laEQHPX8daFJKmqxvc06rX7NOFUVgyJsLf%2BP5P6yAFmPAQx4VSyLZtQVvIaEe%2Bg7f0GXQn1OKONB5I7qTNZeDbYyfS7ShJtBpMbTytxka2jKDQ5wU7lbpByu5yctqds7tX6Qi9vyK6rTc7zb%22%2C%22user%22%3A%22TE1515715%22%2C%22lang%22%3A%22al%22%2C%22langcode%22%3A%22sq_AL_FO%22%2C%22keys%22%3A%22ACCOUNT%22%2C%22level%22%3A%22500%22%2C%22status%22%3A%22OK%22%2C%22accountid%22%3A%221515715%22%2C%22hostopianid%22%3A%222519%22%2C%22portaluname%22%3A%22qatest-2519-04042019-NE2RuXa-new-yc%40ychekulaeva.hostopia.com%22%2C%22domain%22%3A%22qatest-2519-04042019-ne2ruxa.com%22%2C%22customloginurl%22%3A%22http%3A%5C%2F%5C%2Fwww.telmex.com%5C%2Fcloud%22%7D
Generated AccessToken: eyJ0eXAiOiJKV1QiLCJhbGciOiJIUzI1NiJ9.eyJoYXNoIjoiYTk1NDI3OTI2ZGFlZDYxOGZjZWM2YmE2ZTFjN2YwNmQ5YmJhNGEzMjIxMTQxZGU1MzQyZjA1NTllNDhhMTU2NCIsImV4cCI6MTcyNjc2MTczNX0.JEXOJ41zQSTQdFnzweq0pMWJ2h8sKj3H4C33LOR1GT4
HTTP/1.1 200 OK
Date: Thu, 19 Sep 2024 15:57:17 GMT
Server: Apache
X-Content-Type-Options: nosniff
X-Frame-Options: SAMEORIGIN
X-XSS-Protection: 1; mode=block
Strict-Transport-Security: max-age=31536000; includeSubDomains
Content-Length: 25
Content-Type: application/json
Keep-Alive: timeout=5, max=100
Connection: Keep-Alive

{
    "count": 155,
    "Success": 1
}
Domain Response:                     <html>
                        <head>
                            <title>202 Accepted</title>
                        </head>
                        <body>
                            <h1>Authorization accepted</h1>
                        </body>
                    </html>
Generated UserCard: %7B%22keyid%22%3A3%2C%22card%22%3A%22c3bepRCqy0WuMkR0AVHQkC%5C%2FUgNZFIxUflSqxH4GmHsS9AGxl8g11UWY3SoraeHERRe5XPSPLxAP5elrE1KLgFYc0VIxRbiWb3i22qGkPPqlfkG3upAm0A2%5C%2F1EDvy5gcRJZMLYNtHcKiMzAl8Z2pinHL%2BhFkeyoKB4C2O%5C%2FJKzymyF9BT%2Ba9Sfegd0712T8coLp8ExqLzsGszVJMRfjXNIBtn7EYmStoLKmq061%5C%2F5DbST8qCWN7MRg7uD79B08dHhtaQe%2BxsdtYEjBQz8oZxxOi2AnA%5C%2FZEX0X1AgDNk%2B%5C%2FJSy2dS%5C%2FH041Ofsj7ILTkpXtmdKY0W7CHNqZKzlBBm64V8WyYGeFtCmnUD8ADZJKrQLZiTmotOfTEcHUn%5C%2FYLc0frZZrkQDnLxHvgpy7LbOAnIVsEabmTbKLc2q9bW5cxk5BNejmHQ1xRdW0kEDc7ZqemIbYpkhpxVWOwHw5K%5C%2FGN9fXful58hSRwi3bwR%5C%2FEyfuucXmk2C8PnFudEAljrwHg8ZUVk1PBT0bhsb4NJNOFpYM%2BJq99dWuRbk2YPVJQ3QKR%2BHUVnV5l1AR%5C%2Fbf07YkY9RHMXq%5C%2F0cfWvOAepGfHAvRhB0Gw%2BnLsc7tzaPzm6AnYBox98z4ZqJ4BVBnARYd4SiN7cqClVRPiLtqCaoUF1VZt8Q3rgsNZ69WiEZn%5C%2FtH66gT9OMKa30IEQSg0UgVt9lK6DUIC8b%5C%2F3AxIpZM9qGVj1ScKO%5C%2FCyXu3%2BA9wDxLExSvs05wnu2%2BtJLpvAp03TasxWrASk0ehth%2BtDorcz2756jR8W%5C%2Fp2ZdYXuY%5C%2F7%5C%2FGei9Gn%2BLKlfBgZwAtTtwBzuySG8tK8PBXYEufFXIdUPS4f0uKI84CmjCCwqIqB6H8d26K7uHdZ5QmS%2Bu0eQdzznFZ5Meef0UNNs9I5prFh%5C%2FJXSVDWGses6Mm%5C%2FHeaDBHsgHCdrbF%2BJ21jedhOWYcFMGp7ziIy%2B8PB7r7k2WfpJTq4NEajpGeZQfDTEitbiGQFXnQxVsJmkYAmhtYTXuIwUnPxXIEqfUZPLudm%2BQxCcBZqXW9YRs58dGbkNNIEvmsVAJrddQsDdLIV7A4smULQ9F84Bo%5C%2FyQPuWtb5tAD%5C%2FALMVIkDItQh3OZ0gDjSgcUS2sr3jgnTvYb%2B92FI2Q91WC0vqwBhc9DM6ZCmL%2ByxpWPWAePfngWsw8CBgqZZVimIym%2BbCEKAtTHSAb4tpi8ibET06eGxTb5Xn7%5C%2FeOn%5C%2FZWA56MvUp4HZAenqyOIofL%2BRVj%2BYsWdSszVDzjYvSFGyVIL8c5UwbPlSEOElTdfekQORQld%2BMrpvoI6CEyiQEl5trYQmJughZBO1XY5wI4XUnqtA7GGaUWH8QoOBH2Go8nG2Z4Ks9T8RNRSv%2B%2B4ueex86G3rGfKIjKehWSXRpK%2BzT9PEkur7GWg%5C%2FgWq%22%2C%22user%22%3A%22TE1515715%22%2C%22lang%22%3A%22al%22%2C%22langcode%22%3A%22sq_AL_FO%22%2C%22keys%22%3A%22ACCOUNT%22%2C%22level%22%3A%22500%22%2C%22status%22%3A%22OK%22%2C%22accountid%22%3A%221515715%22%2C%22hostopianid%22%3A%222519%22%2C%22portaluname%22%3A%22qatest-2519-04042019-NE2RuXa-new-yc%40ychekulaeva.hostopia.com%22%2C%22domain%22%3A%22qatest-2519-04042019-ne2ruxa.com%22%2C%22customloginurl%22%3A%22http%3A%5C%2F%5C%2Fwww.telmex.com%5C%2Fcloud%22%7D
Generated AccessToken: eyJ0eXAiOiJKV1QiLCJhbGciOiJIUzI1NiJ9.eyJoYXNoIjoiMjdmZmMxMTQ3NDgwYTJmYTZjZWMxYjRmOGFkZDY0Y2E3OTg5OTVjNGU5NjY5YjhkZTU3OWZjM2JjNTI3MGU3MyIsImV4cCI6MTcyNjc2MTc0MH0.B7Pge5yBnhplzGsuxO-XMSDpmoDX-X4kNmaFvz4kcyc
Domain Response:                     <html>
                        <head>
                            <title>202 Accepted</title>
                        </head>
                        <body>
                            <h1>Authorization accepted</h1>
                        </body>
                    </html>
Generated UserCard: %7B%22keyid%22%3A3%2C%22card%22%3A%22ed%2Bb4hy3sqWMYDSMCzEmD7jVepeoKSAEBC7BAhiuBTfdqq6evAR2mKYoQVpQULN1fzkJqHwHdekPtYrupSi8sW%5C%2FDzeNo08KW%2BMmMmev0dUkbd2ADsOtzzlaDXk8Mddb5KlPKryltc1V8pBqNpbL2mr6iixhNeHbHdqv7637ayNlJyMUF0m0He1Yg4WOECv2csWpBNFvk3Dwql%2BYymH4yYORr7xnYMN7E9h7sG3QObIjjjG6Ug1LpGVfpTQynei3Dloul%2BXlwt9dJh31AHqg1QhSbGr9ce2O0KUzzCE2QPGDR2Aj92SVZhUwhue9%5C%2Fmis2fXmK9JqH7rX3WEFrlWeZek6sDStFtnapTOIP7tSrl6VLl%2BJOK2J9JaVr%2BvbdTGI5Mgex3ehDsOQKPTwvb0i5R2YWvXk9ETJ0vcckZ1nGUe27wSK5kQoGN7ASpVvmv7pEg6YYzcfFD2T1vCB5lQPNTJnIEgEeNKIxr67gg3Yum9B99niGHjQShGMwIjAwC0aE32xhdX%5C%2FC%2BmAJGlTCOq7UQpMS4ZHLacytHw55NRej6tEP38EEIzwQRJ2r2tsllCNVEXAaBb%5C%2Fdl3xiqkf%5C%2FY3%5C%2FHjUu2%5C%2FA9ajX2RWgMKO7gPY0Qvf1Iz%2BmoiBjUGeNkfj1Nm%2BYanR1H8362cTiWLDH13kjYz2%2BftgfY327Y3pmZI2ls%5C%2Fg%2BPz6mV1zQpJOGvMkGjHPKBh0ZRIqdoTqj719rasAzTorqE1xYp2Xzx%5C%2FkiEg7izpXpsEa91dBxc78fbxjnekWnPJYcQnca5UGIVbCxnukxfQnzqCGqxVIXYEgCP5do01%5C%2FP%5C%2FSlGkpVjqHGlXJ0dg4%2BqrQZrBSZmyeZZizdZey%2BKgq8F%2Bur%5C%2FoRBvSc3pVZXq%5C%2FvMU0uGWb1KVLguGiO5gLn81t9ISc9BXniAkAOoSe7igWGpVLr5efxzoLVaY9FLTbij6ncXyDJDxoepBUX9HkoPqH5opxB%5C%2FzyCrdkAxKdCrMBkxh8kaQW2a9NoEZCEaer9MRFdOb0P09j1zfe%2BUivD5lolWn7WLTIeTe2GTR%2B3hKk8h4ZWfWPH63iTzA0h7aSLQ9Wy5YspuBv6sbr5a3EkN1zQhOs1LEMvuvFpDFNKM%5C%2Fb998meIzQd0quQsXPOM%2BtjAMgkkQru%2Bj641rIubinEVK9Uh2FA5nQUx5wUbgBC5ofwxodk1XrjRffj%5C%2FmozfJVy4P8xwkpTKivlohnYKZPoWRs%2BfU8osGu5j42rFzHazfyhllLNH0s1jwm3DY9XDTjLX68NXgQ7%5C%2F5qh0Td6S4p1pK1pkEGDiFcE8V0qFs7zjbICv0BU2gIpMfIq7QVEhwmyn9r936afrbkpv5aUX6jR29EnO6h7bBWKGnNkAe4kiLylUbegNpINxO9saAl9BdPyNWhubMtpkUx1KbIuNeW4%22%2C%22user%22%3A%22TE1515715%22%2C%22lang%22%3A%22al%22%2C%22langcode%22%3A%22sq_AL_FO%22%2C%22keys%22%3A%22ACCOUNT%22%2C%22level%22%3A%22500%22%2C%22status%22%3A%22OK%22%2C%22accountid%22%3A%221515715%22%2C%22hostopianid%22%3A%222519%22%2C%22portaluname%22%3A%22qatest-2519-04042019-NE2RuXa-new-yc%40ychekulaeva.hostopia.com%22%2C%22domain%22%3A%22qatest-2519-04042019-ne2ruxa.com%22%2C%22customloginurl%22%3A%22http%3A%5C%2F%5C%2Fwww.telmex.com%5C%2Fcloud%22%7D
Generated AccessToken: eyJ0eXAiOiJKV1QiLCJhbGciOiJIUzI1NiJ9.eyJoYXNoIjoiZDM5M2U3YzJhNzg5ZTE4MTc3ODU5NDEzODZmNmM3MTNmMGRmYmYyNGU4NjlmYzE1Yzg3MTk1Zjg3NTdlNDRiMCIsImV4cCI6MTcyNjc2MTc0M30.s1oCmiddAbJN4RAYX-YZ-dXpFU0IWWK9PlWAtANOa-0
HTTP/1.1 200 OK
Date: Thu, 19 Sep 2024 15:57:25 GMT
Server: Apache
X-Content-Type-Options: nosniff
X-Frame-Options: SAMEORIGIN
X-XSS-Protection: 1; mode=block
Strict-Transport-Security: max-age=31536000; includeSubDomains
Content-Length: 34
Content-Type: application/json
Keep-Alive: timeout=5, max=100
Connection: Keep-Alive

{
    "name": "Email 75185",
    "Success": 1
}
Domain Response:                     <html>
                        <head>
                            <title>202 Accepted</title>
                        </head>
                        <body>
                            <h1>Authorization accepted</h1>
                        </body>
                    </html>
Generated UserCard: %7B%22keyid%22%3A3%2C%22card%22%3A%22YTK0xVpjU4jbTKvUQKZaVBs7f9%2BKTA0tLYFcSofNCqajc90mZ%5C%2FvgZi7%2BkYp8fgBWoGo2tiqOkU%2BRC0GwkXVR5zovBlCN4TCgyJbenc4eaUENhbO8AToB8FoYNtOFUqg4jH4t3IKdP9idyhSfiCRiTrwOLsVW8UwviL45JOXS6PsBpn0%2Bga8cUl0uteFLX56dMYySLkvqdnyl1dS5OK5kPRPCMLNlBT%5C%2Fey48lMoDcYkc1a62U59AmYFqX%2BBdPM1oWenW2PB4p01MK4Val22668jsaas2hySk6iM5eetBV7tstkPs%2BCYnSgeyhQNQDzbVqY%2B5lEm8m3OGM30x4LDyHTG9TdTL2Qqolr8ZuD6c8jy2z83Nv%2B4mw1Q0g%5C%2FpC7YP5EEy3A73PdpL0Jot2gnGB09HrSSMHgR8IqVU158mWexX80ODDBvwdaXA8d9zCeLVfcnCmXOu2Mc0rPjUMzWgq5nLmOtUTdFpcyN6byKZbHEBLnRk6akk4C%5C%2F4rDznXK%2BXMdFblrjxl%5C%2FFQNrhompaRm0fmuDV1EDXk05KApcQOpfldfcOvDwks8YUR2hVANKlKbK8hOZK%2B0xRejd3YJxgK9RO1b%5C%2F2ikeoXRTF0Po2lbP1aa6a0xfIJwZzHR0yvkunMlfkEywyMZF9yt46Nl3lF8dk4hat1fMKEY6qCTmZfKlWuOAH61HR5O4ZDVsPiCqjT9PunAqcCWXjH4OGc%2BG3Bi5z4ZFoojdDSuv6igKif4icobOl43yHndfvI4i9V%2BV3XEe8%2Bt3GbiLyFAMI6iZUC4VEspYXfOq6c66AO6mcs4%2BXz4UG93%5C%2FomHIZFAEOH5ga1%5C%2F5ZYCzrBNL%5C%2FalGvwlRNuKEyuqSrtux%5C%2FEPsizphWWrgy94B8OUP75WYaKd6ktQw8lT%5C%2FBBL8GA1DwVB6ivCV56JnfJ62Nj4hoTcfyJ%2BaAHzUM3O8GHa5HS3ztQK%5C%2FPWd3WgJ9vTBf%2BprEpvePOtoKG4VymM1PpDckBe35CwLjgd1Lwjl7rP%2BuiLK4kAzA91tc6YswIxWWKGKJ9IUfB3z%2B2nNmk4QFf5rvjGnr7T%2Bi25Pyed%5C%2FbYM1tQihj%5C%2FfYFOHozDAeFXLnq%2BxekFKTQA7tbZQ6WGQXn4rUzKAiAS%5C%2FAN%5C%2Fj8nCzxmFGoGmgW0qjfxNdeKhDSvuavz1ThZ%2Bfxx5z3OLMXAFd03SBx7dYSav7hml1IV9CAMGilT%2B0ujdSmFms4q0UkP0RO1ArJrfKpH4mF24e3%5C%2FFwWbWYsXqivPcHu0URu4bY%2BkchudseooRifNPuLA3kdTU6nkaHX4pNkCJFFnem88YoVvEkThq4cPkkSABaCyT3N9wSS1alLc5oy9owYlFwKekfwXTHvU0ahYfNhRPhXUqsd8l343A7TjtYp97LRF8LF5I10YYlHVEf0n70KNWYci%22%2C%22user%22%3A%22TE1515715%22%2C%22lang%22%3A%22al%22%2C%22langcode%22%3A%22sq_AL_FO%22%2C%22keys%22%3A%22ACCOUNT%22%2C%22level%22%3A%22500%22%2C%22status%22%3A%22OK%22%2C%22accountid%22%3A%221515715%22%2C%22hostopianid%22%3A%222519%22%2C%22portaluname%22%3A%22qatest-2519-04042019-NE2RuXa-new-yc%40ychekulaeva.hostopia.com%22%2C%22domain%22%3A%22qatest-2519-04042019-ne2ruxa.com%22%2C%22customloginurl%22%3A%22http%3A%5C%2F%5C%2Fwww.telmex.com%5C%2Fcloud%22%7D
Generated AccessToken: eyJ0eXAiOiJKV1QiLCJhbGciOiJIUzI1NiJ9.eyJoYXNoIjoiYjgxMDYxNGY2YzkzOTc3NWZkNTA5ODcwYTc5MjMxMTMwMTU0YjdlZmYyNWM2YzgwNzM4ZGE4ZjUzYzIwNzg5NyIsImV4cCI6MTcyNjc2MTc0OH0.JAFwXXfb84G24aV-70FTupZ808NZ_AklSqXlm5Z09x0
HTTP/1.1 200 OK
Date: Thu, 19 Sep 2024 15:57:29 GMT
Server: Apache
X-Content-Type-Options: nosniff
X-Frame-Options: SAMEORIGIN
X-XSS-Protection: 1; mode=block
Strict-Transport-Security: max-age=31536000; includeSubDomains
Content-Length: 92
Content-Type: application/json
Keep-Alive: timeout=5, max=100
Connection: Keep-Alive

{
    "Lists": [
        {
            "ListId": "166684",
            "Name": "new1"
        },
        {
            "ListId": "168390",
            "Name": "hfjhd"
        }
    ],
    "Success": 1
}
Domain Response:                     <html>
                        <head>
                            <title>202 Accepted</title>
                        </head>
                        <body>
                            <h1>Authorization accepted</h1>
                        </body>
                    </html>
Generated UserCard: %7B%22keyid%22%3A3%2C%22card%22%3A%22Nmh8kWpzL4bMWCoGBgCjoPx8iBwDv%2B6XTAVtSkyWdykz0UWCMZXWOw5q6YeGV8htWePKcMpDMV42bLLl5PvEYHUQonPH25ZCxKC8VxxZsgeKYlS2yyc2v8K6NeABLlXk%5C%2FyXehwQu8qHE7C5CC9F7UBRjl8esMvzHUzUCKNjYHnozAg48f5Jo7Fbg78M5AaWKGlPoy2A3LrZ04qhPWTE%5C%2FJ2lAWnxraJuAdsPJ%2BJ3G6ianFZMrz0G9%2Bki43688RTyrWGXgrqyjoc87hfUMEC7k%2BL%5C%2Fl8uV8U6VBaiVd7QYMSwA0DqmcpjB9%5C%2F4Gj0U9dYmZV1O5SbdYqGjFDylttIIW87P0m%5C%2FwXl14KV91f2wSCBgH3Nm9Ryd5mnZLrh9F%2BlVcpMWg%5C%2FJQneTiJ94JBsm%5C%2FbvnOwUSesbQepfGnf8%2B4xFeLe0YwIxtOazZy5oiLCp7WoQ9pFb6Np2wJAkanRjLGqxrVuxK7oR7o3ucRaGKXnUdr9nKIj8FwqKF%2B5qo5IVQ3IIBdms3TOjdKuWpL5ypu5etZPGDOSGS7yFM%5C%2FB7z07LC34eO24BQE%5C%2F470b%2BspY1REyIMAvfASxz3e%5C%2FKpn1dI%5C%2Fy5dMaf9dt9xnzSeMuGM%2BGqkHrzcWrOoL3PpdJbsCAQR2R0GBq0yvgfwci0Q%5C%2FR3ar6Zfv%5C%2FN2Aa3JDP6VsWEoJY6R61jM%5C%2FnXXtHcl3a%2BOkovLQcbPby4630rnS7yzNcDwFbQgDfBGklJy9GxhnFh4%2Bfb52Ed%2BlqgGzvJgvg1CsDw1WCUZV%2BYl4ExHThJMpyW%5C%2FKraJ1uSJnSruvkyxDPIds4QqFF6%2B46q8GO2Pc%2BJ8WSVocIvmmPw%5C%2FwuoQfyHVtLXe6TTocHo4xv7K0eN21bRsQft%2BckGiHDYtk6Jpl9HRUNXEnC%2BPP5u27HISdpdHzzwvVt%5C%2FDZOtBqzqIKeefFy%2BptTrMJQKI2q%5C%2FFeGt0IWyVVj8zvHtD9RfExznp1y6c3rWJ6kEXubt2mlDwx52BFgYHT5i9lrln6vlJzbdbGsLDtR1Xq3GI5PETpLheB6IezXfnLn1NvnT0rs6nCsPxpjrkFrZYgmusSPD7h1MmwRgjK5p0cPApwsvhU7ZlE4iT0wVU4%5C%2FYBhhz%5C%2FKZ3xwK436BlB%5C%2FxIdb2sLOTy7ZzPqJkgH3h%2BrTYMe0RGIaysxgevyMWj9cpYLAs5n1C%2BDrFLfX22k72IPBa4pb%2Bsun9Ua1lX85Ass4%5C%2F%2Bl0ZQGoyPUCzG4LlmVkRzp472yb4%5C%2FnEBtjiwAckjfM9shmxSZNZS%2BuqnJuLhrqQjE7xaeG4%2BDjZcP5bUtzRsM3rrJmJbgCBdAC84fBl3UHr0el1Q%2BJ%2B5x%5C%2FKYGRtUYkkPfgUMPU9%5C%2FdXTNkGO9JJndqRr2iP30VgqIR3WheWo%2BbQFCi6R2NEHHSRg3ftPs68AwnU%22%2C%22user%22%3A%22TE1515715%22%2C%22lang%22%3A%22al%22%2C%22langcode%22%3A%22sq_AL_FO%22%2C%22keys%22%3A%22ACCOUNT%22%2C%22level%22%3A%22500%22%2C%22status%22%3A%22OK%22%2C%22accountid%22%3A%221515715%22%2C%22hostopianid%22%3A%222519%22%2C%22portaluname%22%3A%22qatest-2519-04042019-NE2RuXa-new-yc%40ychekulaeva.hostopia.com%22%2C%22domain%22%3A%22qatest-2519-04042019-ne2ruxa.com%22%2C%22customloginurl%22%3A%22http%3A%5C%2F%5C%2Fwww.telmex.com%5C%2Fcloud%22%7D
Generated AccessToken: eyJ0eXAiOiJKV1QiLCJhbGciOiJIUzI1NiJ9.eyJoYXNoIjoiZjBhNDA3YWZlZjgyNzhmYmFmNzI0ZjZlNzIwZjU3OTM3NmRmMDA3NDc2NGM2ZTYxNDk2MjNmMDE1NTI1NGM3MSIsImV4cCI6MTcyNjc2MTc1Mn0.bXa7Nl71Ff0McUTB8_d_jfGSAglGKmADhONnZmZADm4
HTTP/1.1 200 OK
Date: Thu, 19 Sep 2024 15:57:34 GMT
Server: Apache
X-Content-Type-Options: nosniff
X-Frame-Options: SAMEORIGIN
X-XSS-Protection: 1; mode=block
Strict-Transport-Security: max-age=31536000; includeSubDomains
Content-Length: 68
Content-Type: application/json
Keep-Alive: timeout=5, max=100
Connection: Keep-Alive

{
    "EmailId": "331962",
    "Stats": {
        "Opens": [
            
        ]
    },
    "Type": "Opens",
    "Success": 1
}
Domain Response:                     <html>
                        <head>
                            <title>202 Accepted</title>
                        </head>
                        <body>
                            <h1>Authorization accepted</h1>
                        </body>
                    </html>
Generated UserCard: %7B%22keyid%22%3A3%2C%22card%22%3A%229v1BDEfFEc0Fw6aj%2BW91ZVz3oujGzc%5C%2FxP5Y6HKTBQu1OY8puLL9uCvSB7w1bvbXNpxPnGlP11WmU2w%5C%2FxES%5C%2F2CepMJ2GgVyqa%5C%2FQY1GnadNnmJHaYHD0jniVR0hYCwxueLi2OCMGmhlM155cghg%5C%2FA8uOsSCmFSIqvNS5%2B35WZ9m4L3XDYamec%2BZ2%2BSSeyf7KInfOI5krOO%2Bi3aGNDePAOueeKKJFNUtoD5qpN%2Be44fipA%2ByN5USAG%5C%2FmxKtszqSSpWXWQ2lnGhUKOrQYZJlAhCfYe8wdzPM2EQg2oLe%2BZAvCGn7y9RLC1g02Hw08ZhS%2BTy1J%2BoYTciOXW%5C%2FYwoY%5C%2FX3EUZd5AyNoiVIB2ewNCSNLdPZDwd8jvvsfHkBbHzujMGYnMGNoHY5C4bRwRrYs%5C%2FuQXbfGQqlMMPYw0DenZe6rES92GCMcMAkEdFmJt%5C%2Fvyu8142npGj2x3QR66VpOr5aDmpU30tKfAD7uaPd1zFzKbgTu9IdLrU5MhhfbH1wh8Uw3NvA1G9nuwvsA5i8F4bbyDKl4ln56HVX3akfYtceolgiWMfcCLZIFJnHj52TLZzNu0JRyWVx%5C%2FCLftliY4LSnjQaTObIL7lhBoOSwuxXNWMfiwBZtcVGY0ZrQONghO6NitlVyCklIjAolTks2UeN1bB%5C%2FX8EoLFcd2pZdTwGkKClDqAcVYkoAAhm4L6704WgnCLiGumlNGm6ghs5IfZUN%2BNqEwHkUZpSwjdNyjcXgtN4e5v9tzetCbyOOhGpUrRGLUBssDj1NhGPS7zrsNSo8m9CYlwAMGnx9kvXEg1cHnSX407F7mU5b1WdlwyB7KxMUQ6%5C%2FJdML3Cj4oDuAxFW0STAC4GSmQfyB2fMGPz7Q1yutEnQfLCjNtHpgwe2CIY1vITaPAsWX6rJx0%2BiPuScQ2X6bMPniXyMzU4BsZWNpAQQ2PBxrkfqgQ6uMaB5jcItpVbS0JPGY6Q8TvtfAmVgxZC9GC43ihmyd9CKOeBdmYi6y0%2BLrA3mcUP95MHvurjB53nertR17jY4GX2gh16OMrlChRwuTkOsYKndPUEOoFfIm7hlqNaiZakylJS80%2B%5C%2F09Q1vf73BM5opEJNfTnoYfJyaXIcKrDWZ6V8gHgc3PP8Mw4Kasmn1lEk3fu8jFMw73ZHnQkhT01M5ngf49vBvmuvMJrVhltfIxi8dBn3E7fPXTx7F8tKkaWyXAArq1VTy0rg16rjoCHHt%5C%2FnTB%5C%2F4OFw7rertRhA67EHlyWPdRqeFTBdF3C0o5M%5C%2F9ORipJ9IS8OMmHlvz%5C%2FrWx%2Ba9lTireZ8S7D3%5C%2F%2BXzF2K8g74QBOIwwfQUZDqyp0%5C%2F16ZDl3mkl2701igGCgfd7xXJ1bh54AuXzBI4SbWuq%2BifTSdvwCfL9lncH1pQyyBavMuPLY79LCsj8ZR9WvFh%22%2C%22user%22%3A%22TE1515715%22%2C%22lang%22%3A%22al%22%2C%22langcode%22%3A%22sq_AL_FO%22%2C%22keys%22%3A%22ACCOUNT%22%2C%22level%22%3A%22500%22%2C%22status%22%3A%22OK%22%2C%22accountid%22%3A%221515715%22%2C%22hostopianid%22%3A%222519%22%2C%22portaluname%22%3A%22qatest-2519-04042019-NE2RuXa-new-yc%40ychekulaeva.hostopia.com%22%2C%22domain%22%3A%22qatest-2519-04042019-ne2ruxa.com%22%2C%22customloginurl%22%3A%22http%3A%5C%2F%5C%2Fwww.telmex.com%5C%2Fcloud%22%7D
Generated AccessToken: eyJ0eXAiOiJKV1QiLCJhbGciOiJIUzI1NiJ9.eyJoYXNoIjoiZmQ0NTFkODM3OWNiNzEwM2E0MzIzZWM4Y2MwOWZmYTA5Y2E3ZTVjNDU5M2E0MjNlNDZmYmU4NzY5Y2U5ODExMCIsImV4cCI6MTcyNjc2MTc1OH0.WORroPsWxIyQ9nDVtHsuMbqW9M-8u4fzNHfUS3Qq5Yk
HTTP/1.1 200 OK
Date: Thu, 19 Sep 2024 15:57:39 GMT
Server: Apache
X-Content-Type-Options: nosniff
X-Frame-Options: SAMEORIGIN
X-XSS-Protection: 1; mode=block
Strict-Transport-Security: max-age=31536000; includeSubDomains
Content-Length: 69
Content-Type: application/json
Keep-Alive: timeout=5, max=100
Connection: Keep-Alive

{
    "EmailId": "331962",
    "Stats": {
        "Opens": "0"
    },
    "Type": "Opens",
    "Success": 1
}
Domain Response:                     <html>
                        <head>
                            <title>202 Accepted</title>
                        </head>
                        <body>
                            <h1>Authorization accepted</h1>
                        </body>
                    </html>
Generated UserCard: %7B%22keyid%22%3A3%2C%22card%22%3A%22v1cTVtAGvtJ3Xvm5rRIM13MDE1YIgUpwpvzUoJJr4qx0jAmEAf%5C%2FFZvFH2WsMicY2pG8ZitdcbWcoTu%5C%2FrGyQB55RptKDNGWnFbSsLTe2BUttv9TWf2k8Aq5tjmXx5aPhh6nULz8bdZTNhfF2Ylz0aTJpOInw%5C%2F%2BfiYMvB5BoCqa8bizIizsuX1slerEipYCNXeJDO5DAUlIEuhxvg6UVktAWpl98olhBej5grkSHivkiG3Vyh%2BfmH3K1Ofgptbuf7BzPaDlCAUeh8p7QaASy5TKBzo2XsKLMVehJNSU1VDCocROQKFeaGQyVABRIejjugWsOkPmHaorfUtJbeItn584CSnZH1dM5OgW7XWpbM4R%5C%2FJaHKO4eI7MQV%2B2ag4YcDEk5NA0CZxraVDLfjURrmoNddOGvCQ8nyE5cV5%2BtVlIFf84KdaiDx79IaR2KCtGSztKkKdXShn%5C%2FT%5C%2FVrVSS3cvgHLHuIUvyr56wF8xxrpr1Bh25X0%2Byy6Q3V6M8Pn5nYwGBDx%5C%2FybzwJh1xqTh9j9dJmRVKzXqdBuSvPKFrkUIKs8ceHR0eGt%2BO1MiqHhYjzFuB8y9lynJdkjs5wJSfPSeSa5qm1HQxHhsHCaEdtbF1B%5C%2Frx2rbqfIjYQ6%2Bd51oPZ2NBAZ2z4MAuJ31R44eIBHZXok0eLOkF8fWG56VjDjrtCqZ7keHPpyeawEIPhofLsSppqbnsR920%2BElkyhI2AYSWVnn2iCNM2290MftGAU3%5C%2F%2BSXPYkgkxmQh7CMa5XkatLbHUvxRpK0%5C%2FV1SC5WMKIxrnALcWo2sO0x9q18l7FwX8cYijoIqzgllQSaf5x6nuLzD0sa%5C%2FOHGQ2vRzyMhn31208I6y82SMCiroGRWmZ7H5P2feVkSVATWbS9k6b5a571Et2%2BO5ql6oU8Veq4LpHDG7C6N0MSK4Oa%5C%2F4Fslp3dtKh94uBJZPWteFT8cgAE%2BFuNw%2B3dUdkl5WaLDamMkXT6alk6Su4g6yEky82vzdaBRzjZB%5C%2Fgxc1IV%5C%2FcBBOk0AhMSfr0FE6rzE%2BlWjBNqL%5C%2FYlPakesEk8kQq%5C%2F2NQCVKYdygupLubyPEf5gnvwU6Tvi5hXh07gAJ15R2jc20PqIBS%5C%2F%2BGgRgYHayVsjeE43QNmLZNcdgUIaemUOHHhjMO7hUs2JgEw6vwx6RbMJRaz8nTgnu7Ii9qrKHU3PeB8HoRgwZzfPQefecnftalU1jYaTBGe61SVLkkY9qDLhyxQrn1JOh4pqL7z56fuay4RBvKLRfXik7CiL1fiH4o5Y2Ad0tvNQdozKLkm0o7w%2BNJ716KIJBP5Zb1gHeap%2BbfhdwcRsLcCK0%5C%2FHffzKM2bb1TmS9xi%5C%2FyHFPU9AT9c2xIRXvt1EUZEQCkiy50vftpOyB%2BY3i%5C%2FCgBeTvCVXLhZ5V72KtraHd91eWuic1%22%2C%22user%22%3A%22TE1515715%22%2C%22lang%22%3A%22al%22%2C%22langcode%22%3A%22sq_AL_FO%22%2C%22keys%22%3A%22ACCOUNT%22%2C%22level%22%3A%22500%22%2C%22status%22%3A%22OK%22%2C%22accountid%22%3A%221515715%22%2C%22hostopianid%22%3A%222519%22%2C%22portaluname%22%3A%22qatest-2519-04042019-NE2RuXa-new-yc%40ychekulaeva.hostopia.com%22%2C%22domain%22%3A%22qatest-2519-04042019-ne2ruxa.com%22%2C%22customloginurl%22%3A%22http%3A%5C%2F%5C%2Fwww.telmex.com%5C%2Fcloud%22%7D
Generated AccessToken: eyJ0eXAiOiJKV1QiLCJhbGciOiJIUzI1NiJ9.eyJoYXNoIjoiNThlNjg5YzNkZmIyNjQzODY2ODgwOWIzNjUyZmNmZjdjM2RlYWEyMjJmOTQxYTgyNjU5MDRhYzUxNjdlMWExZSIsImV4cCI6MTcyNjc2MTc2Mn0.RvLrKFiZ8mI6vyFNrmp99HlbG9OHMbYcNV6eFGU-RF8
HTTP/1.1 200 OK
Date: Thu, 19 Sep 2024 15:57:44 GMT
Server: Apache
X-Content-Type-Options: nosniff
X-Frame-Options: SAMEORIGIN
X-XSS-Protection: 1; mode=block
Strict-Transport-Security: max-age=31536000; includeSubDomains
Content-Length: 698
Content-Type: application/json
Keep-Alive: timeout=5, max=100
Connection: Keep-Alive

{
    "Email": {
        "id": "331962",
        "Name": "Email 4",
        "nletter": "332102",
        "Total": "20",
        "DateSent": "2023-12-22 05:10 PM",
        "Status": "SENT",
        "nlId": "332102",
        "SenderEmail": "postmaster@qatest-2519-04042019-ne2ruxa.com",
        "Subject": "Test",
        "nlURL": "announcerweb/site_616557cd84a82/site_616557cd84a82",
        "mFormat": "html",
        "tint": "default",
        "shareTwitter": "YES",
        "shareFacebook": "YES",
        "gAnalyticsStatus": "NO",
        "webpageVersionIs": "YES",
        "webpageVersionText": "Having Trouble Viewing this Email?",
        "webpageVersionLink": "Click Here",
        "designId": "41372631",
        "categoryId": "0",
        "published": "1",
        "ListIds": "166684,168390",
        "timezone": "America/New_York",
        "dateStart": "2024-08-19 16:46:16",
        "site_id": "site_616557cd84a82",
        "ae_id": 120
    },
    "Success": 1
}
Domain Response:                     <html>
                        <head>
                            <title>202 Accepted</title>
                        </head>
                        <body>
                            <h1>Authorization accepted</h1>
                        </body>
                    </html>
Generated UserCard: %7B%22keyid%22%3A3%2C%22card%22%3A%22pWSuc%2BI%5C%2FfRxV0h93XrHpEnlsh2PWdgxy9C0fTbMwJQprOETpGFj2js94ANGT34EcorXyo4rgdzVc8Nwxnv4hjJ%2B9gPlAFOe7mpHtiJke2IHAtey3cSs7CrrKyK5xceLJsvFt8lHhUwYBmyA4nnddkKykotwA2IcUJtSB7H5vcDjdBDLqexTRhNs3Xi2rToUVKtj2X2Hem1IpoSEN7DXxNjNQFtaD56ufVPGwTiF%5C%2FhJjNwOewmSZSkdKBInvSa85r8Vub4EBm%2BxVlj0sKwW2s6gm6O%2BmFarNBS9VTZh9EoFl%2BOhh2qGqj96%5C%2F0HNF3dFq0Nn89QHcdVlck9iAOGlvsvbEf61AXEZgAsqwaVtmX7b6AXk2Xtbb09hM0iQ8nENc1Ss75da83Huvcoh8S3tVI9LeuGDf%2B5l7TqO5RRFLvGIFxYhGneFnwMbepTF0IWM%2BnxmrxjOb46g7kw8V0K%5C%2FUCzsqKa473Bm5NNnV0zP2Lv3xQhb7GOqe1Rih84Gsa37ML013AasuBCSbnwcDGeV9IwOSw0dqiuV%5C%2Fc55quyq8A%2Biw6PSvTaXC1OWQfB8oxOxWzLu%5C%2FbK%5C%2FLiqP%5C%2FwDKhZW%5C%2F47OBoAL1Bd2GpUTgvWD7CZ8kJd7%2BQL%2BiFv8jVmrzeCLGG3pUsuCWWVVsYzzdftk7oOgqQQFKCdr1MhDqW6gh00Wrgvpu02lvOlVrVodWGtrLwmoDm22FmqRA50X7%2BGu9%5C%2FPM9O2za%2B41iH2dONHeN23NmCB5hop3p1gVAW7RxKIolKeLN%5C%2FZqZTd%2BmfwQ7bYa1kbZXj3PMus2z3Tu2%2B5ziUbcNf0GM9qe8EZiSTzO5dDAUrES11aW7K%2BaaKEPPgnK84rmgc9yqwpd9R2jptY6zvcgkPUR1lPvxioDaf6fN4R6luWCgKWwyKN3ZzptyOdpSnJ777%5C%2Fn6h3akfL0uki2lgr0ZuZR3NPPw8FNgQkHPNbaZbustkwkg4VwFilq163Cy0pgN66qOdRyd7iyak0GrxT1qUReIFx0GJENg9Ol8W%2BLWPT%5C%2FfSk8KDgNvd12lSDvmN%5C%2Fnpk16foOld8L8%2BPHXK9HsWQ6EL3Px5RH0lIA74DmswvfWGPqteB2koGjmJTh6Be1fOb6OBRSaxBoeAsbrwuJZYt26d5Z20lpNNT4pIGPlqgxvEOeE18LsGatkriacHI3n4HzdkzZL5IZ2ltQKtQnxQvLQWY1pEhW9nVxsxC8gAoIVlB7jB7OjJxorvIUYGpvJwMBVSTA5BLP3eN39s8VPYPNmyPzgECPsWvLMPuuEw8y5P5U%2BRo2eIRwYQwTFuAet5pjxE17sq8ykhhebLtelhBpSSk%5C%2FqLwVUgQE2cp3%2B%5C%2FfBCRt5CDxngrx9GVy1%5C%2FhwBhiZmBTurPUZmiZWjXrIbE%5C%2FZDDIZtskvMBrwxuXn0sbJI%22%2C%22user%22%3A%22TE1515715%22%2C%22lang%22%3A%22al%22%2C%22langcode%22%3A%22sq_AL_FO%22%2C%22keys%22%3A%22ACCOUNT%22%2C%22level%22%3A%22500%22%2C%22status%22%3A%22OK%22%2C%22accountid%22%3A%221515715%22%2C%22hostopianid%22%3A%222519%22%2C%22portaluname%22%3A%22qatest-2519-04042019-NE2RuXa-new-yc%40ychekulaeva.hostopia.com%22%2C%22domain%22%3A%22qatest-2519-04042019-ne2ruxa.com%22%2C%22customloginurl%22%3A%22http%3A%5C%2F%5C%2Fwww.telmex.com%5C%2Fcloud%22%7D
Generated AccessToken: eyJ0eXAiOiJKV1QiLCJhbGciOiJIUzI1NiJ9.eyJoYXNoIjoiMWQ1ZDE2ZTdhMGJkZWE2MzhiYWI1ODVmZDg4ODIwN2YyYzQ5ZTY0NzNkMWNiOGZiMjI5YWUzMmIyMDQ4NGQyNyIsImV4cCI6MTcyNjc2MTc2N30.tUMd5xq5s31_5crspcxiojM88ywlIXi-4C3gfz2zm-E
HTTP/1.1 200 OK
Date: Thu, 19 Sep 2024 15:57:48 GMT
Server: Apache
X-Content-Type-Options: nosniff
X-Frame-Options: SAMEORIGIN
X-XSS-Protection: 1; mode=block
Strict-Transport-Security: max-age=31536000; includeSubDomains
Content-Length: 36
Content-Type: application/json
Keep-Alive: timeout=5, max=100
Connection: Keep-Alive

{
    "TopRecipientsList": "",
    "Success": 1
}
Domain Response:                     <html>
                        <head>
                            <title>202 Accepted</title>
                        </head>
                        <body>
                            <h1>Authorization accepted</h1>
                        </body>
                    </html>
Generated UserCard: %7B%22keyid%22%3A3%2C%22card%22%3A%22PTjOycSwLqchOP2M2uH7lHNrj5AIC2NDEz4I0ybAqk9lA4yVtbauXJYJm1Fyp9Gdj0GIS3A1Qt6zYLqfW6MjLWe1PN0215aC%5C%2Fq6XOD3ZxbMlvo98tA4ErukAfu0qcZ27C8EaTqvocmGas8mKzkzu96X7JH3E1kjCRuOSkJmrcMcabUR6SufwdDb5APM%2BDIPwFZfyT%2BPAeyPCzd4P5JyJk17dHDmITfObcpdf8U0GMW2a7PAiTVH%5C%2FvClBsNkVmEuGXNu2E7KiEB%2B9Q5S5oAS8Q8rwqlPI4GduZq9Qr0f3WlG7m6PFfdVAxu9DqUTAQVSCY1A%5C%2F07d66D9Bwtlirni1wB1DB0PuxrgFGWPfQ9NLCtIW3IiV%5C%2F9OIlmMMnEKA8DhOIENSMUbgy6FnP%2B93kMaa6aAqjI%5C%2Fv4oC%5C%2FgosyRvzv4OVdStIKTaNEVoVnw9C4OGk5Q2hQNqkZWM0NTXsytlG%2Bqx06C0OfQ5QxmwLxgnsDZjcPBITbPfOpPrsTlsHe%2B%2BXJjSYBjDmv5hT6i6vsTyQsPpKImvHvjXR45%5C%2FP%2BwqL9bo5luEMzQ29eMsIPRoHr8eE%2B92eMhadI%2BH%2Bub%2BaoHyU%2BVppKyqMWE1uCPIIH72gdobf5VWMaG9B7nunzU21YwrovRf8W%5C%2Fb9RUCGZTBGyCJJxAB%2BJk9BWpKBsScv1fCVEu0xlHL6edymf86tAoYuQoYpIlwvjT0ad5mvGh0eGmFfL6BzIWWG3L4twqwnN9ub1EboAKTfljlHWgAFhQGg0Hw7THio3QsAkWwCeNHo%5C%2Folkm1s1WqjXt7ndxEZNyaLMs7RWWjQeWIr6tLW%5C%2FlQoJy6N%5C%2FyLEvvyXSvzB5kfRrkt1NEnflhSmOx9VCIrH3qhlmBp0N65GyB62Ar2sE06a3Bvcr1nyoirJRvWUlxYsQixPRr5VFMJNAzruVkhAmquws%2BObV6bbYwynsNFwNrcWzcCITyHwEitK04XoopHp7qWbVONizUvnDSkPWvnkBOF5DJ5PnC28beA5mWOglLFpy1yuRtIKUaU98UfBKYhJQ5TugiWLUDzWcLk1wF7iWvR5lZWz1jPQBblOOsIxAq172V7gnSlLjazGqgizSfRoTL3rfwKRGQvJZqto4dIFN%5C%2Ffpi4Jf1LlUWEkD0fTtkj67ICR3EDv2dlYJcp1K1gcOoRdHEXohaqA8kcJIRxPYM20cb7Y%2BEwkch2sVd99ggCqvHqiZgGaCkA6pDl%2BHxLMsIqXVbO9GkcXVV1vImEZnpixIAIv26rnq5J5uIjpEzChLg3jYnTqxgQ3hukQJzFmztKtqZvgxerlRlN49jybiE6viqHKRLZAnZmUYXDwoysFVdauIg54MT%2BqEh6yOkUs62gHUKiLBEmLQRIZ9f3B0JyrWriFVRm1NPa1vtofW%5C%2F9Clxk9TVm%22%2C%22user%22%3A%22TE1515715%22%2C%22lang%22%3A%22al%22%2C%22langcode%22%3A%22sq_AL_FO%22%2C%22keys%22%3A%22ACCOUNT%22%2C%22level%22%3A%22500%22%2C%22status%22%3A%22OK%22%2C%22accountid%22%3A%221515715%22%2C%22hostopianid%22%3A%222519%22%2C%22portaluname%22%3A%22qatest-2519-04042019-NE2RuXa-new-yc%40ychekulaeva.hostopia.com%22%2C%22domain%22%3A%22qatest-2519-04042019-ne2ruxa.com%22%2C%22customloginurl%22%3A%22http%3A%5C%2F%5C%2Fwww.telmex.com%5C%2Fcloud%22%7D
Generated AccessToken: eyJ0eXAiOiJKV1QiLCJhbGciOiJIUzI1NiJ9.eyJoYXNoIjoiNDAyODIzZTBhNWQ2YmYyOThiNzAwY2NjZDhmZTA5YzRhNzEwZmM4OWI5NTcwZjkxNWYyMTBlYzYzNTI0YTMwNSIsImV4cCI6MTcyNjc2MTc3MX0.6bV_RNbzm4yxVZVZVM_84rf5HPFLZwWjJzc-Jejh228
HTTP/1.1 500 Internal Server Error
Date: Thu, 19 Sep 2024 15:57:53 GMT
Server: Apache
X-Content-Type-Options: nosniff
X-Frame-Options: SAMEORIGIN
X-XSS-Protection: 1; mode=block
Strict-Transport-Security: max-age=31536000; includeSubDomains
Content-Length: 136
Content-Type: text/html;charset=UTF-8
Connection: close

<html>
  <head>
    <title>500 Internal Server Error</title>
  </head>
  <body>
    <h1>Internal Server Error</h1>

Function does not exists
  </body>
</html>
Domain Response:                     <html>
                        <head>
                            <title>202 Accepted</title>
                        </head>
                        <body>
                            <h1>Authorization accepted</h1>
                        </body>
                    </html>
Generated UserCard: %7B%22keyid%22%3A3%2C%22card%22%3A%22j3sMLwTk%5C%2FC2zP2rxSULiLdyKE76pL6Lv9ITORpHyYqVWV%2Be6duoUNHhpyAgVgIPzRHVm9k5wUmdEDGsKra5BPclvia1UhWhEWeroU3elx54w6aabOk5kuGJJuktLCmuBNndEQvFowVr70cMHV%2B0N6rI%5C%2FVXFLV0SuNUfC0%5C%2FiHzDOuzqBjLs%2BgkvE1Dyr403v7165KP8nar6aXIPpA7tjQaON3vdHrUNfZcJrOwZ8o7%5C%2F1DFJTspfTAW2VPR7KQtxQ%5C%2Fy5pUNfQhrCOzUWGPO6HJywg1KcQMBSoXMS4oilf3AzHrntuoka9zDQFxLlA8cvujnrRUCJoO3DviLfkKshuZnyCUN%5C%2FsjYAMI89ga3857xzUUVBDHJxEdj9DYjk3hJYXkRMZ19Vu4tpQ91yEsthJ4vEjpwj2iZkqGDEudsxLeO1pbppfrG8u4v7uEm5L5THiQKUHXi8LyYuJoSeJ6If5Gzn4M9SFgNQnaQ4arBe7ugEI%2B8G4Xee%2B72Y83dLGzNP9sguSAatR821NmazGRo6ezkZJDyppV9FxaO5DaXBPj5D9u0Cw3stbeKsOO0%2BCwDj76fJhyEAiWjpk9vzZ6pjW39RTS4bayrfu6oEca0nvmQWWvOo21i5Ghi6%2BR07r7Xe5vfPO6MLKIwvtxT%2BF7U%5C%2FHa2k160qcCVeKF6KMFV5wSCtUbLH8FKjOf5HwUqKxi792tTtPKlVn%5C%2FSJV3RU3jd%5C%2FE9O2bvpbos2umzcCaGrVCc3Ebah0jUU2OmjAKnr%2BTQtNgBhJDIezeni%2BML5gQLZjSG8l6PvTlaDgL18Ql9U8xR6hUrMUcJ%5C%2FXJop82LjmD%2BE53Ukkwdm2muBfRfAmi2CekPasgENyy3kWew8dmvAyB3FMTwu4ChxzLyhEzR9%2B3TNjrJ2aedjliFosW3%2B%5C%2F1mpTwD63CNlWUh433LV3AeXTomcK492rS%5C%2FkeHGnVhG4p6DYtmB4riVm0aZj8kzXegkTotJLMshnTs7x2gSxP7B0IowExFsajDn1xEGkxfyi%2BoDGn3IPNljUEKSXWJYTJWiPBd0eJ5VUy87vajwot1j99FtMkDK3ZUwh6cgpajCRbNPGYC10XxZHT1WQhiXhQ2Bu4nmOeI8y0rerByPgAKxl5b71sihaX%2Bc0qsZ2Dq3mNkjl74GtldkxlYDuYB5q89qsshFRQwNmAUQZoTyohL2tOpD5egnsfySaqPGjKbBDrHe5Iqrk%2B%2BxfPv65ha36AoLBg%5C%2F9SaLDKqQXxIw2%2BGa3DcSie6R3gu4urMK0BvRWqQxxjw%2ByR7jPqMMhlnn9vAiRtimP52JzYyfjgGekDuujXZZwVH0KWkeAkXh0kTF8%5C%2F%5C%2FEC%2Ba0w1ljDygB1CsYl8AN5dwxKIFVxuJwT2GWsUoWxVQ9iOW%5C%2FNoH13s8o7s0ApTF%2BLcBeD%22%2C%22user%22%3A%22TE1515715%22%2C%22lang%22%3A%22al%22%2C%22langcode%22%3A%22sq_AL_FO%22%2C%22keys%22%3A%22ACCOUNT%22%2C%22level%22%3A%22500%22%2C%22status%22%3A%22OK%22%2C%22accountid%22%3A%221515715%22%2C%22hostopianid%22%3A%222519%22%2C%22portaluname%22%3A%22qatest-2519-04042019-NE2RuXa-new-yc%40ychekulaeva.hostopia.com%22%2C%22domain%22%3A%22qatest-2519-04042019-ne2ruxa.com%22%2C%22customloginurl%22%3A%22http%3A%5C%2F%5C%2Fwww.telmex.com%5C%2Fcloud%22%7D
Generated AccessToken: eyJ0eXAiOiJKV1QiLCJhbGciOiJIUzI1NiJ9.eyJoYXNoIjoiMzlhNzhkMDE4MzI1YzllMDg4N2E0N2ZjMzUzMWI5ZTM0YmI4ZGNkNzkzMTJjMGM2N2FkYzg3M2M0YWM0YTRiOCIsImV4cCI6MTcyNjc2MTc3Nn0.d0jNDFDQ6zqad5PYKZzHHpSembHD_7SR5JCe61hYfMM
ListId: 173106
HTTP/1.1 200 OK
Date: Thu, 19 Sep 2024 15:57:58 GMT
Server: Apache
X-Content-Type-Options: nosniff
X-Frame-Options: SAMEORIGIN
X-XSS-Protection: 1; mode=block
Strict-Transport-Security: max-age=31536000; includeSubDomains
Content-Length: 84
Content-Type: application/json
Keep-Alive: timeout=5, max=100
Connection: Keep-Alive

{
    "ListInfo": {
        "Name": "rhrerh",
        "ListId": "173106",
        "default": "0",
        "Count": 1
    },
    "Success": 1
}
Domain Response:                     <html>
                        <head>
                            <title>202 Accepted</title>
                        </head>
                        <body>
                            <h1>Authorization accepted</h1>
                        </body>
                    </html>
Generated UserCard: %7B%22keyid%22%3A3%2C%22card%22%3A%22ZuUf5LTZK2wOyvUBhy%5C%2F9WGaD5u3lgz7HCqOSi8uptPnmsdDsGXH%5C%2FI3JeSB68ytHiwyxSU190qiDSz9MSUZ7m1Nd%2BSEcQJOsYOghIIc0WB2Q%2B%5C%2F9LF0%2BEFDGGViHb%2B2RsmvTttlbBOQHnNZZRRXM2DRg7%5C%2Fjm%5C%2FdcNAfkUITw4BoGS9zZv8pjM2GAVPOwNgqirLMq6Wa7K%2BSIab3mDMxASNaeNTvyzwXfnerOCDM5w9KuJMen4vARJwyFjYQ2K%5C%2F46t7kSzt1duDQt7VfTrN2bTSRh9YnXvefrF4jrIRci4HJvpprtQS8NVg8R%2Bn3ffEp%2BZ2RqcUHUG2%2BQxQdE4Jf5JDmYRm5k92vqROz98d4K%5C%2Fka7TWUsERbmBaw8rhTS4%2B3La9U1ytIi3EgSlsH3l05pI1GK%2B9j0kW82d6FsgVzv%5C%2FIyGkGjWcm7idJCJqjNHauc%5C%2F13rbNpQKBtCRwsBClx7ht2spY0gufVS6%2BxoPCBMctChXaeqKqaThyPBVospwur10VMxaCLs5Fw2eKw664DTOZ9Wb5ezp7CK9ZPszfNENSvI6IhVhbu2%5C%2F1rcKI%5C%2F3sQB%2B3D26ngDZ2pq812fY6bijcR06iJNZIaIGBCJ%2BXN2DJVBPU1%5C%2FF2dLydxes6f9VuzUqaUDCW5vJGQW7eEcBp1N0KU7RdZrtEs26sJhLeoQ84KQqcAWVQOuOPRv4u1N3U5YlpxwwJprZSIWiP%2Bp53ec6pqD4yjMSGoSyB6X4CFPNBFXAR4gpnAuq52dRcrpAzqUILcqNqbPJklk4%2BB1yoQqdafzGByNFg5QbiDMEBv7quxFpWNtYW0hxUJv7K%2BzZjSeP7e05w3dvi%2BB5xas924JtGFi%2BKcI%5C%2F4dZ%5C%2FvdMh3pCLathXP2RFrpDQLglolijRuctEwvcNwkxFRLeqvK1F1YxlVIVNlr%5C%2FUBhknHOiPq4XUoCMwZP%2BhQDy2Bti3jsyJaJbVdlavKB%2Bg2lKqerrAVfpj4iBRfXDTScsYkuKrhcx3mV%2BiwLrVMxeI1jD7G7V1X1lbZnRukqbc7MUGG9nG0vyqwoOnCDlNuX95AeqN1qUEXfQESUTBJA6H4Q1PdfyTx4wTn66mnCyvxYP6FyRyo1fDZ%2BGXROPtOo7QYzLlo%2Bl%2B00q91CJ3p1tams86Yb277ubt%2BRl4OEKv1UZtyoJWDs3%2BrQUEoU5hZ6fTXDblV%2Bi5yI6Rv78aOhbXeYYVUxLirgHcsitRFmxe0Z7NYbxLLMXypQ%5C%2FQdg6CKhADlonCTt%2BYipyt7V2lxuIO%2B62TCnE3j4flRrC9eZk%5C%2FycJfLrAospxzzbxyANw7ToCDFGAmMUOPrTzRedRJU9cK899%5C%2FGA%5C%2FiZKnXkN9yHm9lylxg0KBXsPouIfI%5C%2F%2BjbVqkTroDDw%5C%2FgYN1X3ZpyL5VFgzoNkckzoXvH91E3Li%22%2C%22user%22%3A%22TE1515715%22%2C%22lang%22%3A%22al%22%2C%22langcode%22%3A%22sq_AL_FO%22%2C%22keys%22%3A%22ACCOUNT%22%2C%22level%22%3A%22500%22%2C%22status%22%3A%22OK%22%2C%22accountid%22%3A%221515715%22%2C%22hostopianid%22%3A%222519%22%2C%22portaluname%22%3A%22qatest-2519-04042019-NE2RuXa-new-yc%40ychekulaeva.hostopia.com%22%2C%22domain%22%3A%22qatest-2519-04042019-ne2ruxa.com%22%2C%22customloginurl%22%3A%22http%3A%5C%2F%5C%2Fwww.telmex.com%5C%2Fcloud%22%7D
Generated AccessToken: eyJ0eXAiOiJKV1QiLCJhbGciOiJIUzI1NiJ9.eyJoYXNoIjoiN2RjZWE5MWQzYzU2ZDVjMTg1YTA0ODI3MDA5NmRmNmZjMDQ3ZmQ1MGMyYzIxMzMyYmU2YWM3YTA5YWZjMDlhOCIsImV4cCI6MTcyNjc2MTc4MX0.w1xNoJLf_HLQnQoRzz_blk0hdGw-4wbCpTxiI2ghtt8
Source List ID 1: 150458
Source List ID 2: 173106
HTTP/1.1 200 OK
Date: Thu, 19 Sep 2024 15:58:03 GMT
Server: Apache
X-HAPI-TOKEN-FAIL: no cookie
X-Content-Type-Options: nosniff
X-Frame-Options: SAMEORIGIN
X-XSS-Protection: 1; mode=block
Strict-Transport-Security: max-age=31536000; includeSubDomains
Content-Length: 13
Content-Type: application/json
Keep-Alive: timeout=5, max=100
Connection: Keep-Alive

{
    "Success": 1
}
Domain Response:                     <html>
                        <head>
                            <title>202 Accepted</title>
                        </head>
                        <body>
                            <h1>Authorization accepted</h1>
                        </body>
                    </html>
Generated UserCard: %7B%22keyid%22%3A3%2C%22card%22%3A%22SjJUsIpmWMAewN5e4Wn4ohSHhTPzfWJkBYqhtcP8ZCnGyMZI3pX2tJxVMik%2B3vMo9pLmJcJlD%2BkHjw%2B1GuohikevORtzSY29CK8FMIVaoTlX8EpyOp8UPboeN%2BYHe%2BPfloAVUK5xkijSFg9VXvikYP0kg9YrhPMIRyrbWkTwqzq1vmlYKU1x5ltSS80wR1muPOtmT8y6J6v0ixgN9Xmqa0K5amyOruFmMHbmsx58kjTMoZH5XSWBopSCHbcu8mcFQoTKS9ynUQymDegf5hvU5X5%2BW9vLDKFZXbqkPw%5C%2FB9tPjtgwcRkMQLkx%5C%2FG6d1CHRBUdtsWhMPCYFHQ5%2BQXKOFl0une8d2RyUGw77oLfH5oWdqfrOiwz8fYmROpS3q4Sd3HE9jv6Ccs8VFng4zxWIkhMZg4BXe3FswNQhkNT9ZuV8R37Z7HTaGcTpP4X1lZpOGQQIDALjM9Mopc%5C%2F2c5WgF9jaz6US%5C%2FVK9WHCmYjhtNHp9S1gwKgX3i84NYKHYp7YdSUC1zJ7IWrI%2BDECDC25A1YQC9tNk0YbMX1zC%2BmiGM2KsBSYl5v90ZvyFw9dZ10iR1sofqAT9VTR8ffzjI0p3DF%5C%2FF25PTiOJfSAWVhvf%2BxG3M0jb9%5C%2FZUbO4wGP3Q%2BuKi4OEMINqLtlJEYe6bLm9Nq8VTzChV3HHGE7RedEg%2BMOqQcQxvmz%2BTRbf676GG%5C%2FuKy6Cf%2BVw5bDOfLkQt0vajA7fHesIsB6SrK9c47bEpGHDupe0qm9usSzIlHOKqKnfnL9Aizr8nop3U86Y5PqxBFM3L%2BVr7TIHvUP9z%2BEyuoXKO3KVTcbRQ8jpKd26GD5LkkhXX2m1BgTG8sG94cAr%5C%2FHPoJfZQPFKjk10KH%2BQkwbVm43Y6ITVDRE%5C%2FzvI2IftpJpkgjWq8opQAWBGvyxu9WuvHI32t%5C%2FGtWdE1bIMmZTEO6ST%2BJR1GaXKQHwhCzqMR7rtWNJITFRWxPjBgdOgEXmqydwKTF4z%2Brz8NhXpRyG6GSJVgm4MAHoc840cz5yfTEM4uxAnBBUjRU3x7ZkbOfsZpPYqSAuOJCb6BFcRFzVYrppBDndW9OtTLQIIhmeaN4Ah3YCaKqtQwUa%2BGSwaqqTKwjlE2lN1K3YdzgfGNY4zCl%2ByZepC%2BfyqdIIeqOnnBBMingZr8d0C%5C%2FK125zO0qIOT3u%5C%2FZHNg937zWfd4SHoU8awqTQrh4CDojPkt4LEWq90%2BNH%2BY8g%2BgraMXMIC5e1RNxD%5C%2FhZa4Dq1Jx3h8URzWBsrAbGRAeC0FVMgCQxWa8u6TMnbSh1fFnQ8Aqh2ZpNCHyz0pl6FsY%5C%2FIEnqcwwikmUPUMftvlOVfKQmkUCYoaIoCjXB1D%2Ba3VFzplAhQ77QRuQaTFMxWPOB9wZe2XPC2dfPjsbJrl127tNI9jAIORELmDncq0s%22%2C%22user%22%3A%22TE1515715%22%2C%22lang%22%3A%22al%22%2C%22langcode%22%3A%22sq_AL_FO%22%2C%22keys%22%3A%22ACCOUNT%22%2C%22level%22%3A%22500%22%2C%22status%22%3A%22OK%22%2C%22accountid%22%3A%221515715%22%2C%22hostopianid%22%3A%222519%22%2C%22portaluname%22%3A%22qatest-2519-04042019-NE2RuXa-new-yc%40ychekulaeva.hostopia.com%22%2C%22domain%22%3A%22qatest-2519-04042019-ne2ruxa.com%22%2C%22customloginurl%22%3A%22http%3A%5C%2F%5C%2Fwww.telmex.com%5C%2Fcloud%22%7D
Generated AccessToken: eyJ0eXAiOiJKV1QiLCJhbGciOiJIUzI1NiJ9.eyJoYXNoIjoiNjA0MDNlODIyYTVmMTc3MTZjZTNjYTVjNGUwMDYxZWE0YzZmYmRmMGUzMDgyODYwNTFkYmM5YTNiNzZlNzU3OCIsImV4cCI6MTcyNjc2MTc5MX0.RKifHoigxLZq5de0QH2c2BQQqoAiFZgCmzpjkDJoi_Y
ListId: 173106
HTTP/1.1 200 OK
Date: Thu, 19 Sep 2024 15:58:13 GMT
Server: Apache
X-Content-Type-Options: nosniff
X-Frame-Options: SAMEORIGIN
X-XSS-Protection: 1; mode=block
Strict-Transport-Security: max-age=31536000; includeSubDomains
Content-Type: application/json
Keep-Alive: timeout=5, max=100
Connection: Keep-Alive
Transfer-Encoding: chunked

{
    "Contacts": [
        {
            "ContactId": "38014416",
            "Email": "testdt@dtkachenko.hostopia.com",
            "Salutation": "",
            "FirstName": "",
            "LastName": "",
            "Phone": "",
            "Address": "",
            "Address2": "",
            "City": "",
            "StateProv": "",
            "ZipPostalCode": "",
            "Country": "",
            "Company": "",
            "Status": "U",
            "group_id": "150458,166684,168390,151174,150510,172668,173050,173106",
            "Notes": "",
            "FullName": " "
        },
        {
            "ContactId": "38090774",
            "Email": "sdasd@sdas.ri",
            "Salutation": "",
            "FirstName": "",
            "LastName": "",
            "Phone": "",
            "Address": "",
            "Address2": "",
            "City": "",
            "StateProv": "",
            "ZipPostalCode": "",
            "Country": "",
            "Company": "",
            "Status": "P",
            "group_id": "151174,150458,166684,168390,150510,172668,173050,173106",
            "Notes": "",
            "FullName": " "
        },
        {
            "ContactId": "38093280",
            "Email": "abuld@ukr.net",
            "Salutation": "",
            "FirstName": "",
            "LastName": "",
            "Phone": "",
            "Address": "",
            "Address2": "",
            "City": "",
            "StateProv": "",
            "ZipPostalCode": "",
            "Country": "",
            "Company": "",
            "Status": "U",
            "group_id": "168390,151414,150458,150510,172668,173050,173106",
            "Notes": "",
            "FullName": " "
        },
        {
            "ContactId": "38093282",
            "Email": "bul@ukr.net",
            "Salutation": "",
            "FirstName": "",
            "LastName": "",
            "Phone": "",
            "Address": "",
            "Address2": "",
            "City": "",
            "StateProv": "",
            "ZipPostalCode": "",
            "Country": "",
            "Company": "",
            "Status": "U",
            "group_id": "151414,150458,168390,150510,172668,173050,173106",
            "Notes": "",
            "FullName": " "
        },
        {
            "ContactId": "38093314",
            "Email": "arevatest@test.com",
            "Salutation": "",
            "FirstName": "areva",
            "LastName": "test",
            "Phone": "",
            "Address": "",
            "Address2": "",
            "City": "",
            "StateProv": "",
            "ZipPostalCode": "",
            "Country": "",
            "Company": "",
            "Status": "U",
            "group_id": "150458,168390,150510,172668,173050,173106",
            "Notes": "",
            "FullName": "areva test"
        },
        {
            "ContactId": "39239156",
            "Email": "123@123.com",
            "Salutation": "",
            "FirstName": "",
            "LastName": "",
            "Phone": "",
            "Address": "",
            "Address2": "",
            "City": "",
            "StateProv": "",
            "ZipPostalCode": "",
            "Country": "",
            "Company": "",
            "Status": "B",
            "group_id": "151174,150458,166684,168390,150510,172668,173050,173106",
            "Notes": "Blocked",
            "FullName": " "
        },
        {
            "ContactId": "39249640",
            "Email": "333@gmail.com",
            "Salutation": "",
            "FirstName": "",
            "LastName": "",
            "Phone": "",
            "Address": "",
            "Address2": "",
            "City": "",
            "StateProv": "",
            "ZipPostalCode": "",
            "Country": "",
            "Company": "",
            "Status": "B",
            "group_id": "151344,150458,168390,150510,172668,173050,173106",
            "Notes": "Blocked",
            "FullName": " "
        },
        {
            "ContactId": "39249642",
            "Email": "533@gmail.com",
            "Salutation": "",
            "FirstName": "",
            "LastName": "",
            "Phone": "",
            "Address": "",
            "Address2": "",
            "City": "",
            "StateProv": "",
            "ZipPostalCode": "",
            "Country": "",
            "Company": "",
            "Status": "B",
            "group_id": "151344,150458,168390,150510,172668,173050,173106",
            "Notes": "Blocked",
            "FullName": " "
        },
        {
            "ContactId": "39249644",
            "Email": "433@gmail.com",
            "Salutation": "",
            "FirstName": "",
            "LastName": "",
            "Phone": "",
            "Address": "",
            "Address2": "",
            "City": "",
            "StateProv": "",
            "ZipPostalCode": "",
            "Country": "",
            "Company": "",
            "Status": "B",
            "group_id": "151344,150458,168390,150510,172668,173050,173106",
            "Notes": "Blocked",
            "FullName": " "
        },
        {
            "ContactId": "39249646",
            "Email": "666@gmail.com",
            "Salutation": "",
            "FirstName": "",
            "LastName": "",
            "Phone": "",
            "Address": "",
            "Address2": "",
            "City": "",
            "StateProv": "",
            "ZipPostalCode": "",
            "Country": "",
            "Company": "",
            "Status": "B",
            "group_id": "151344,150458,168390,150510,172668,173050,173106",
            "Notes": "Blocked",
            "FullName": " "
        },
        {
            "ContactId": "39249648",
            "Email": "777@gmail.com",
            "Salutation": "",
            "FirstName": "",
            "LastName": "",
            "Phone": "",
            "Address": "",
            "Address2": "",
            "City": "",
            "StateProv": "",
            "ZipPostalCode": "",
            "Country": "",
            "Company": "",
            "Status": "B",
            "group_id": "151344,150458,168390,150510,172668,173050,173106",
            "Notes": "Blocked",
            "FullName": " "
        },
        {
            "ContactId": "39249650",
            "Email": "awd@gmail.com",
            "Salutation": "",
            "FirstName": "",
            "LastName": "",
            "Phone": "",
            "Address": "",
            "Address2": "",
            "City": "",
            "StateProv": "",
            "ZipPostalCode": "",
            "Country": "",
            "Company": "",
            "Status": "B",
            "group_id": "150458,168390,150510,172668,173050,173106",
            "Notes": "Blocked",
            "FullName": " "
        },
        {
            "ContactId": "39249652",
            "Email": "aaa@aa.aa",
            "Salutation": "",
            "FirstName": "",
            "LastName": "",
            "Phone": "",
            "Address": "",
            "Address2": "",
            "City": "",
            "StateProv": "",
            "ZipPostalCode": "",
            "Country": "",
            "Company": "",
            "Status": "B",
            "group_id": "150458,153946,168390,150510,172668,173050,173106",
            "Notes": "Blocked",
            "FullName": " "
        },
        {
            "ContactId": "39249654",
            "Email": "bbb@bb.bb",
            "Salutation": "",
            "FirstName": "",
            "LastName": "",
            "Phone": "",
            "Address": "",
            "Address2": "",
            "City": "",
            "StateProv": "",
            "ZipPostalCode": "",
            "Country": "",
            "Company": "",
            "Status": "B",
            "group_id": "150458,153946,168390,150510,172668,173050,173106",
            "Notes": "Blocked",
            "FullName": " "
        },
        {
            "ContactId": "39251940",
            "Email": "1111@aaa.aa",
            "Salutation": "",
            "FirstName": "",
            "LastName": "",
            "Phone": "",
            "Address": "",
            "Address2": "",
            "City": "",
            "StateProv": "",
            "ZipPostalCode": "",
            "Country": "",
            "Company": "",
            "Status": "B",
            "group_id": "153946,150458,168390,150510,172668,173050,173106",
            "Notes": "Blocked",
            "FullName": " "
        },
        {
            "ContactId": "39251942",
            "Email": "22222@aaa.aa",
            "Salutation": "",
            "FirstName": "",
            "LastName": "",
            "Phone": "",
            "Address": "",
            "Address2": "",
            "City": "",
            "StateProv": "",
            "ZipPostalCode": "",
            "Country": "",
            "Company": "",
            "Status": "B",
            "group_id": "153946,150458,168390,150510,172668,173050,173106",
            "Notes": "Blocked",
            "FullName": " "
        },
        {
            "ContactId": "39251944",
            "Email": "bbbbb@bb.bb",
            "Salutation": "",
            "FirstName": "",
            "LastName": "",
            "Phone": "",
            "Address": "",
            "Address2": "",
            "City": "",
            "StateProv": "",
            "ZipPostalCode": "",
            "Country": "",
            "Company": "",
            "Status": "B",
            "group_id": "150458,150510,166684,168390,151174,172668,173050,173106",
            "Notes": "Blocked",
            "FullName": " "
        },
        {
            "ContactId": "39251946",
            "Email": "cccccc@cc.cc",
            "Salutation": "",
            "FirstName": "",
            "LastName": "",
            "Phone": "",
            "Address": "",
            "Address2": "",
            "City": "",
            "StateProv": "",
            "ZipPostalCode": "",
            "Country": "",
            "Company": "",
            "Status": "B",
            "group_id": "150458,150510,166684,168390,151174,172668,173050,173106",
            "Notes": "Blocked",
            "FullName": " "
        },
        {
            "ContactId": "39251948",
            "Email": "sadsadsadsad@adsadsa.aaa",
            "Salutation": "",
            "FirstName": "",
            "LastName": "",
            "Phone": "",
            "Address": "",
            "Address2": "",
            "City": "",
            "StateProv": "",
            "ZipPostalCode": "",
            "Country": "",
            "Company": "",
            "Status": "B",
            "group_id": "151174,150458,166684,168390,150510,172668,173050,173106",
            "Notes": "Blocked",
            "FullName": " "
        },
        {
            "ContactId": "39458604",
            "Email": "test@idudik.hostopia.com",
            "Salutation": "",
            "FirstName": "qa",
            "LastName": "test",
            "Phone": "",
            "Address": "",
            "Address2": "",
            "City": "",
            "StateProv": "",
            "ZipPostalCode": "",
            "Country": "",
            "Company": "",
            "Status": "U",
            "group_id": "151414,150458,165320,150510,166684,168390,151174,172668,173050,173106",
            "Notes": "",
            "FullName": "qa test"
        },
        {
            "ContactId": "39458606",
            "Email": "dmytro.huschchin@geeksforless.com",
            "Salutation": "",
            "FirstName": "",
            "LastName": "",
            "Phone": "",
            "Address": "",
            "Address2": "",
            "City": "",
            "StateProv": "",
            "ZipPostalCode": "",
            "Country": "",
            "Company": "",
            "Status": "B",
            "group_id": "161172,150458,168390,150510,172668,173050,173106",
            "Notes": "Blocked",
            "FullName": " "
        },
        {
            "ContactId": "40153872",
            "Email": "qatestqa@tutanova.com",
            "Salutation": "",
            "FirstName": "test",
            "LastName": "",
            "Phone": "",
            "Address": "",
            "Address2": "",
            "City": "",
            "StateProv": "",
            "ZipPostalCode": "",
            "Country": "",
            "Company": "",
            "Status": "U",
            "group_id": "166262,150458,150510,165320,166684,168390,151174,172668,173050,173106",
            "Notes": "",
            "FullName": "test "
        },
        {
            "ContactId": "40153948",
            "Email": "geuzagoquici-3401@yopmail.com",
            "Salutation": "saasczc",
            "FirstName": "test",
            "LastName": "test",
            "Phone": "46515468415",
            "Address": "avsdvsdv",
            "Address2": "dvsdvsdv",
            "City": "dvsdv sv",
            "StateProv": "dvsdv",
            "ZipPostalCode": "dvsdvs",
            "Country": "dvsv xcv",
            "Company": "asvsdvsv x",
            "Status": "U",
            "group_id": "166262,150458,165320,168390,150510,172668,173050,173106",
            "Notes": "sdvsdv",
            "FullName": "test test"
        },
        {
            "ContactId": "40247680",
            "Email": "autotest12112023212420@ybabankova.hostopia.com",
            "Salutation": "",
            "FirstName": "fssf",
            "LastName": "sfsfsfsfsf",
            "Phone": "",
            "Address": "",
            "Address2": "",
            "City": "",
            "StateProv": "",
            "ZipPostalCode": "",
            "Country": "",
            "Company": "",
            "Status": "U",
            "group_id": "150458,168390,150510,172668,173050,173106",
            "Notes": "",
            "FullName": "fssf sfsfsfsfsf"
        },
        {
            "ContactId": "40247682",
            "Email": "sewofrelute-5075@yopmail.com",
            "Salutation": "",
            "FirstName": "hghghgh",
            "LastName": "ghghghgh",
            "Phone": "",
            "Address": "",
            "Address2": "",
            "City": "",
            "StateProv": "",
            "ZipPostalCode": "",
            "Country": "",
            "Company": "",
            "Status": "U",
            "group_id": "150510,150458,168390,172668,173050,173106",
            "Notes": "",
            "FullName": "hghghgh ghghghgh"
        },
        {
            "ContactId": "40247684",
            "Email": "tozeibaxonne-9008@yopmail.com",
            "Salutation": "",
            "FirstName": "in",
            "LastName": "in",
            "Phone": "",
            "Address": "",
            "Address2": "",
            "City": "",
            "StateProv": "",
            "ZipPostalCode": "",
            "Country": "",
            "Company": "",
            "Status": "U",
            "group_id": "150458,168390,150510,172668,173050,173106",
            "Notes": "",
            "FullName": "in in"
        },
        {
            "ContactId": "40247686",
            "Email": "zemmogaupreige-6165@yopmail.com",
            "Salutation": "",
            "FirstName": "in",
            "LastName": "in",
            "Phone": "6514837111",
            "Address": "801 S Marquette Ave",
            "Address2": "802 S Marquette Ave",
            "City": "Minneapolis",
            "StateProv": "AL",
            "ZipPostalCode": "55402",
            "Country": "US",
            "Company": "QAtest",
            "Status": "U",
            "group_id": "150510,150458,168390,172668,173050,173106",
            "Notes": "testQA",
            "FullName": "in in"
        },
        {
            "ContactId": "40247688",
            "Email": "trabetrayaho-9480@yopmail.com",
            "Salutation": "",
            "FirstName": "in",
            "LastName": "in",
            "Phone": "",
            "Address": "",
            "Address2": "",
            "City": "",
            "StateProv": "",
            "ZipPostalCode": "",
            "Country": "",
            "Company": "",
            "Status": "U",
            "group_id": "150510,150458,168390,172668,173050,173106",
            "Notes": "",
            "FullName": "in in"
        },
        {
            "ContactId": "40247690",
            "Email": "autotest12112023222707@ybabankova.hostopia.com",
            "Salutation": "",
            "FirstName": "QATest",
            "LastName": "TestQA",
            "Phone": "6514837111",
            "Address": "801 S Marquette Ave",
            "Address2": "802 S Marquette Ave",
            "City": "Minneapolis",
            "StateProv": "AL",
            "ZipPostalCode": "55402",
            "Country": "US",
            "Company": "QAtestQA",
            "Status": "U",
            "group_id": "150510,150458,168390,172668,173050,173106",
            "Notes": "testQAQA",
            "FullName": "QATest TestQA"
        },
        {
            "ContactId": "40247692",
            "Email": "autotest12112023222800@ybabankova.hostopia.com",
            "Salutation": "",
            "FirstName": "QATest",
            "LastName": "TestQA",
            "Phone": "6514837111",
            "Address": "801 S Marquette Ave",
            "Address2": "802 S Marquette Ave",
            "City": "Minneapolis",
            "StateProv": "AL",
            "ZipPostalCode": "55402",
            "Country": "US",
            "Company": "QAtestQA",
            "Status": "U",
            "group_id": "150510,150458,168390,172668,173050,173106",
            "Notes": "testQAQA",
            "FullName": "QATest TestQA"
        },
        {
            "ContactId": "40247694",
            "Email": "autotest12112023223111@ybabankova.hostopia.com",
            "Salutation": "",
            "FirstName": "QATest",
            "LastName": "TestQA",
            "Phone": "6514837111",
            "Address": "801 S Marquette Ave",
            "Address2": "802 S Marquette Ave",
            "City": "Minneapolis",
            "StateProv": "AL",
            "ZipPostalCode": "55402",
            "Country": "US",
            "Company": "QAtestQA",
            "Status": "U",
            "group_id": "150510,150458,168390,172668,173050,173106",
            "Notes": "testQAQA",
            "FullName": "QATest TestQA"
        },
        {
            "ContactId": "40247696",
            "Email": "autotest12112023223433@ybabankova.hostopia.com",
            "Salutation": "",
            "FirstName": "QATest",
            "LastName": "TestQA",
            "Phone": "6514837111",
            "Address": "801 S Marquette Ave",
            "Address2": "802 S Marquette Ave",
            "City": "Minneapolis",
            "StateProv": "AL",
            "ZipPostalCode": "55402",
            "Country": "US",
            "Company": "QAtestQA",
            "Status": "U",
            "group_id": "150510,150458,168390,172668,173050,173106",
            "Notes": "testQAQA",
            "FullName": "QATest TestQA"
        },
        {
            "ContactId": "40247698",
            "Email": "autotest12112023223704@ybabankova.hostopia.com",
            "Salutation": "",
            "FirstName": "QATest",
            "LastName": "TestQA",
            "Phone": "6514837111",
            "Address": "801 S Marquette Ave",
            "Address2": "802 S Marquette Ave",
            "City": "Minneapolis",
            "StateProv": "AL",
            "ZipPostalCode": "55402",
            "Country": "US",
            "Company": "QAtestQA",
            "Status": "U",
            "group_id": "150510,150458,168390,172668,173050,173106",
            "Notes": "testQAQA",
            "FullName": "QATest TestQA"
        },
        {
            "ContactId": "40247700",
            "Email": "autotest12112023223736@ybabankova.hostopia.com",
            "Salutation": "",
            "FirstName": "QATest",
            "LastName": "TestQA",
            "Phone": "6514837111",
            "Address": "801 S Marquette Ave",
            "Address2": "802 S Marquette Ave",
            "City": "Minneapolis",
            "StateProv": "AL",
            "ZipPostalCode": "55402",
            "Country": "US",
            "Company": "QAtestQA",
            "Status": "U",
            "group_id": "150510,150458,168390,172668,173050,173106",
            "Notes": "testQAQA",
            "FullName": "QATest TestQA"
        },
        {
            "ContactId": "40247702",
            "Email": "autotest12112023224112@ybabankova.hostopia.com",
            "Salutation": "",
            "FirstName": "QATest",
            "LastName": "TestQA",
            "Phone": "6514837111",
            "Address": "801 S Marquette Ave",
            "Address2": "802 S Marquette Ave",
            "City": "Minneapolis",
            "StateProv": "AL",
            "ZipPostalCode": "55402",
            "Country": "US",
            "Company": "QAtestQA",
            "Status": "U",
            "group_id": "150510,150458,168390,172668,173050,173106",
            "Notes": "testQAQA",
            "FullName": "QATest TestQA"
        },
        {
            "ContactId": "40247704",
            "Email": "autotest12112023230203@ybabankova.hostopia.com",
            "Salutation": "",
            "FirstName": "QATest",
            "LastName": "TestQA",
            "Phone": "6514837111",
            "Address": "801 S Marquette Ave",
            "Address2": "802 S Marquette Ave",
            "City": "Minneapolis",
            "StateProv": "AL",
            "ZipPostalCode": "55402",
            "Country": "US",
            "Company": "QAtestQA",
            "Status": "U",
            "group_id": "150510,150458,168390,172668,173050,173106",
            "Notes": "testQAQA",
            "FullName": "QATest TestQA"
        },
        {
            "ContactId": "40247706",
            "Email": "autotest12112023230659@ybabankova.hostopia.com",
            "Salutation": "",
            "FirstName": "QATest",
            "LastName": "TestQA",
            "Phone": "6514837111",
            "Address": "801 S Marquette Ave",
            "Address2": "802 S Marquette Ave",
            "City": "Minneapolis",
            "StateProv": "AL",
            "ZipPostalCode": "55402",
            "Country": "US",
            "Company": "QAtestQA",
            "Status": "U",
            "group_id": "150510,150458,168390,172668,173050,173106",
            "Notes": "testQAQA",
            "FullName": "QATest TestQA"
        },
        {
            "ContactId": "40247708",
            "Email": "autotest12112023231228@ybabankova.hostopia.com",
            "Salutation": "",
            "FirstName": "QATest",
            "LastName": "TestQA",
            "Phone": "6514837111",
            "Address": "801 S Marquette Ave",
            "Address2": "802 S Marquette Ave",
            "City": "Minneapolis",
            "StateProv": "AL",
            "ZipPostalCode": "55402",
            "Country": "US",
            "Company": "QAtestQA",
            "Status": "U",
            "group_id": "150510,150458,168390,172668,173050,173106",
            "Notes": "testQAQA",
            "FullName": "QATest TestQA"
        },
        {
            "ContactId": "40247718",
            "Email": "autotest12112023234243@ybabankova.hostopia.com",
            "Salutation": "",
            "FirstName": "QATest",
            "LastName": "TestQA",
            "Phone": "6514837111",
            "Address": "801 S Marquette Ave",
            "Address2": "802 S Marquette Ave",
            "City": "Minneapolis",
            "StateProv": "AL",
            "ZipPostalCode": "55402",
            "Country": "US",
            "Company": "QAtestQA",
            "Status": "U",
            "group_id": "150510,150458,168390,172668,173050,173106",
            "Notes": "testQAQA",
            "FullName": "QATest TestQA"
        },
        {
            "ContactId": "40247720",
            "Email": "autotest12112023234331@ybabankova.hostopia.com",
            "Salutation": "",
            "FirstName": "QATest",
            "LastName": "TestQA",
            "Phone": "6514837111",
            "Address": "801 S Marquette Ave",
            "Address2": "802 S Marquette Ave",
            "City": "Minneapolis",
            "StateProv": "AL",
            "ZipPostalCode": "55402",
            "Country": "US",
            "Company": "QAtestQA",
            "Status": "U",
            "group_id": "150510,150458,168390,172668,173050,173106",
            "Notes": "testQAQA",
            "FullName": "QATest TestQA"
        },
        {
            "ContactId": "40247722",
            "Email": "autotest12112023234415@ybabankova.hostopia.com",
            "Salutation": "",
            "FirstName": "QATest",
            "LastName": "TestQA",
            "Phone": "6514837111",
            "Address": "801 S Marquette Ave",
            "Address2": "802 S Marquette Ave",
            "City": "Minneapolis",
            "StateProv": "AL",
            "ZipPostalCode": "55402",
            "Country": "US",
            "Company": "QAtestQA",
            "Status": "U",
            "group_id": "150510,150458,168390,172668,173050,173106",
            "Notes": "testQAQA",
            "FullName": "QATest TestQA"
        },
        {
            "ContactId": "40247724",
            "Email": "cofaluhayeu-8949@yopmail.com",
            "Salutation": "",
            "FirstName": "scscsc",
            "LastName": "adqssqs",
            "Phone": "",
            "Address": "",
            "Address2": "",
            "City": "",
            "StateProv": "",
            "ZipPostalCode": "",
            "Country": "",
            "Company": "",
            "Status": "U",
            "group_id": "151174,150458,168390,150510,172668,173050,173106",
            "Notes": "",
            "FullName": "scscsc adqssqs"
        },
        {
            "ContactId": "40247726",
            "Email": "autotest12112023235540@ybabankova.hostopia.com",
            "Salutation": "",
            "FirstName": "QATest",
            "LastName": "TestQA",
            "Phone": "6514837111",
            "Address": "801 S Marquette Ave",
            "Address2": "802 S Marquette Ave",
            "City": "Minneapolis",
            "StateProv": "AL",
            "ZipPostalCode": "55402",
            "Country": "US",
            "Company": "QAtestQA",
            "Status": "U",
            "group_id": "150510,150458,168390,172668,173050,173106",
            "Notes": "testQAQA",
            "FullName": "QATest TestQA"
        },
        {
            "ContactId": "40247728",
            "Email": "autotest12112023235715@ybabankova.hostopia.com",
            "Salutation": "",
            "FirstName": "QATest",
            "LastName": "TestQA",
            "Phone": "6514837111",
            "Address": "801 S Marquette Ave",
            "Address2": "802 S Marquette Ave",
            "City": "Minneapolis",
            "StateProv": "AL",
            "ZipPostalCode": "55402",
            "Country": "US",
            "Company": "QAtestQA",
            "Status": "U",
            "group_id": "150510,150458,168390,172668,173050,173106",
            "Notes": "testQAQA",
            "FullName": "QATest TestQA"
        },
        {
            "ContactId": "40247730",
            "Email": "autotest13112023000605@ybabankova.hostopia.com",
            "Salutation": "",
            "FirstName": "QATest",
            "LastName": "TestQA",
            "Phone": "6514837111",
            "Address": "801 S Marquette Ave",
            "Address2": "802 S Marquette Ave",
            "City": "Minneapolis",
            "StateProv": "AL",
            "ZipPostalCode": "55402",
            "Country": "US",
            "Company": "QAtestQA",
            "Status": "U",
            "group_id": "150510,150458,168390,172668,173050,173106",
            "Notes": "testQAQA",
            "FullName": "QATest TestQA"
        },
        {
            "ContactId": "40247732",
            "Email": "autotest13112023001124@ybabankova.hostopia.com",
            "Salutation": "",
            "FirstName": "QATest",
            "LastName": "TestQA",
            "Phone": "6514837111",
            "Address": "801 S Marquette Ave",
            "Address2": "802 S Marquette Ave",
            "City": "Minneapolis",
            "StateProv": "AL",
            "ZipPostalCode": "55402",
            "Country": "US",
            "Company": "QAtestQA",
            "Status": "U",
            "group_id": "150510,150458,168390,172668,173050,173106",
            "Notes": "testQAQA",
            "FullName": "QATest TestQA"
        },
        {
            "ContactId": "40247734",
            "Email": "autotest13112023001205@ybabankova.hostopia.com",
            "Salutation": "",
            "FirstName": "QATest",
            "LastName": "TestQA",
            "Phone": "6514837111",
            "Address": "801 S Marquette Ave",
            "Address2": "802 S Marquette Ave",
            "City": "Minneapolis",
            "StateProv": "AL",
            "ZipPostalCode": "55402",
            "Country": "US",
            "Company": "QAtestQA",
            "Status": "U",
            "group_id": "150510,150458,168390,172668,173050,173106",
            "Notes": "testQAQA",
            "FullName": "QATest TestQA"
        },
        {
            "ContactId": "40247736",
            "Email": "autotest13112023001434@ybabankova.hostopia.com",
            "Salutation": "",
            "FirstName": "QATest",
            "LastName": "TestQA",
            "Phone": "6514837111",
            "Address": "801 S Marquette Ave",
            "Address2": "802 S Marquette Ave",
            "City": "Minneapolis",
            "StateProv": "AL",
            "ZipPostalCode": "55402",
            "Country": "US",
            "Company": "QAtestQA",
            "Status": "U",
            "group_id": "150510,150458,168390,172668,173050,173106",
            "Notes": "testQAQA",
            "FullName": "QATest TestQA"
        },
        {
            "ContactId": "40247738",
            "Email": "autotest13112023002247@ybabankova.hostopia.com",
            "Salutation": "",
            "FirstName": "QATest",
            "LastName": "TestQA",
            "Phone": "6514837111",
            "Address": "801 S Marquette Ave",
            "Address2": "802 S Marquette Ave",
            "City": "Minneapolis",
            "StateProv": "AL",
            "ZipPostalCode": "55402",
            "Country": "US",
            "Company": "QAtestQA",
            "Status": "U",
            "group_id": "150510,150458,168390,172668,173050,173106",
            "Notes": "testQAQA",
            "FullName": "QATest TestQA"
        },
        {
            "ContactId": "40247740",
            "Email": "autotest13112023004333@ybabankova.hostopia.com",
            "Salutation": "",
            "FirstName": "QATest",
            "LastName": "TestQA",
            "Phone": "6514837111",
            "Address": "801 S Marquette Ave",
            "Address2": "802 S Marquette Ave",
            "City": "Minneapolis",
            "StateProv": "AL",
            "ZipPostalCode": "55402",
            "Country": "US",
            "Company": "QAtestQA",
            "Status": "U",
            "group_id": "150510,150458,168390,172668,173050,173106",
            "Notes": "testQAQA",
            "FullName": "QATest TestQA"
        },
        {
            "ContactId": "40247742",
            "Email": "autotest13112023004726@ybabankova.hostopia.com",
            "Salutation": "",
            "FirstName": "QATest",
            "LastName": "TestQA",
            "Phone": "6514837111",
            "Address": "801 S Marquette Ave",
            "Address2": "802 S Marquette Ave",
            "City": "Minneapolis",
            "StateProv": "AL",
            "ZipPostalCode": "55402",
            "Country": "US",
            "Company": "QAtestQA",
            "Status": "U",
            "group_id": "150510,150458,168390,172668,173050,173106",
            "Notes": "testQAQA",
            "FullName": "QATest TestQA"
        },
        {
            "ContactId": "40247744",
            "Email": "autotest13112023005252@ybabankova.hostopia.com",
            "Salutation": "",
            "FirstName": "QATest",
            "LastName": "TestQA",
            "Phone": "6514837111",
            "Address": "801 S Marquette Ave",
            "Address2": "802 S Marquette Ave",
            "City": "Minneapolis",
            "StateProv": "AL",
            "ZipPostalCode": "55402",
            "Country": "US",
            "Company": "QAtestQA",
            "Status": "U",
            "group_id": "150510,150458,168390,172668,173050,173106",
            "Notes": "testQAQA",
            "FullName": "QATest TestQA"
        },
        {
            "ContactId": "40247746",
            "Email": "autotest13112023011012@ybabankova.hostopia.com",
            "Salutation": "",
            "FirstName": "QATest",
            "LastName": "TestQA",
            "Phone": "6514837111",
            "Address": "801 S Marquette Ave",
            "Address2": "802 S Marquette Ave",
            "City": "Minneapolis",
            "StateProv": "AL",
            "ZipPostalCode": "55402",
            "Country": "US",
            "Company": "QAtestQA",
            "Status": "U",
            "group_id": "150510,150458,168390,172668,173050,173106",
            "Notes": "testQAQA",
            "FullName": "QATest TestQA"
        },
        {
            "ContactId": "40247748",
            "Email": "autotest13112023103510@ybabankova.hostopia.com",
            "Salutation": "",
            "FirstName": "QATest",
            "LastName": "TestQA",
            "Phone": "6514837111",
            "Address": "801 S Marquette Ave",
            "Address2": "802 S Marquette Ave",
            "City": "Minneapolis",
            "StateProv": "AL",
            "ZipPostalCode": "55402",
            "Country": "US",
            "Company": "QAtestQA",
            "Status": "U",
            "group_id": "150510,150458,168390,172668,173050,173106",
            "Notes": "testQAQA",
            "FullName": "QATest TestQA"
        },
        {
            "ContactId": "40247750",
            "Email": "vejefugagru-6819@yopmail.com",
            "Salutation": "",
            "FirstName": "in",
            "LastName": "in",
            "Phone": "",
            "Address": "",
            "Address2": "",
            "City": "",
            "StateProv": "",
            "ZipPostalCode": "",
            "Country": "",
            "Company": "",
            "Status": "U",
            "group_id": "150510,150458,168390,172668,173050,173106",
            "Notes": "",
            "FullName": "in in"
        },
        {
            "ContactId": "40247752",
            "Email": "queppefroiffadou-6845@yopmail.com",
            "Salutation": "",
            "FirstName": "in",
            "LastName": "in",
            "Phone": "6514837111",
            "Address": "801 S Marquette Ave",
            "Address2": "802 S Marquette Ave",
            "City": "Minneapolis",
            "StateProv": "AL",
            "ZipPostalCode": "55402",
            "Country": "US",
            "Company": "QAtest",
            "Status": "U",
            "group_id": "150510,150458,168390,172668,173050,173106",
            "Notes": "testQA",
            "FullName": "in in"
        },
        {
            "ContactId": "40247754",
            "Email": "autotest13112023144901@ybabankova.hostopia.com",
            "Salutation": "",
            "FirstName": "QATest",
            "LastName": "TestQA",
            "Phone": "6514837111",
            "Address": "801 S Marquette Ave",
            "Address2": "802 S Marquette Ave",
            "City": "Minneapolis",
            "StateProv": "AL",
            "ZipPostalCode": "55402",
            "Country": "US",
            "Company": "QAtestQA",
            "Status": "U",
            "group_id": "150510,150458,168390,172668,173050,173106",
            "Notes": "testQAQA",
            "FullName": "QATest TestQA"
        },
        {
            "ContactId": "40247756",
            "Email": "autotest13112023151349@ybabankova.hostopia.com",
            "Salutation": "",
            "FirstName": "QATest",
            "LastName": "TestQA",
            "Phone": "6514837111",
            "Address": "801 S Marquette Ave",
            "Address2": "802 S Marquette Ave",
            "City": "Minneapolis",
            "StateProv": "AL",
            "ZipPostalCode": "55402",
            "Country": "US",
            "Company": "QAtestQA",
            "Status": "U",
            "group_id": "150510,150458,168390,172668,173050,173106",
            "Notes": "testQAQA",
            "FullName": "QATest TestQA"
        },
        {
            "ContactId": "40247762",
            "Email": "autotest13112023153931@ybabankova.hostopia.com",
            "Salutation": "",
            "FirstName": "QATest",
            "LastName": "TestQA",
            "Phone": "6514837111",
            "Address": "801 S Marquette Ave",
            "Address2": "802 S Marquette Ave",
            "City": "Minneapolis",
            "StateProv": "AL",
            "ZipPostalCode": "55402",
            "Country": "US",
            "Company": "QAtestQA",
            "Status": "U",
            "group_id": "150510,150458,168390,172668,173050,173106",
            "Notes": "testQAQA",
            "FullName": "QATest TestQA"
        },
        {
            "ContactId": "40247766",
            "Email": "autotest13112023155050@ybabankova.hostopia.com",
            "Salutation": "",
            "FirstName": "QATest",
            "LastName": "TestQA",
            "Phone": "6514837111",
            "Address": "801 S Marquette Ave",
            "Address2": "802 S Marquette Ave",
            "City": "Minneapolis",
            "StateProv": "AL",
            "ZipPostalCode": "55402",
            "Country": "US",
            "Company": "QAtestQA",
            "Status": "U",
            "group_id": "150510,150458,168390,172668,173050,173106",
            "Notes": "testQAQA",
            "FullName": "QATest TestQA"
        },
        {
            "ContactId": "40247774",
            "Email": "autotest13112023160214@ybabankova.hostopia.com",
            "Salutation": "",
            "FirstName": "QATest",
            "LastName": "TestQA",
            "Phone": "6514837111",
            "Address": "801 S Marquette Ave",
            "Address2": "802 S Marquette Ave",
            "City": "Minneapolis",
            "StateProv": "AL",
            "ZipPostalCode": "55402",
            "Country": "US",
            "Company": "QAtestQA",
            "Status": "U",
            "group_id": "150510,150458,168390,172668,173050,173106",
            "Notes": "testQAQA",
            "FullName": "QATest TestQA"
        },
        {
            "ContactId": "40247776",
            "Email": "autotest13112023160254@ybabankova.hostopia.com",
            "Salutation": "",
            "FirstName": "QATest",
            "LastName": "TestQA",
            "Phone": "6514837111",
            "Address": "801 S Marquette Ave",
            "Address2": "802 S Marquette Ave",
            "City": "Minneapolis",
            "StateProv": "AL",
            "ZipPostalCode": "55402",
            "Country": "US",
            "Company": "QAtestQA",
            "Status": "U",
            "group_id": "150510,150458,168390,172668,173050,173106",
            "Notes": "testQAQA",
            "FullName": "QATest TestQA"
        },
        {
            "ContactId": "40247778",
            "Email": "autotest13112023160715@ybabankova.hostopia.com",
            "Salutation": "",
            "FirstName": "QATest",
            "LastName": "TestQA",
            "Phone": "6514837111",
            "Address": "801 S Marquette Ave",
            "Address2": "802 S Marquette Ave",
            "City": "Minneapolis",
            "StateProv": "AL",
            "ZipPostalCode": "55402",
            "Country": "US",
            "Company": "QAtestQA",
            "Status": "U",
            "group_id": "150510,150458,168390,172668,173050,173106",
            "Notes": "testQAQA",
            "FullName": "QATest TestQA"
        },
        {
            "ContactId": "40247780",
            "Email": "autotest13112023161012@ybabankova.hostopia.com",
            "Salutation": "",
            "FirstName": "QATest",
            "LastName": "TestQA",
            "Phone": "6514837111",
            "Address": "801 S Marquette Ave",
            "Address2": "802 S Marquette Ave",
            "City": "Minneapolis",
            "StateProv": "AL",
            "ZipPostalCode": "55402",
            "Country": "US",
            "Company": "QAtestQA",
            "Status": "U",
            "group_id": "150510,150458,168390,172668,173050,173106",
            "Notes": "testQAQA",
            "FullName": "QATest TestQA"
        },
        {
            "ContactId": "40247782",
            "Email": "autotest13112023161023@ybabankova.hostopia.com",
            "Salutation": "",
            "FirstName": "QATest",
            "LastName": "TestQA",
            "Phone": "6514837111",
            "Address": "801 S Marquette Ave",
            "Address2": "802 S Marquette Ave",
            "City": "Minneapolis",
            "StateProv": "AL",
            "ZipPostalCode": "55402",
            "Country": "US",
            "Company": "QAtestQA",
            "Status": "U",
            "group_id": "150510,150458,168390,172668,173050,173106",
            "Notes": "testQAQA",
            "FullName": "QATest TestQA"
        },
        {
            "ContactId": "40247784",
            "Email": "autotest13112023161054@ybabankova.hostopia.com",
            "Salutation": "",
            "FirstName": "QATest",
            "LastName": "TestQA",
            "Phone": "6514837111",
            "Address": "801 S Marquette Ave",
            "Address2": "802 S Marquette Ave",
            "City": "Minneapolis",
            "StateProv": "AL",
            "ZipPostalCode": "55402",
            "Country": "US",
            "Company": "QAtestQA",
            "Status": "U",
            "group_id": "150510,150458,168390,172668,173050,173106",
            "Notes": "testQAQA",
            "FullName": "QATest TestQA"
        },
        {
            "ContactId": "40247786",
            "Email": "autotest13112023161503@ybabankova.hostopia.com",
            "Salutation": "",
            "FirstName": "QATest",
            "LastName": "TestQA",
            "Phone": "6514837111",
            "Address": "801 S Marquette Ave",
            "Address2": "802 S Marquette Ave",
            "City": "Minneapolis",
            "StateProv": "AL",
            "ZipPostalCode": "55402",
            "Country": "US",
            "Company": "QAtestQA",
            "Status": "U",
            "group_id": "150510,150458,168390,172668,173050,173106",
            "Notes": "testQAQA",
            "FullName": "QATest TestQA"
        },
        {
            "ContactId": "40247788",
            "Email": "autotest13112023162142@ybabankova.hostopia.com",
            "Salutation": "",
            "FirstName": "QATest",
            "LastName": "TestQA",
            "Phone": "6514837111",
            "Address": "801 S Marquette Ave",
            "Address2": "802 S Marquette Ave",
            "City": "Minneapolis",
            "StateProv": "AL",
            "ZipPostalCode": "55402",
            "Country": "US",
            "Company": "QAtestQA",
            "Status": "U",
            "group_id": "150510,150458,168390,172668,173050,173106",
            "Notes": "testQAQA",
            "FullName": "QATest TestQA"
        },
        {
            "ContactId": "40247790",
            "Email": "autotest13112023163312@ybabankova.hostopia.com",
            "Salutation": "",
            "FirstName": "QATest",
            "LastName": "TestQA",
            "Phone": "6514837111",
            "Address": "801 S Marquette Ave",
            "Address2": "802 S Marquette Ave",
            "City": "Minneapolis",
            "StateProv": "AL",
            "ZipPostalCode": "55402",
            "Country": "US",
            "Company": "QAtestQA",
            "Status": "U",
            "group_id": "150510,150458,168390,172668,173050,173106",
            "Notes": "testQAQA",
            "FullName": "QATest TestQA"
        },
        {
            "ContactId": "40247792",
            "Email": "leuheuvopeume-4086@yopmail.com",
            "Salutation": "",
            "FirstName": "in",
            "LastName": "in",
            "Phone": "6514837111",
            "Address": "801 S Marquette Ave",
            "Address2": "802 S Marquette Ave",
            "City": "Minneapolis",
            "StateProv": "AL",
            "ZipPostalCode": "55402",
            "Country": "US",
            "Company": "QAtest",
            "Status": "U",
            "group_id": "150510,150458,168390,172668,173050,173106",
            "Notes": "testQA",
            "FullName": "in in"
        },
        {
            "ContactId": "40247794",
            "Email": "autotest13112023165715@ybabankova.hostopia.com",
            "Salutation": "",
            "FirstName": "QATest",
            "LastName": "TestQA",
            "Phone": "6514837111",
            "Address": "801 S Marquette Ave",
            "Address2": "802 S Marquette Ave",
            "City": "Minneapolis",
            "StateProv": "AL",
            "ZipPostalCode": "55402",
            "Country": "US",
            "Company": "QAtestQA",
            "Status": "U",
            "group_id": "150510,150458,168390,172668,173050,173106",
            "Notes": "testQAQA",
            "FullName": "QATest TestQA"
        },
        {
            "ContactId": "40247796",
            "Email": "autotest13112023171621@ybabankova.hostopia.com",
            "Salutation": "",
            "FirstName": "QATest",
            "LastName": "TestQA",
            "Phone": "6514837111",
            "Address": "801 S Marquette Ave",
            "Address2": "802 S Marquette Ave",
            "City": "Minneapolis",
            "StateProv": "AL",
            "ZipPostalCode": "55402",
            "Country": "US",
            "Company": "QAtestQA",
            "Status": "U",
            "group_id": "150510,150458,168390,172668,173050,173106",
            "Notes": "testQAQA",
            "FullName": "QATest TestQA"
        },
        {
            "ContactId": "40247800",
            "Email": "autotest13112023181441@ybabankova.hostopia.com",
            "Salutation": "",
            "FirstName": "QATest",
            "LastName": "TestQA",
            "Phone": "6514837111",
            "Address": "801 S Marquette Ave",
            "Address2": "802 S Marquette Ave",
            "City": "Minneapolis",
            "StateProv": "AL",
            "ZipPostalCode": "55402",
            "Country": "US",
            "Company": "QAtestQA",
            "Status": "U",
            "group_id": "150510,150458,168390,172668,173050,173106",
            "Notes": "testQAQA",
            "FullName": "QATest TestQA"
        },
        {
            "ContactId": "40247802",
            "Email": "autotest13112023181626@ybabankova.hostopia.com",
            "Salutation": "",
            "FirstName": "QATest",
            "LastName": "TestQA",
            "Phone": "6514837111",
            "Address": "801 S Marquette Ave",
            "Address2": "802 S Marquette Ave",
            "City": "Minneapolis",
            "StateProv": "AL",
            "ZipPostalCode": "55402",
            "Country": "US",
            "Company": "QAtestQA",
            "Status": "U",
            "group_id": "150510,150458,168390,172668,173050,173106",
            "Notes": "testQAQA",
            "FullName": "QATest TestQA"
        },
        {
            "ContactId": "40247804",
            "Email": "autotest13112023182606@ybabankova.hostopia.com",
            "Salutation": "",
            "FirstName": "QATest",
            "LastName": "TestQA",
            "Phone": "6514837111",
            "Address": "801 S Marquette Ave",
            "Address2": "802 S Marquette Ave",
            "City": "Minneapolis",
            "StateProv": "AL",
            "ZipPostalCode": "55402",
            "Country": "US",
            "Company": "QAtestQA",
            "Status": "U",
            "group_id": "150510,150458,168390,172668,173050,173106",
            "Notes": "testQAQA",
            "FullName": "QATest TestQA"
        },
        {
            "ContactId": "40247806",
            "Email": "autotest13112023183427@ybabankova.hostopia.com",
            "Salutation": "",
            "FirstName": "QATest",
            "LastName": "TestQA",
            "Phone": "6514837111",
            "Address": "801 S Marquette Ave",
            "Address2": "802 S Marquette Ave",
            "City": "Minneapolis",
            "StateProv": "AL",
            "ZipPostalCode": "55402",
            "Country": "US",
            "Company": "QAtestQA",
            "Status": "U",
            "group_id": "150510,150458,168390,172668,173050,173106",
            "Notes": "testQAQA",
            "FullName": "QATest TestQA"
        },
        {
            "ContactId": "40247808",
            "Email": "autotest13112023183526@ybabankova.hostopia.com",
            "Salutation": "",
            "FirstName": "QATest",
            "LastName": "TestQA",
            "Phone": "6514837111",
            "Address": "801 S Marquette Ave",
            "Address2": "802 S Marquette Ave",
            "City": "Minneapolis",
            "StateProv": "AL",
            "ZipPostalCode": "55402",
            "Country": "US",
            "Company": "QAtestQA",
            "Status": "U",
            "group_id": "150510,150458,168390,172668,173050,173106",
            "Notes": "testQAQA",
            "FullName": "QATest TestQA"
        },
        {
            "ContactId": "40247810",
            "Email": "autotest13112023184339@ybabankova.hostopia.com",
            "Salutation": "",
            "FirstName": "QATest",
            "LastName": "TestQA",
            "Phone": "6514837111",
            "Address": "801 S Marquette Ave",
            "Address2": "802 S Marquette Ave",
            "City": "Minneapolis",
            "StateProv": "AL",
            "ZipPostalCode": "55402",
            "Country": "US",
            "Company": "QAtestQA",
            "Status": "U",
            "group_id": "150510,150458,168390,172668,173050,173106",
            "Notes": "testQAQA",
            "FullName": "QATest TestQA"
        },
        {
            "ContactId": "40247812",
            "Email": "autotest13112023184639@ybabankova.hostopia.com",
            "Salutation": "",
            "FirstName": "QATest",
            "LastName": "TestQA",
            "Phone": "6514837111",
            "Address": "801 S Marquette Ave",
            "Address2": "802 S Marquette Ave",
            "City": "Minneapolis",
            "StateProv": "AL",
            "ZipPostalCode": "55402",
            "Country": "US",
            "Company": "QAtestQA",
            "Status": "U",
            "group_id": "150510,150458,168390,172668,173050,173106",
            "Notes": "testQAQA",
            "FullName": "QATest TestQA"
        },
        {
            "ContactId": "40247814",
            "Email": "autotest13112023184745@ybabankova.hostopia.com",
            "Salutation": "",
            "FirstName": "QATest",
            "LastName": "TestQA",
            "Phone": "6514837111",
            "Address": "801 S Marquette Ave",
            "Address2": "802 S Marquette Ave",
            "City": "Minneapolis",
            "StateProv": "AL",
            "ZipPostalCode": "55402",
            "Country": "US",
            "Company": "QAtestQA",
            "Status": "U",
            "group_id": "150510,150458,168390,172668,173050,173106",
            "Notes": "testQAQA",
            "FullName": "QATest TestQA"
        },
        {
            "ContactId": "40247860",
            "Email": "autotest14112023000934@ybabankova.hostopia.com",
            "Salutation": "",
            "FirstName": "QATest",
            "LastName": "TestQA",
            "Phone": "6514837111",
            "Address": "801 S Marquette Ave",
            "Address2": "802 S Marquette Ave",
            "City": "Minneapolis",
            "StateProv": "AL",
            "ZipPostalCode": "55402",
            "Country": "US",
            "Company": "QAtestQA",
            "Status": "U",
            "group_id": "150510,150458,168390,172668,173050,173106",
            "Notes": "testQAQA",
            "FullName": "QATest TestQA"
        },
        {
            "ContactId": "40247862",
            "Email": "autotest14112023001348@ybabankova.hostopia.com",
            "Salutation": "",
            "FirstName": "QATest",
            "LastName": "TestQA",
            "Phone": "6514837111",
            "Address": "801 S Marquette Ave",
            "Address2": "802 S Marquette Ave",
            "City": "Minneapolis",
            "StateProv": "AL",
            "ZipPostalCode": "55402",
            "Country": "US",
            "Company": "QAtestQA",
            "Status": "U",
            "group_id": "150510,150458,168390,172668,173050,173106",
            "Notes": "testQAQA",
            "FullName": "QATest TestQA"
        },
        {
            "ContactId": "40247864",
            "Email": "autotest14112023001812@ybabankova.hostopia.com",
            "Salutation": "",
            "FirstName": "QATest",
            "LastName": "TestQA",
            "Phone": "6514837111",
            "Address": "801 S Marquette Ave",
            "Address2": "802 S Marquette Ave",
            "City": "Minneapolis",
            "StateProv": "AL",
            "ZipPostalCode": "55402",
            "Country": "US",
            "Company": "QAtestQA",
            "Status": "U",
            "group_id": "150510,150458,168390,172668,173050,173106",
            "Notes": "testQAQA",
            "FullName": "QATest TestQA"
        },
        {
            "ContactId": "40247866",
            "Email": "autotest14112023001826@ybabankova.hostopia.com",
            "Salutation": "",
            "FirstName": "QATest",
            "LastName": "TestQA",
            "Phone": "6514837111",
            "Address": "801 S Marquette Ave",
            "Address2": "802 S Marquette Ave",
            "City": "Minneapolis",
            "StateProv": "AL",
            "ZipPostalCode": "55402",
            "Country": "US",
            "Company": "QAtestQA",
            "Status": "U",
            "group_id": "150510,150458,168390,172668,173050,173106",
            "Notes": "testQAQA",
            "FullName": "QATest TestQA"
        },
        {
            "ContactId": "40247868",
            "Email": "xunucullobri-1550@yopmail.com",
            "Salutation": "",
            "FirstName": "in",
            "LastName": "in",
            "Phone": "6514837111",
            "Address": "801 S Marquette Ave",
            "Address2": "802 S Marquette Ave",
            "City": "Minneapolis",
            "StateProv": "AL",
            "ZipPostalCode": "55402",
            "Country": "US",
            "Company": "QAtest",
            "Status": "U",
            "group_id": "150510,150458,168390,172668,173050,173106",
            "Notes": "testQA",
            "FullName": "in in"
        },
        {
            "ContactId": "40247870",
            "Email": "autotest14112023001938@ybabankova.hostopia.com",
            "Salutation": "",
            "FirstName": "QATest",
            "LastName": "TestQA",
            "Phone": "6514837111",
            "Address": "801 S Marquette Ave",
            "Address2": "802 S Marquette Ave",
            "City": "Minneapolis",
            "StateProv": "AL",
            "ZipPostalCode": "55402",
            "Country": "US",
            "Company": "QAtestQA",
            "Status": "U",
            "group_id": "150510,150458,168390,172668,173050,173106",
            "Notes": "testQAQA",
            "FullName": "QATest TestQA"
        },
        {
            "ContactId": "40247872",
            "Email": "autotest14112023003140@ybabankova.hostopia.com",
            "Salutation": "",
            "FirstName": "QATest",
            "LastName": "TestQA",
            "Phone": "6514837111",
            "Address": "801 S Marquette Ave",
            "Address2": "802 S Marquette Ave",
            "City": "Minneapolis",
            "StateProv": "AL",
            "ZipPostalCode": "55402",
            "Country": "US",
            "Company": "QAtestQA",
            "Status": "U",
            "group_id": "150510,150458,168390,172668,173050,173106",
            "Notes": "testQAQA",
            "FullName": "QATest TestQA"
        },
        {
            "ContactId": "40247874",
            "Email": "autotest14112023003652@ybabankova.hostopia.com",
            "Salutation": "",
            "FirstName": "QATest",
            "LastName": "TestQA",
            "Phone": "6514837111",
            "Address": "801 S Marquette Ave",
            "Address2": "802 S Marquette Ave",
            "City": "Minneapolis",
            "StateProv": "AL",
            "ZipPostalCode": "55402",
            "Country": "US",
            "Company": "QAtestQA",
            "Status": "U",
            "group_id": "150510,150458,168390,172668,173050,173106",
            "Notes": "testQAQA",
            "FullName": "QATest TestQA"
        },
        {
            "ContactId": "40247876",
            "Email": "autotest14112023003815@ybabankova.hostopia.com",
            "Salutation": "",
            "FirstName": "QATest",
            "LastName": "TestQA",
            "Phone": "6514837111",
            "Address": "801 S Marquette Ave",
            "Address2": "802 S Marquette Ave",
            "City": "Minneapolis",
            "StateProv": "AL",
            "ZipPostalCode": "55402",
            "Country": "US",
            "Company": "QAtestQA",
            "Status": "U",
            "group_id": "150510,150458,168390,172668,173050,173106",
            "Notes": "testQAQA",
            "FullName": "QATest TestQA"
        },
        {
            "ContactId": "40247878",
            "Email": "autotest14112023004259@ybabankova.hostopia.com",
            "Salutation": "",
            "FirstName": "QATest",
            "LastName": "TestQA",
            "Phone": "6514837111",
            "Address": "801 S Marquette Ave",
            "Address2": "802 S Marquette Ave",
            "City": "Minneapolis",
            "StateProv": "AL",
            "ZipPostalCode": "55402",
            "Country": "US",
            "Company": "QAtestQA",
            "Status": "U",
            "group_id": "150510,150458,168390,172668,173050,173106",
            "Notes": "testQAQA",
            "FullName": "QATest TestQA"
        },
        {
            "ContactId": "40247882",
            "Email": "autotest14112023004837@ybabankova.hostopia.com",
            "Salutation": "",
            "FirstName": "QATest",
            "LastName": "TestQA",
            "Phone": "6514837111",
            "Address": "801 S Marquette Ave",
            "Address2": "802 S Marquette Ave",
            "City": "Minneapolis",
            "StateProv": "AL",
            "ZipPostalCode": "55402",
            "Country": "US",
            "Company": "QAtestQA",
            "Status": "U",
            "group_id": "150510,150458,168390,172668,173050,173106",
            "Notes": "testQAQA",
            "FullName": "QATest TestQA"
        },
        {
            "ContactId": "40247884",
            "Email": "autotest14112023005250@ybabankova.hostopia.com",
            "Salutation": "",
            "FirstName": "QATest",
            "LastName": "TestQA",
            "Phone": "6514837111",
            "Address": "801 S Marquette Ave",
            "Address2": "802 S Marquette Ave",
            "City": "Minneapolis",
            "StateProv": "AL",
            "ZipPostalCode": "55402",
            "Country": "US",
            "Company": "QAtestQA",
            "Status": "U",
            "group_id": "150510,150458,168390,172668,173050,173106",
            "Notes": "testQAQA",
            "FullName": "QATest TestQA"
        },
        {
            "ContactId": "40247886",
            "Email": "autotest14112023005401@ybabankova.hostopia.com",
            "Salutation": "",
            "FirstName": "QATest",
            "LastName": "TestQA",
            "Phone": "6514837111",
            "Address": "801 S Marquette Ave",
            "Address2": "802 S Marquette Ave",
            "City": "Minneapolis",
            "StateProv": "AL",
            "ZipPostalCode": "55402",
            "Country": "US",
            "Company": "QAtestQA",
            "Status": "U",
            "group_id": "150510,150458,168390,172668,173050,173106",
            "Notes": "testQAQA",
            "FullName": "QATest TestQA"
        },
        {
            "ContactId": "40247888",
            "Email": "autotest14112023005557@ybabankova.hostopia.com",
            "Salutation": "",
            "FirstName": "QATest",
            "LastName": "TestQA",
            "Phone": "6514837111",
            "Address": "801 S Marquette Ave",
            "Address2": "802 S Marquette Ave",
            "City": "Minneapolis",
            "StateProv": "AL",
            "ZipPostalCode": "55402",
            "Country": "US",
            "Company": "QAtestQA",
            "Status": "U",
            "group_id": "150510,150458,168390,172668,173050,173106",
            "Notes": "testQAQA",
            "FullName": "QATest TestQA"
        },
        {
            "ContactId": "40247890",
            "Email": "autotest14112023010630@ybabankova.hostopia.com",
            "Salutation": "",
            "FirstName": "QATest",
            "LastName": "TestQA",
            "Phone": "6514837111",
            "Address": "801 S Marquette Ave",
            "Address2": "802 S Marquette Ave",
            "City": "Minneapolis",
            "StateProv": "AL",
            "ZipPostalCode": "55402",
            "Country": "US",
            "Company": "QAtestQA",
            "Status": "U",
            "group_id": "150510,150458,168390,172668,173050,173106",
            "Notes": "testQAQA",
            "FullName": "QATest TestQA"
        },
        {
            "ContactId": "40247892",
            "Email": "autotest14112023011047@ybabankova.hostopia.com",
            "Salutation": "",
            "FirstName": "QATest",
            "LastName": "TestQA",
            "Phone": "6514837111",
            "Address": "801 S Marquette Ave",
            "Address2": "802 S Marquette Ave",
            "City": "Minneapolis",
            "StateProv": "AL",
            "ZipPostalCode": "55402",
            "Country": "US",
            "Company": "QAtestQA",
            "Status": "U",
            "group_id": "150510,150458,168390,172668,173050,173106",
            "Notes": "testQAQA",
            "FullName": "QATest TestQA"
        },
        {
            "ContactId": "40247894",
            "Email": "autotest14112023011408@ybabankova.hostopia.com",
            "Salutation": "",
            "FirstName": "QATest",
            "LastName": "TestQA",
            "Phone": "6514837111",
            "Address": "801 S Marquette Ave",
            "Address2": "802 S Marquette Ave",
            "City": "Minneapolis",
            "StateProv": "AL",
            "ZipPostalCode": "55402",
            "Country": "US",
            "Company": "QAtestQA",
            "Status": "U",
            "group_id": "150510,150458,168390,172668,173050,173106",
            "Notes": "testQAQA",
            "FullName": "QATest TestQA"
        },
        {
            "ContactId": "40247896",
            "Email": "autotest14112023011718@ybabankova.hostopia.com",
            "Salutation": "",
            "FirstName": "QATest",
            "LastName": "TestQA",
            "Phone": "6514837111",
            "Address": "801 S Marquette Ave",
            "Address2": "802 S Marquette Ave",
            "City": "Minneapolis",
            "StateProv": "AL",
            "ZipPostalCode": "55402",
            "Country": "US",
            "Company": "QAtestQA",
            "Status": "U",
            "group_id": "150510,150458,168390,172668,173050,173106",
            "Notes": "testQAQA",
            "FullName": "QATest TestQA"
        },
        {
            "ContactId": "40247898",
            "Email": "autotest14112023011819@ybabankova.hostopia.com",
            "Salutation": "",
            "FirstName": "QATest",
            "LastName": "TestQA",
            "Phone": "6514837111",
            "Address": "801 S Marquette Ave",
            "Address2": "802 S Marquette Ave",
            "City": "Minneapolis",
            "StateProv": "AL",
            "ZipPostalCode": "55402",
            "Country": "US",
            "Company": "QAtestQA",
            "Status": "U",
            "group_id": "150510,150458,168390,172668,173050,173106",
            "Notes": "testQAQA",
            "FullName": "QATest TestQA"
        },
        {
            "ContactId": "40247950",
            "Email": "autotest15112023015651@ybabankova.hostopia.com",
            "Salutation": "",
            "FirstName": "QATest",
            "LastName": "TestQA",
            "Phone": "6514837111",
            "Address": "801 S Marquette Ave",
            "Address2": "802 S Marquette Ave",
            "City": "Minneapolis",
            "StateProv": "AL",
            "ZipPostalCode": "55402",
            "Country": "US",
            "Company": "QAtestQA",
            "Status": "U",
            "group_id": "150458,168390,150510,172668,173050,173106",
            "Notes": "testQAQA",
            "FullName": "QATest TestQA"
        },
        {
            "ContactId": "40247952",
            "Email": "autotest15112023020559@ybabankova.hostopia.com",
            "Salutation": "",
            "FirstName": "QATest",
            "LastName": "TestQA",
            "Phone": "6514837111",
            "Address": "801 S Marquette Ave",
            "Address2": "802 S Marquette Ave",
            "City": "Minneapolis",
            "StateProv": "AL",
            "ZipPostalCode": "55402",
            "Country": "US",
            "Company": "QAtestQA",
            "Status": "U",
            "group_id": "150458,168390,150510,172668,173050,173106",
            "Notes": "testQAQA",
            "FullName": "QATest TestQA"
        },
        {
            "ContactId": "40247954",
            "Email": "autotest15112023021102@ybabankova.hostopia.com",
            "Salutation": "",
            "FirstName": "QATest",
            "LastName": "TestQA",
            "Phone": "6514837111",
            "Address": "801 S Marquette Ave",
            "Address2": "802 S Marquette Ave",
            "City": "Minneapolis",
            "StateProv": "AL",
            "ZipPostalCode": "55402",
            "Country": "US",
            "Company": "QAtestQA",
            "Status": "U",
            "group_id": "150458,168390,150510,172668,173050,173106",
            "Notes": "testQAQA",
            "FullName": "QATest TestQA"
        },
        {
            "ContactId": "40247956",
            "Email": "autotest15112023021112@ybabankova.hostopia.com",
            "Salutation": "",
            "FirstName": "QATest",
            "LastName": "TestQA",
            "Phone": "6514837111",
            "Address": "801 S Marquette Ave",
            "Address2": "802 S Marquette Ave",
            "City": "Minneapolis",
            "StateProv": "AL",
            "ZipPostalCode": "55402",
            "Country": "US",
            "Company": "QAtestQA",
            "Status": "U",
            "group_id": "150458,168390,150510,172668,173050,173106",
            "Notes": "testQAQA",
            "FullName": "QATest TestQA"
        },
        {
            "ContactId": "40247958",
            "Email": "autotest15112023021543@ybabankova.hostopia.com",
            "Salutation": "",
            "FirstName": "QATest",
            "LastName": "TestQA",
            "Phone": "6514837111",
            "Address": "801 S Marquette Ave",
            "Address2": "802 S Marquette Ave",
            "City": "Minneapolis",
            "StateProv": "AL",
            "ZipPostalCode": "55402",
            "Country": "US",
            "Company": "QAtestQA",
            "Status": "U",
            "group_id": "150458,168390,150510,172668,173050,173106",
            "Notes": "testQAQA",
            "FullName": "QATest TestQA"
        },
        {
            "ContactId": "40247960",
            "Email": "autotest15112023021556@ybabankova.hostopia.com",
            "Salutation": "",
            "FirstName": "QATest",
            "LastName": "TestQA",
            "Phone": "6514837111",
            "Address": "801 S Marquette Ave",
            "Address2": "802 S Marquette Ave",
            "City": "Minneapolis",
            "StateProv": "AL",
            "ZipPostalCode": "55402",
            "Country": "US",
            "Company": "QAtestQA",
            "Status": "U",
            "group_id": "150458,168390,150510,172668,173050,173106",
            "Notes": "testQAQA",
            "FullName": "QATest TestQA"
        },
        {
            "ContactId": "40247962",
            "Email": "autotest15112023021904@ybabankova.hostopia.com",
            "Salutation": "",
            "FirstName": "QATest",
            "LastName": "TestQA",
            "Phone": "6514837111",
            "Address": "801 S Marquette Ave",
            "Address2": "802 S Marquette Ave",
            "City": "Minneapolis",
            "StateProv": "AL",
            "ZipPostalCode": "55402",
            "Country": "US",
            "Company": "QAtestQA",
            "Status": "U",
            "group_id": "150458,168390,150510,172668,173050,173106",
            "Notes": "testQAQA",
            "FullName": "QATest TestQA"
        },
        {
            "ContactId": "40247964",
            "Email": "autotest15112023022525@ybabankova.hostopia.com",
            "Salutation": "",
            "FirstName": "QATest",
            "LastName": "TestQA",
            "Phone": "6514837111",
            "Address": "801 S Marquette Ave",
            "Address2": "802 S Marquette Ave",
            "City": "Minneapolis",
            "StateProv": "AL",
            "ZipPostalCode": "55402",
            "Country": "US",
            "Company": "QAtestQA",
            "Status": "U",
            "group_id": "150458,168390,150510,172668,173050,173106",
            "Notes": "testQAQA",
            "FullName": "QATest TestQA"
        },
        {
            "ContactId": "40247966",
            "Email": "autotest15112023022720@ybabankova.hostopia.com",
            "Salutation": "",
            "FirstName": "QATest",
            "LastName": "TestQA",
            "Phone": "6514837111",
            "Address": "801 S Marquette Ave",
            "Address2": "802 S Marquette Ave",
            "City": "Minneapolis",
            "StateProv": "AL",
            "ZipPostalCode": "55402",
            "Country": "US",
            "Company": "QAtestQA",
            "Status": "U",
            "group_id": "150458,168390,150510,172668,173050,173106",
            "Notes": "testQAQA",
            "FullName": "QATest TestQA"
        },
        {
            "ContactId": "40247968",
            "Email": "autotest15112023022950@ybabankova.hostopia.com",
            "Salutation": "",
            "FirstName": "QATest",
            "LastName": "TestQA",
            "Phone": "6514837111",
            "Address": "801 S Marquette Ave",
            "Address2": "802 S Marquette Ave",
            "City": "Minneapolis",
            "StateProv": "AL",
            "ZipPostalCode": "55402",
            "Country": "US",
            "Company": "QAtestQA",
            "Status": "U",
            "group_id": "150458,168390,150510,172668,173050,173106",
            "Notes": "testQAQA",
            "FullName": "QATest TestQA"
        },
        {
            "ContactId": "40247970",
            "Email": "autotest15112023023237@ybabankova.hostopia.com",
            "Salutation": "",
            "FirstName": "QATest",
            "LastName": "TestQA",
            "Phone": "6514837111",
            "Address": "801 S Marquette Ave",
            "Address2": "802 S Marquette Ave",
            "City": "Minneapolis",
            "StateProv": "AL",
            "ZipPostalCode": "55402",
            "Country": "US",
            "Company": "QAtestQA",
            "Status": "U",
            "group_id": "150458,168390,150510,172668,173050,173106",
            "Notes": "testQAQA",
            "FullName": "QATest TestQA"
        },
        {
            "ContactId": "40247972",
            "Email": "autotest15112023023558@ybabankova.hostopia.com",
            "Salutation": "",
            "FirstName": "QATest",
            "LastName": "TestQA",
            "Phone": "6514837111",
            "Address": "801 S Marquette Ave",
            "Address2": "802 S Marquette Ave",
            "City": "Minneapolis",
            "StateProv": "AL",
            "ZipPostalCode": "55402",
            "Country": "US",
            "Company": "QAtestQA",
            "Status": "U",
            "group_id": "150458,168390,150510,172668,173050,173106",
            "Notes": "testQAQA",
            "FullName": "QATest TestQA"
        },
        {
            "ContactId": "40247974",
            "Email": "autotest15112023023858@ybabankova.hostopia.com",
            "Salutation": "",
            "FirstName": "QATest",
            "LastName": "TestQA",
            "Phone": "6514837111",
            "Address": "801 S Marquette Ave",
            "Address2": "802 S Marquette Ave",
            "City": "Minneapolis",
            "StateProv": "AL",
            "ZipPostalCode": "55402",
            "Country": "US",
            "Company": "QAtestQA",
            "Status": "U",
            "group_id": "150458,168390,150510,172668,173050,173106",
            "Notes": "testQAQA",
            "FullName": "QATest TestQA"
        },
        {
            "ContactId": "40247976",
            "Email": "autotest15112023024040@ybabankova.hostopia.com",
            "Salutation": "",
            "FirstName": "QATest",
            "LastName": "TestQA",
            "Phone": "6514837111",
            "Address": "801 S Marquette Ave",
            "Address2": "802 S Marquette Ave",
            "City": "Minneapolis",
            "StateProv": "AL",
            "ZipPostalCode": "55402",
            "Country": "US",
            "Company": "QAtestQA",
            "Status": "U",
            "group_id": "150458,168390,150510,172668,173050,173106",
            "Notes": "testQAQA",
            "FullName": "QATest TestQA"
        },
        {
            "ContactId": "40247978",
            "Email": "autotest15112023024416@ybabankova.hostopia.com",
            "Salutation": "",
            "FirstName": "QATest",
            "LastName": "TestQA",
            "Phone": "6514837111",
            "Address": "801 S Marquette Ave",
            "Address2": "802 S Marquette Ave",
            "City": "Minneapolis",
            "StateProv": "AL",
            "ZipPostalCode": "55402",
            "Country": "US",
            "Company": "QAtestQA",
            "Status": "U",
            "group_id": "150458,168390,150510,172668,173050,173106",
            "Notes": "testQAQA",
            "FullName": "QATest TestQA"
        },
        {
            "ContactId": "40247980",
            "Email": "autotest15112023024640@ybabankova.hostopia.com",
            "Salutation": "",
            "FirstName": "QATest",
            "LastName": "TestQA",
            "Phone": "6514837111",
            "Address": "801 S Marquette Ave",
            "Address2": "802 S Marquette Ave",
            "City": "Minneapolis",
            "StateProv": "AL",
            "ZipPostalCode": "55402",
            "Country": "US",
            "Company": "QAtestQA",
            "Status": "U",
            "group_id": "150458,168390,150510,172668,173050,173106",
            "Notes": "testQAQA",
            "FullName": "QATest TestQA"
        },
        {
            "ContactId": "40247982",
            "Email": "autotest15112023024803@ybabankova.hostopia.com",
            "Salutation": "",
            "FirstName": "QATest",
            "LastName": "TestQA",
            "Phone": "6514837111",
            "Address": "801 S Marquette Ave",
            "Address2": "802 S Marquette Ave",
            "City": "Minneapolis",
            "StateProv": "AL",
            "ZipPostalCode": "55402",
            "Country": "US",
            "Company": "QAtestQA",
            "Status": "U",
            "group_id": "150458,168390,150510,172668,173050,173106",
            "Notes": "testQAQA",
            "FullName": "QATest TestQA"
        },
        {
            "ContactId": "40247984",
            "Email": "autotest15112023024909@ybabankova.hostopia.com",
            "Salutation": "",
            "FirstName": "QATest",
            "LastName": "TestQA",
            "Phone": "6514837111",
            "Address": "801 S Marquette Ave",
            "Address2": "802 S Marquette Ave",
            "City": "Minneapolis",
            "StateProv": "AL",
            "ZipPostalCode": "55402",
            "Country": "US",
            "Company": "QAtestQA",
            "Status": "U",
            "group_id": "150458,168390,150510,172668,173050,173106",
            "Notes": "testQAQA",
            "FullName": "QATest TestQA"
        },
        {
            "ContactId": "40247986",
            "Email": "autotest15112023025205@ybabankova.hostopia.com",
            "Salutation": "",
            "FirstName": "QATest",
            "LastName": "TestQA",
            "Phone": "6514837111",
            "Address": "801 S Marquette Ave",
            "Address2": "802 S Marquette Ave",
            "City": "Minneapolis",
            "StateProv": "AL",
            "ZipPostalCode": "55402",
            "Country": "US",
            "Company": "QAtestQA",
            "Status": "U",
            "group_id": "150458,168390,150510,172668,173050,173106",
            "Notes": "testQAQA",
            "FullName": "QATest TestQA"
        },
        {
            "ContactId": "40247988",
            "Email": "autotest15112023025252@ybabankova.hostopia.com",
            "Salutation": "",
            "FirstName": "QATest",
            "LastName": "TestQA",
            "Phone": "6514837111",
            "Address": "801 S Marquette Ave",
            "Address2": "802 S Marquette Ave",
            "City": "Minneapolis",
            "StateProv": "AL",
            "ZipPostalCode": "55402",
            "Country": "US",
            "Company": "QAtestQA",
            "Status": "U",
            "group_id": "150458,168390,150510,172668,173050,173106",
            "Notes": "testQAQA",
            "FullName": "QATest TestQA"
        },
        {
            "ContactId": "40247990",
            "Email": "autotest15112023031134@ybabankova.hostopia.com",
            "Salutation": "",
            "FirstName": "QATest",
            "LastName": "TestQA",
            "Phone": "6514837111",
            "Address": "801 S Marquette Ave",
            "Address2": "802 S Marquette Ave",
            "City": "Minneapolis",
            "StateProv": "AL",
            "ZipPostalCode": "55402",
            "Country": "US",
            "Company": "QAtestQA",
            "Status": "U",
            "group_id": "150458,168390,150510,172668,173050,173106",
            "Notes": "testQAQA",
            "FullName": "QATest TestQA"
        },
        {
            "ContactId": "40247992",
            "Email": "autotest15112023032809@ybabankova.hostopia.com",
            "Salutation": "",
            "FirstName": "QATest",
            "LastName": "TestQA",
            "Phone": "6514837111",
            "Address": "801 S Marquette Ave",
            "Address2": "802 S Marquette Ave",
            "City": "Minneapolis",
            "StateProv": "AL",
            "ZipPostalCode": "55402",
            "Country": "US",
            "Company": "QAtestQA",
            "Status": "U",
            "group_id": "150458,168390,150510,172668,173050,173106",
            "Notes": "testQAQA",
            "FullName": "QATest TestQA"
        },
        {
            "ContactId": "40247994",
            "Email": "autotest15112023033552@ybabankova.hostopia.com",
            "Salutation": "",
            "FirstName": "QATest",
            "LastName": "TestQA",
            "Phone": "6514837111",
            "Address": "801 S Marquette Ave",
            "Address2": "802 S Marquette Ave",
            "City": "Minneapolis",
            "StateProv": "AL",
            "ZipPostalCode": "55402",
            "Country": "US",
            "Company": "QAtestQA",
            "Status": "U",
            "group_id": "150458,168390,150510,172668,173050,173106",
            "Notes": "testQAQA",
            "FullName": "QATest TestQA"
        },
        {
            "ContactId": "40261756",
            "Email": "test@test.com",
            "Salutation": "",
            "FirstName": "Tester2",
            "LastName": "Tester22",
            "Phone": "",
            "Address": "",
            "Address2": "",
            "City": "",
            "StateProv": "",
            "ZipPostalCode": "",
            "Country": "",
            "Company": "",
            "Status": "U",
            "group_id": "150458,168390,150510,172668,173050,173106",
            "Notes": "",
            "FullName": "Tester2 Tester22"
        },
        {
            "ContactId": "40261758",
            "Email": "test@testmicy.com",
            "Salutation": "",
            "FirstName": "FirstName",
            "LastName": "LastName",
            "Phone": "",
            "Address": "",
            "Address2": "",
            "City": "",
            "StateProv": "",
            "ZipPostalCode": "",
            "Country": "",
            "Company": "",
            "Status": "U",
            "group_id": "168390,150458,150510,172668,173050,173106",
            "Notes": "",
            "FullName": "FirstName LastName"
        },
        {
            "ContactId": "40261762",
            "Email": "test@test2.com",
            "Salutation": "",
            "FirstName": "FirstName",
            "LastName": "LastName",
            "Phone": "",
            "Address": "",
            "Address2": "",
            "City": "",
            "StateProv": "",
            "ZipPostalCode": "",
            "Country": "",
            "Company": "",
            "Status": "U",
            "group_id": "168390,150458,150510,172668,173050,173106",
            "Notes": "",
            "FullName": "FirstName LastName"
        },
        {
            "ContactId": "40264802",
            "Email": "test@tes2t.com",
            "Salutation": "",
            "FirstName": "Tester2",
            "LastName": "Tester2",
            "Phone": "",
            "Address": "",
            "Address2": "",
            "City": "",
            "StateProv": "",
            "ZipPostalCode": "",
            "Country": "",
            "Company": "",
            "Status": "U",
            "group_id": "150458,168390,150510,172668,173050,173106",
            "Notes": "",
            "FullName": "Tester2 Tester2"
        },
        {
            "ContactId": "40264810",
            "Email": "k@top.com",
            "Salutation": "",
            "FirstName": "K",
            "LastName": "Kennedy",
            "Phone": "",
            "Address": "",
            "Address2": "",
            "City": "",
            "StateProv": "",
            "ZipPostalCode": "",
            "Country": "",
            "Company": "",
            "Status": "P",
            "group_id": "150458,168390,150510,172668,173050,173106",
            "Notes": "",
            "FullName": "K Kennedy"
        },
        {
            "ContactId": "40304160",
            "Email": "test@testeehe.com",
            "Salutation": "",
            "FirstName": "FirstName",
            "LastName": "LastName",
            "Phone": "",
            "Address": "",
            "Address2": "",
            "City": "",
            "StateProv": "",
            "ZipPostalCode": "",
            "Country": "",
            "Company": "",
            "Status": "U",
            "group_id": "168390,150458,150510,172668,173050,173106",
            "Notes": "",
            "FullName": "FirstName LastName"
        },
        {
            "ContactId": "40311904",
            "Email": "test@example.com",
            "Salutation": "",
            "FirstName": "John",
            "LastName": "Doe",
            "Phone": "123-456-7890",
            "Address": "123 Main St",
            "Address2": "Suite 100",
            "City": "Anytown",
            "StateProv": "CA",
            "ZipPostalCode": "12345",
            "Country": "USA",
            "Company": "TestCompany",
            "Status": "U",
            "group_id": "150458,168390,150510,172668,173050,173106",
            "Notes": "This is a test contact",
            "FullName": "John Doe"
        },
        {
            "ContactId": "40311906",
            "Email": "testoheT@example.com",
            "Salutation": "",
            "FirstName": "John",
            "LastName": "Doe",
            "Phone": "123-456-7890",
            "Address": "123 Main St",
            "Address2": "Suite 100",
            "City": "Anytown",
            "StateProv": "CA",
            "ZipPostalCode": "12345",
            "Country": "USA",
            "Company": "TestCompany",
            "Status": "U",
            "group_id": "150458,168390,150510,172668,173050,173106",
            "Notes": "This is a test contact",
            "FullName": "John Doe"
        },
        {
            "ContactId": "40311908",
            "Email": "testTrhe@example.com",
            "Salutation": "",
            "FirstName": "John",
            "LastName": "Doe",
            "Phone": "123-456-7890",
            "Address": "123 Main St",
            "Address2": "Suite 100",
            "City": "Anytown",
            "StateProv": "CA",
            "ZipPostalCode": "12345",
            "Country": "USA",
            "Company": "TestCompany",
            "Status": "U",
            "group_id": "150458,168390,150510,172668,173050,173106",
            "Notes": "This is a test contact",
            "FullName": "John Doe"
        },
        {
            "ContactId": "40311910",
            "Email": "testoTMo@example.com",
            "Salutation": "",
            "FirstName": "John",
            "LastName": "Doe",
            "Phone": "123-456-7890",
            "Address": "123 Main St",
            "Address2": "Suite 100",
            "City": "Anytown",
            "StateProv": "CA",
            "ZipPostalCode": "12345",
            "Country": "USA",
            "Company": "TestCompany",
            "Status": "U",
            "group_id": "150458,168390,150510,172668,173050,173106",
            "Notes": "This is a test contact",
            "FullName": "John Doe"
        },
        {
            "ContactId": "40311912",
            "Email": "testMore@example.com",
            "Salutation": "",
            "FirstName": "John",
            "LastName": "Doe",
            "Phone": "123-456-7890",
            "Address": "123 Main St",
            "Address2": "Suite 100",
            "City": "Anytown",
            "StateProv": "CA",
            "ZipPostalCode": "12345",
            "Country": "USA",
            "Company": "TestCompany",
            "Status": "U",
            "group_id": "150458,168390,150510,172668,173050,173106",
            "Notes": "This is a test contact",
            "FullName": "John Doe"
        },
        {
            "ContactId": "40311914",
            "Email": "testTehT@example.com",
            "Salutation": "",
            "FirstName": "John",
            "LastName": "Doe",
            "Phone": "123-456-7890",
            "Address": "123 Main St",
            "Address2": "Suite 100",
            "City": "Anytown",
            "StateProv": "CA",
            "ZipPostalCode": "12345",
            "Country": "USA",
            "Company": "TestCompany",
            "Status": "U",
            "group_id": "150458,168390,150510,172668,173050,173106",
            "Notes": "This is a test contact",
            "FullName": "John Doe"
        },
        {
            "ContactId": "40311916",
            "Email": "testMero@example.com",
            "Salutation": "",
            "FirstName": "John",
            "LastName": "Doe",
            "Phone": "123-456-7890",
            "Address": "123 Main St",
            "Address2": "Suite 100",
            "City": "Anytown",
            "StateProv": "CA",
            "ZipPostalCode": "12345",
            "Country": "USA",
            "Company": "TestCompany",
            "Status": "U",
            "group_id": "150458,168390,150510,172668,173050,173106",
            "Notes": "This is a test contact",
            "FullName": "John Doe"
        },
        {
            "ContactId": "40311918",
            "Email": "testrreT@example.com",
            "Salutation": "",
            "FirstName": "John",
            "LastName": "Doe",
            "Phone": "123-456-7890",
            "Address": "123 Main St",
            "Address2": "Suite 100",
            "City": "Anytown",
            "StateProv": "CA",
            "ZipPostalCode": "12345",
            "Country": "USA",
            "Company": "TestCompany",
            "Status": "U",
            "group_id": "150458,168390,150510,172668,173050,173106",
            "Notes": "This is a test contact",
            "FullName": "John Doe"
        },
        {
            "ContactId": "40311920",
            "Email": "testiorM@example.com",
            "Salutation": "",
            "FirstName": "John",
            "LastName": "Doe",
            "Phone": "123-456-7890",
            "Address": "123 Main St",
            "Address2": "Suite 100",
            "City": "Anytown",
            "StateProv": "CA",
            "ZipPostalCode": "12345",
            "Country": "USA",
            "Company": "TestCompany",
            "Status": "U",
            "group_id": "150458,168390,150510,172668,173050,173106",
            "Notes": "This is a test contact",
            "FullName": "John Doe"
        },
        {
            "ContactId": "40311922",
            "Email": "testeeMi@example.com",
            "Salutation": "",
            "FirstName": "John",
            "LastName": "Doe",
            "Phone": "123-456-7890",
            "Address": "123 Main St",
            "Address2": "Suite 100",
            "City": "Anytown",
            "StateProv": "CA",
            "ZipPostalCode": "12345",
            "Country": "USA",
            "Company": "TestCompany",
            "Status": "U",
            "group_id": "150458,168390,150510,172668,173050,173106",
            "Notes": "This is a test contact",
            "FullName": "John Doe"
        },
        {
            "ContactId": "40311924",
            "Email": "testTheT@example.com",
            "Salutation": "",
            "FirstName": "John",
            "LastName": "Doe",
            "Phone": "123-456-7890",
            "Address": "123 Main St",
            "Address2": "Suite 100",
            "City": "Anytown",
            "StateProv": "CA",
            "ZipPostalCode": "12345",
            "Country": "USA",
            "Company": "TestCompany",
            "Status": "U",
            "group_id": "150458,168390,150510,172668,173050,173106",
            "Notes": "This is a test contact",
            "FullName": "John Doe"
        },
        {
            "ContactId": "40311926",
            "Email": "testeeoM@example.com",
            "Salutation": "",
            "FirstName": "John",
            "LastName": "Doe",
            "Phone": "123-456-7890",
            "Address": "123 Main St",
            "Address2": "Suite 100",
            "City": "Anytown",
            "StateProv": "CA",
            "ZipPostalCode": "12345",
            "Country": "USA",
            "Company": "TestCompany",
            "Status": "U",
            "group_id": "150458,168390,150510,172668,173050,173106",
            "Notes": "This is a test contact",
            "FullName": "John Doe"
        },
        {
            "ContactId": "40311928",
            "Email": "testehhe@example.com",
            "Salutation": "",
            "FirstName": "John",
            "LastName": "Doe",
            "Phone": "123-456-7890",
            "Address": "123 Main St",
            "Address2": "Suite 100",
            "City": "Anytown",
            "StateProv": "CA",
            "ZipPostalCode": "12345",
            "Country": "USA",
            "Company": "TestCompany",
            "Status": "U",
            "group_id": "150458,168390,150510,172668,173050,173106",
            "Notes": "This is a test contact",
            "FullName": "John Doe"
        },
        {
            "ContactId": "40311930",
            "Email": "testrThM@example.com",
            "Salutation": "",
            "FirstName": "John",
            "LastName": "Doe",
            "Phone": "123-456-7890",
            "Address": "123 Main St",
            "Address2": "Suite 100",
            "City": "Anytown",
            "StateProv": "CA",
            "ZipPostalCode": "12345",
            "Country": "USA",
            "Company": "TestCompany",
            "Status": "U",
            "group_id": "150458,168390,150510,172668,173050,173106",
            "Notes": "This is a test contact",
            "FullName": "John Doe"
        },
        {
            "ContactId": "40311932",
            "Email": "testheri@example.com",
            "Salutation": "",
            "FirstName": "John",
            "LastName": "Doe",
            "Phone": "123-456-7890",
            "Address": "123 Main St",
            "Address2": "Suite 100",
            "City": "Anytown",
            "StateProv": "CA",
            "ZipPostalCode": "12345",
            "Country": "USA",
            "Company": "TestCompany",
            "Status": "U",
            "group_id": "150458,168390,150510,172668,173050,173106",
            "Notes": "This is a test contact",
            "FullName": "John Doe"
        },
        {
            "ContactId": "40311934",
            "Email": "testeTiT@example.com",
            "Salutation": "",
            "FirstName": "John",
            "LastName": "Doe",
            "Phone": "123-456-7890",
            "Address": "123 Main St",
            "Address2": "Suite 100",
            "City": "Anytown",
            "StateProv": "CA",
            "ZipPostalCode": "12345",
            "Country": "USA",
            "Company": "TestCompany",
            "Status": "U",
            "group_id": "150458,168390,150510,172668,173050,173106",
            "Notes": "This is a test contact",
            "FullName": "John Doe"
        },
        {
            "ContactId": "40311936",
            "Email": "testiree@example.com",
            "Salutation": "",
            "FirstName": "John",
            "LastName": "Doe",
            "Phone": "123-456-7890",
            "Address": "123 Main St",
            "Address2": "Suite 100",
            "City": "Anytown",
            "StateProv": "CA",
            "ZipPostalCode": "12345",
            "Country": "USA",
            "Company": "TestCompany",
            "Status": "U",
            "group_id": "150458,168390,150510,172668,173050,173106",
            "Notes": "This is a test contact",
            "FullName": "John Doe"
        },
        {
            "ContactId": "40311938",
            "Email": "testrrTM@example.com",
            "Salutation": "",
            "FirstName": "John",
            "LastName": "Doe",
            "Phone": "123-456-7890",
            "Address": "123 Main St",
            "Address2": "Suite 100",
            "City": "Anytown",
            "StateProv": "CA",
            "ZipPostalCode": "12345",
            "Country": "USA",
            "Company": "TestCompany",
            "Status": "U",
            "group_id": "150458,168390,150510,172668,173050,173106",
            "Notes": "This is a test contact",
            "FullName": "John Doe"
        },
        {
            "ContactId": "40311942",
            "Email": "testhreT@example.com",
            "Salutation": "",
            "FirstName": "John",
            "LastName": "Doe",
            "Phone": "123-456-7890",
            "Address": "123 Main St",
            "Address2": "Suite 100",
            "City": "Anytown",
            "StateProv": "CA",
            "ZipPostalCode": "12345",
            "Country": "USA",
            "Company": "TestCompany",
            "Status": "U",
            "group_id": "150458,168390,150510,172668,173050,173106",
            "Notes": "This is a test contact",
            "FullName": "John Doe"
        },
        {
            "ContactId": "40311948",
            "Email": "testMeTh@example.com",
            "Salutation": "",
            "FirstName": "Changed",
            "LastName": "Changed",
            "Phone": "Changed23",
            "Address": "Changed",
            "Address2": "Changed",
            "City": "Changed",
            "StateProv": "Changed",
            "ZipPostalCode": "Changed",
            "Country": "Changed",
            "Company": "Changed",
            "Status": "U",
            "group_id": "150458,168390,150510,172668,173050,173106",
            "Notes": "Changed",
            "FullName": "Changed Changed"
        },
        {
            "ContactId": "40311952",
            "Email": "testhieT@example.com",
            "Salutation": "",
            "FirstName": "John",
            "LastName": "Doe",
            "Phone": "123-456-7890",
            "Address": "123 Main St",
            "Address2": "Suite 100",
            "City": "Anytown",
            "StateProv": "CA",
            "ZipPostalCode": "12345",
            "Country": "USA",
            "Company": "TestCompany",
            "Status": "U",
            "group_id": "150458,168390,150510,172668,173050,173106",
            "Notes": "This is a test contact",
            "FullName": "John Doe"
        },
        {
            "ContactId": "40311954",
            "Email": "testMoer@example.com",
            "Salutation": "",
            "FirstName": "John",
            "LastName": "Doe",
            "Phone": "123-456-7890",
            "Address": "123 Main St",
            "Address2": "Suite 100",
            "City": "Anytown",
            "StateProv": "CA",
            "ZipPostalCode": "12345",
            "Country": "USA",
            "Company": "TestCompany",
            "Status": "U",
            "group_id": "150458,168390,150510,172668,173050,173106",
            "Notes": "This is a test contact",
            "FullName": "John Doe"
        },
        {
            "ContactId": "40311970",
            "Email": "testeeeM@example.com",
            "Salutation": "",
            "FirstName": "John",
            "LastName": "Doe",
            "Phone": "123-456-7890",
            "Address": "123 Main St",
            "Address2": "Suite 100",
            "City": "Anytown",
            "StateProv": "CA",
            "ZipPostalCode": "12345",
            "Country": "USA",
            "Company": "TestCompany",
            "Status": "U",
            "group_id": "150458,168390,150510,172668,173050,173106",
            "Notes": "This is a test contact",
            "FullName": "John Doe"
        },
        {
            "ContactId": "40312004",
            "Email": "testoieM@example.com",
            "Salutation": "",
            "FirstName": "Changed",
            "LastName": "Changed",
            "Phone": "Changed",
            "Address": "Changed",
            "Address2": "Changed",
            "City": "Changed",
            "StateProv": "Changed",
            "ZipPostalCode": "Changed",
            "Country": "Changed",
            "Company": "Changed",
            "Status": "U",
            "group_id": "150458,168390,150510,172668,173050,173106",
            "Notes": "Changed",
            "FullName": "Changed Changed"
        },
        {
            "ContactId": "40313162",
            "Email": "testrreerM@example.com",
            "Salutation": "",
            "FirstName": "John",
            "LastName": "Doe",
            "Phone": "123-456-7890",
            "Address": "123 Main St",
            "Address2": "Suite 100",
            "City": "Anytown",
            "StateProv": "CA",
            "ZipPostalCode": "12345",
            "Country": "USA",
            "Company": "TestCompany",
            "Status": "U",
            "group_id": "173050,150458,168390,173106",
            "Notes": "This is a test contact",
            "FullName": "John Doe"
        },
        {
            "ContactId": "40315054",
            "Email": "testrohere@example.com",
            "Salutation": "",
            "FirstName": "John",
            "LastName": "Doe",
            "Phone": "123-456-7890",
            "Address": "123 Main St",
            "Address2": "Suite 100",
            "City": "Anytown",
            "StateProv": "CA",
            "ZipPostalCode": "12345",
            "Country": "USA",
            "Company": "TestCompany",
            "Status": "U",
            "group_id": "173106,150458,168390",
            "Notes": "This is a test contact",
            "FullName": "John Doe"
        }
    ],
    "Count": 154,
    "Success": 1
}
Domain Response:                     <html>
                        <head>
                            <title>202 Accepted</title>
                        </head>
                        <body>
                            <h1>Authorization accepted</h1>
                        </body>
                    </html>
Generated UserCard: %7B%22keyid%22%3A3%2C%22card%22%3A%222iD%5C%2FAF4CTTcdnz8Z17ptcGq0aR4amPnMnOSNFNlycGfpAi6CarelbhhVT7P5UItpDcwkX9W2hAMP%2BcU7XBSKF9UFla8dPV5Fa3o8nN6BHOfwtZEDpwjaYVjUNN%5C%2FL2GhfSYEDHI1n6QZGJ%2BaROCIYIV8jjGwSCtUXLlDxrzjz6ZHPD6fY8U3naieNuYtis603OTKZrn814KwS6cesO9zU7dItn1h4uWh6%2Bh6HQ%5C%2FmiO2NUji81j%5C%2FMaHPK9E%2BN0UkEiPE0uBM8dixSJx9brFOo1Sq8i8KQE8QuWLMynlfLHWsVw6wxvenrdZ8J%5C%2FYUvhKmBKvZmXBcWchphcqGW0iaAIHbot7YX5hRSNZjVJmsoXUvnGXzic20Fxr8ik9fy7rn9MFEmiTBWayVVk5wdWGCXG%2BGM24YuhMAakh7GJlBhTh5LkY7W4bgehUDqhaVV30Uv0UhAPZ42pWfXyhwTAnceLlVduKwJFjI4RiiEMHPKQDWn3l6spS1ZnHBmNDZFhZzapE%2BZTMF1jITTAbDccPpSAUcANuhNkGxMlFK5HFrKol1dCLR0LyFsbF5J05%2BgUAfO6YOAQDjcVndZWtq3R73whr3dAaoLx7E1ln2iVQziB3u2rUzpzU%5C%2FjfdYTtL%2BWAHFG3I4nxvJY821g%2B4%5C%2FAyJaZsqEoTIkvxuuKSuAxIX%5C%2Fc8EiG7mgfoGFBxpwSDNUAuuHA1sj4JNCB6FMxW2lJc5jVgC9pWFcNZ3GCVVlaqJ64oI8KSLWje5qf9NXDW9YUFw%2BkHn6ayHkO6a9uPQHSuXpmEaShiUnBmtPgtI9tI3tgeEhmgMv28HSzMr4x0H0lvtZQ8BEXALAPeNtlzpHgFHB2jVzRKLOmbwqLl1fvcU3Q2ZPxS11nOl4xOxGeSS6Apmg264yiPbyEDaDj%5C%2FpExK6tmrp4cnGerSymLuoyrvJXvYJKSoyWGyvmm5VpdsaU25%2B%5C%2Fy8AhsEw3uH88nsltsT%2BSkRwYTGxJJqJ6V5fP54Fyv0oUlWD%5C%2FKC3scY3emNc3z9VzeiyskjYaLRuy1Jo1usKJ4VrNp5h4KsyMEsaeKpwf%5C%2FhIe1v%2Bi4Yqj0iRUSLb9qUux5h5mhgg7kTZ34q69X5L8KmZp0%5C%2FIjt95j5xn%2B4Zi8XQxAAmSRnu%2Bku22KaSXRKzx%5C%2F4Est6i1iyV6k6etX%5C%2FOSrp7Q50O4e2yUYTRxX%5C%2FWnK5ceCum2zQJ5tinZnM4L2jK8LquoYMz5RxA2ijM0sfxpt3X7YT54%5C%2FEc%5C%2F%2B0xD9F7SC8MGJGSO4Pa6btXHDM7JsFh8BhdLV%2BwkCbk%5C%2Fv6Je1GhUmHlSbJu2%5C%2F%5C%2FpQ1uDZWdkDq5zMrY2cC9AFFiPI0W%5C%2FKPm1T3ihtWHKpH%5C%2FXLGQsa5tyGcitf9k%2BVLp2w1LN3A2ru091oMsaI%2BHv69Jh1wKu4lG%5C%2Fm9Ml%22%2C%22user%22%3A%22TE1515715%22%2C%22lang%22%3A%22al%22%2C%22langcode%22%3A%22sq_AL_FO%22%2C%22keys%22%3A%22ACCOUNT%22%2C%22level%22%3A%22500%22%2C%22status%22%3A%22OK%22%2C%22accountid%22%3A%221515715%22%2C%22hostopianid%22%3A%222519%22%2C%22portaluname%22%3A%22qatest-2519-04042019-NE2RuXa-new-yc%40ychekulaeva.hostopia.com%22%2C%22domain%22%3A%22qatest-2519-04042019-ne2ruxa.com%22%2C%22customloginurl%22%3A%22http%3A%5C%2F%5C%2Fwww.telmex.com%5C%2Fcloud%22%7D
Generated AccessToken: eyJ0eXAiOiJKV1QiLCJhbGciOiJIUzI1NiJ9.eyJoYXNoIjoiZmVmZGU2NzM1OTUxMGQ5YTU5NzgxZTY2NmVhMzlmNGVmN2IxZmYwMTZmZmQ1ZTg3ODIyMTYzODhjNjE0MTRlMiIsImV4cCI6MTcyNjc2MTc5N30.X3YpxPDiNfJQIy_XATAvDb63hZn8tSFj_uEQlEQzny4
HTTP/1.1 200 OK
Date: Thu, 19 Sep 2024 15:58:18 GMT
Server: Apache
X-HAPI-TOKEN-FAIL: no cookie
X-Content-Type-Options: nosniff
X-Frame-Options: SAMEORIGIN
X-XSS-Protection: 1; mode=block
Strict-Transport-Security: max-age=31536000; includeSubDomains
Content-Length: 80
Content-Type: application/json
Keep-Alive: timeout=5, max=100
Connection: Keep-Alive

{
    "list": {
        "Name": "rhhhrr",
        "ListId": "173110",
        "default": "0",
        "Count": 0
    },
    "Success": 1
}
Response Body: {"list":{"Name":"rhhhrr","ListId":"173110","default":"0","Count":0},"Success":1}
ListId = 173110
HTTP/1.1 200 OK
Date: Thu, 19 Sep 2024 15:58:20 GMT
Server: Apache
X-HAPI-TOKEN-FAIL: no cookie
X-Content-Type-Options: nosniff
X-Frame-Options: SAMEORIGIN
X-XSS-Protection: 1; mode=block
Strict-Transport-Security: max-age=31536000; includeSubDomains
Content-Length: 13
Content-Type: application/json
Keep-Alive: timeout=5, max=100
Connection: Keep-Alive

{
    "Success": 1
}
Domain Response:                     <html>
                        <head>
                            <title>202 Accepted</title>
                        </head>
                        <body>
                            <h1>Authorization accepted</h1>
                        </body>
                    </html>
Generated UserCard: %7B%22keyid%22%3A3%2C%22card%22%3A%22Fnp3Xsu8X%2Bh0jttGRjc3s9cAAjG6YqDoVFKFqCpPXzZ9TkWHwjfqCzyHouOeBmVhaGmxc1WeTGuExMFVjXHsEtM1nK1xStj5sb7kDX%5C%2FrypTN%2BXCdniJSiEyMatcrnhCxouLYwzNk6vfR8XPJ4ngm8MJMgX7MrktagLN0N7lVd7D9drgz2siKZ6uR%2BpPui0rOv3ElzewlYsNB9FRHxRIuQcsyPSu74bAoUOCmgLiwN6WfSuKcW0Kxo7L%5C%2FbvrTUv0CkalAlTj9j8EaU8F5drmFWiSW8uNTnl4Op5GEyCde1WX9taR9PbN%5C%2F%2BsrONOKgbJ3Frk5f4O1ISHcZIHrIJrpoI1q11nZYO1Fj8uNQKPQ8BIBTg7Dl6H90j5dRyBNjV0Vgi3dPbj2VFnfi9Bd1EpKc%2Bqib%5C%2Fe%5C%2FHM4R19TDbLewbMPkUSlgLEEJhUU%5C%2F1wZGsuo%2BD9230bDst3TNu6RpLi3iy%5C%2FTDbh764Lbmv15Ar5p44MaCRxuQ3lNafy4ERWZn8gpi1yl0AxzaFj%2Bg4L3emn%2BqIZG9MZPCP5J8FkCUkZolKLmNq5CMn5rNQcoQF1X0FCODvQcCFsay7rjw5JdY9QiU5b5jbn%2B1XVcu7yne%5C%2FFQjPeCnJHGbOjqnvfqj5QO929nG%2BEwDB27mvKBnXcm%5C%2F%5C%2FhZXZQbP9BiujsjTFaQsyrirBh6yIBp8B4haBxdJUvEiA0MuqggHrx34K6vSzIouAlu1dd1Vn3c3iMjZP7csVcsnxxRw9UaNoz%5C%2F6Bzkw2Ger40oh%2Bri2EmtWl%5C%2Feu4UVYIRQsTkfC4PuAM8fZGMvfhzgZd2c8XZPxuf0Vky46xKNaIt4%5C%2FhMOMndzG3XasX5q7Pyy01dhZhin%2BFSq2q3gr2cy5C%5C%2FH50gMcvG4GrN%5C%2F8BRfRdkZbgwlht2QzODkHvR57RdFlAjT4qOlz%2B66tI4FtBYrp8bnN3YvSyABGI9ItGxZJTUjlyk091AtWdkquv1Nz7rsrMST8W2LGsjTitiQ%2B6AGpYwN%5C%2F7%2BMQhD0T9vEzu7uTp%2BJ7tZBE98rbXKkKNk4CitXf8ukIa7Y68wBU1l9oQWAA2y4YthXPgH56kWYH43nt6LxM%2BPLOJDUZk1zS4inCKsCuPHNlvokissXFzqedfmrx5GC9LcE%2BOlA3qBvhp%2Bf%2BXOBeqtCt4v%5C%2FpYRUa2tDPR2aqAgTiAedXtvbwsmkOwmDqGHYzI1zc39hyfm1a2LOY%2BYCaHYzvyn0TXifUWJRYFKJVVgUTU8PjgL6cU4ntnyrkI04tkNWRDmxmWRtUYixbZfiBkUC0FNYf80C9rFpucWiRXjHSf4COYzjtUXId5kUgRWuibiw%5C%2F4GIpCZ94c%5C%2F1SduLGb4RoAKDrnoUAc7yRC%2BHR362d1pKAP4kgGuxVCujBjggmM3UV6zTfAf7pvpm60r2Ox%22%2C%22user%22%3A%22TE1515715%22%2C%22lang%22%3A%22al%22%2C%22langcode%22%3A%22sq_AL_FO%22%2C%22keys%22%3A%22ACCOUNT%22%2C%22level%22%3A%22500%22%2C%22status%22%3A%22OK%22%2C%22accountid%22%3A%221515715%22%2C%22hostopianid%22%3A%222519%22%2C%22portaluname%22%3A%22qatest-2519-04042019-NE2RuXa-new-yc%40ychekulaeva.hostopia.com%22%2C%22domain%22%3A%22qatest-2519-04042019-ne2ruxa.com%22%2C%22customloginurl%22%3A%22http%3A%5C%2F%5C%2Fwww.telmex.com%5C%2Fcloud%22%7D
Generated AccessToken: eyJ0eXAiOiJKV1QiLCJhbGciOiJIUzI1NiJ9.eyJoYXNoIjoiMjZkY2YwNmM4ZWJiMzliNDI1MzIzMzY4ZmZhZTkyOTBhNTlmZTk1MDhhZGIwNmQ4NGMyYWQwYThjNGQ1MTBiOCIsImV4cCI6MTcyNjc2MTgwM30.nXxAZql1VmJ1yE0ihfzD1q3FA394N996rM2inqUIyj8
]]></system-out>
  <system-err><![CDATA[]]></system-err>
</testsuite>
